[0.086s] DEBUG:colcon:Command line arguments: ['/usr/bin/colcon', 'build']
[0.086s] DEBUG:colcon:Parsed command line arguments: Namespace(log_base=None, log_level=None, verb_name='build', build_base='build', install_base='install', merge_install=False, symlink_install=False, test_result_base=None, continue_on_error=False, executor='parallel', parallel_workers=8, event_handlers=None, ignore_user_meta=False, metas=['./colcon.meta'], base_paths=['.'], packages_ignore=None, packages_ignore_regex=None, paths=None, packages_up_to=None, packages_up_to_regex=None, packages_above=None, packages_above_and_dependencies=None, packages_above_depth=None, packages_select_by_dep=None, packages_skip_by_dep=None, packages_skip_up_to=None, packages_select_build_failed=False, packages_skip_build_finished=False, packages_select_test_failures=False, packages_skip_test_passed=False, packages_select=None, packages_skip=None, packages_select_regex=None, packages_skip_regex=None, packages_start=None, packages_end=None, allow_overriding=[], cmake_args=None, cmake_target=None, cmake_target_skip_unavailable=False, cmake_clean_cache=False, cmake_clean_first=False, cmake_force_configure=False, ament_cmake_args=None, catkin_cmake_args=None, catkin_skip_building_tests=False, verb_parser=<colcon_defaults.argument_parser.defaults.DefaultArgumentsDecorator object at 0x769f82bf4d60>, verb_extension=<colcon_core.verb.build.BuildVerb object at 0x769f82d39a80>, main=<bound method BuildVerb.main of <colcon_core.verb.build.BuildVerb object at 0x769f82d39a80>>)
[0.221s] Level 1:colcon.colcon_core.package_discovery:discover_packages(colcon_meta) check parameters
[0.221s] Level 1:colcon.colcon_core.package_discovery:discover_packages(recursive) check parameters
[0.221s] Level 1:colcon.colcon_core.package_discovery:discover_packages(ignore) check parameters
[0.221s] Level 1:colcon.colcon_core.package_discovery:discover_packages(path) check parameters
[0.221s] Level 1:colcon.colcon_core.package_discovery:discover_packages(colcon_meta) discover
[0.221s] Level 1:colcon.colcon_core.package_discovery:discover_packages(recursive) discover
[0.221s] INFO:colcon.colcon_core.package_discovery:Crawling recursively for packages in '/home/daniel/robotica/ros2_ws_2402'
[0.221s] Level 1:colcon.colcon_core.package_identification:_identify(.) by extensions ['ignore', 'ignore_ament_install']
[0.221s] Level 1:colcon.colcon_core.package_identification:_identify(.) by extension 'ignore'
[0.221s] Level 1:colcon.colcon_core.package_identification:_identify(.) by extension 'ignore_ament_install'
[0.221s] Level 1:colcon.colcon_core.package_identification:_identify(.) by extensions ['colcon_pkg']
[0.221s] Level 1:colcon.colcon_core.package_identification:_identify(.) by extension 'colcon_pkg'
[0.221s] Level 1:colcon.colcon_core.package_identification:_identify(.) by extensions ['colcon_meta']
[0.221s] Level 1:colcon.colcon_core.package_identification:_identify(.) by extension 'colcon_meta'
[0.221s] Level 1:colcon.colcon_core.package_identification:_identify(.) by extensions ['ros']
[0.221s] Level 1:colcon.colcon_core.package_identification:_identify(.) by extension 'ros'
[0.230s] Level 1:colcon.colcon_core.package_identification:_identify(.) by extensions ['cmake', 'python']
[0.230s] Level 1:colcon.colcon_core.package_identification:_identify(.) by extension 'cmake'
[0.230s] Level 1:colcon.colcon_core.package_identification:_identify(.) by extension 'python'
[0.230s] Level 1:colcon.colcon_core.package_identification:_identify(.) by extensions ['python_setup_py']
[0.230s] Level 1:colcon.colcon_core.package_identification:_identify(.) by extension 'python_setup_py'
[0.231s] Level 1:colcon.colcon_core.package_identification:_identify(build) by extensions ['ignore', 'ignore_ament_install']
[0.231s] Level 1:colcon.colcon_core.package_identification:_identify(build) by extension 'ignore'
[0.231s] Level 1:colcon.colcon_core.package_identification:_identify(build) ignored
[0.231s] Level 1:colcon.colcon_core.package_identification:_identify(install) by extensions ['ignore', 'ignore_ament_install']
[0.231s] Level 1:colcon.colcon_core.package_identification:_identify(install) by extension 'ignore'
[0.231s] Level 1:colcon.colcon_core.package_identification:_identify(install) ignored
[0.231s] Level 1:colcon.colcon_core.package_identification:_identify(log) by extensions ['ignore', 'ignore_ament_install']
[0.231s] Level 1:colcon.colcon_core.package_identification:_identify(log) by extension 'ignore'
[0.231s] Level 1:colcon.colcon_core.package_identification:_identify(log) ignored
[0.231s] Level 1:colcon.colcon_core.package_identification:_identify(src) by extensions ['ignore', 'ignore_ament_install']
[0.231s] Level 1:colcon.colcon_core.package_identification:_identify(src) by extension 'ignore'
[0.231s] Level 1:colcon.colcon_core.package_identification:_identify(src) by extension 'ignore_ament_install'
[0.231s] Level 1:colcon.colcon_core.package_identification:_identify(src) by extensions ['colcon_pkg']
[0.231s] Level 1:colcon.colcon_core.package_identification:_identify(src) by extension 'colcon_pkg'
[0.231s] Level 1:colcon.colcon_core.package_identification:_identify(src) by extensions ['colcon_meta']
[0.232s] Level 1:colcon.colcon_core.package_identification:_identify(src) by extension 'colcon_meta'
[0.232s] Level 1:colcon.colcon_core.package_identification:_identify(src) by extensions ['ros']
[0.232s] Level 1:colcon.colcon_core.package_identification:_identify(src) by extension 'ros'
[0.232s] Level 1:colcon.colcon_core.package_identification:_identify(src) by extensions ['cmake', 'python']
[0.232s] Level 1:colcon.colcon_core.package_identification:_identify(src) by extension 'cmake'
[0.232s] Level 1:colcon.colcon_core.package_identification:_identify(src) by extension 'python'
[0.232s] Level 1:colcon.colcon_core.package_identification:_identify(src) by extensions ['python_setup_py']
[0.232s] Level 1:colcon.colcon_core.package_identification:_identify(src) by extension 'python_setup_py'
[0.232s] Level 1:colcon.colcon_core.package_identification:_identify(src/car_move_pkg_gbb) by extensions ['ignore', 'ignore_ament_install']
[0.232s] Level 1:colcon.colcon_core.package_identification:_identify(src/car_move_pkg_gbb) by extension 'ignore'
[0.232s] Level 1:colcon.colcon_core.package_identification:_identify(src/car_move_pkg_gbb) by extension 'ignore_ament_install'
[0.232s] Level 1:colcon.colcon_core.package_identification:_identify(src/car_move_pkg_gbb) by extensions ['colcon_pkg']
[0.232s] Level 1:colcon.colcon_core.package_identification:_identify(src/car_move_pkg_gbb) by extension 'colcon_pkg'
[0.232s] Level 1:colcon.colcon_core.package_identification:_identify(src/car_move_pkg_gbb) by extensions ['colcon_meta']
[0.232s] Level 1:colcon.colcon_core.package_identification:_identify(src/car_move_pkg_gbb) by extension 'colcon_meta'
[0.232s] Level 1:colcon.colcon_core.package_identification:_identify(src/car_move_pkg_gbb) by extensions ['ros']
[0.232s] Level 1:colcon.colcon_core.package_identification:_identify(src/car_move_pkg_gbb) by extension 'ros'
[0.234s] DEBUG:colcon.colcon_core.package_identification:Package 'src/car_move_pkg_gbb' with type 'ros.ament_python' and name 'car_move_pkg_gbb'
[0.234s] Level 1:colcon.colcon_core.package_identification:_identify(src/car_poscontrol_pkg) by extensions ['ignore', 'ignore_ament_install']
[0.234s] Level 1:colcon.colcon_core.package_identification:_identify(src/car_poscontrol_pkg) by extension 'ignore'
[0.234s] Level 1:colcon.colcon_core.package_identification:_identify(src/car_poscontrol_pkg) by extension 'ignore_ament_install'
[0.234s] Level 1:colcon.colcon_core.package_identification:_identify(src/car_poscontrol_pkg) by extensions ['colcon_pkg']
[0.234s] Level 1:colcon.colcon_core.package_identification:_identify(src/car_poscontrol_pkg) by extension 'colcon_pkg'
[0.234s] Level 1:colcon.colcon_core.package_identification:_identify(src/car_poscontrol_pkg) by extensions ['colcon_meta']
[0.234s] Level 1:colcon.colcon_core.package_identification:_identify(src/car_poscontrol_pkg) by extension 'colcon_meta'
[0.234s] Level 1:colcon.colcon_core.package_identification:_identify(src/car_poscontrol_pkg) by extensions ['ros']
[0.234s] Level 1:colcon.colcon_core.package_identification:_identify(src/car_poscontrol_pkg) by extension 'ros'
[0.235s] DEBUG:colcon.colcon_core.package_identification:Package 'src/car_poscontrol_pkg' with type 'ros.ament_python' and name 'car_poscontrol_pkg'
[0.235s] Level 1:colcon.colcon_core.package_identification:_identify(src/joint_state_pkg_g00) by extensions ['ignore', 'ignore_ament_install']
[0.235s] Level 1:colcon.colcon_core.package_identification:_identify(src/joint_state_pkg_g00) by extension 'ignore'
[0.235s] Level 1:colcon.colcon_core.package_identification:_identify(src/joint_state_pkg_g00) by extension 'ignore_ament_install'
[0.235s] Level 1:colcon.colcon_core.package_identification:_identify(src/joint_state_pkg_g00) by extensions ['colcon_pkg']
[0.235s] Level 1:colcon.colcon_core.package_identification:_identify(src/joint_state_pkg_g00) by extension 'colcon_pkg'
[0.235s] Level 1:colcon.colcon_core.package_identification:_identify(src/joint_state_pkg_g00) by extensions ['colcon_meta']
[0.235s] Level 1:colcon.colcon_core.package_identification:_identify(src/joint_state_pkg_g00) by extension 'colcon_meta'
[0.235s] Level 1:colcon.colcon_core.package_identification:_identify(src/joint_state_pkg_g00) by extensions ['ros']
[0.235s] Level 1:colcon.colcon_core.package_identification:_identify(src/joint_state_pkg_g00) by extension 'ros'
[0.236s] DEBUG:colcon.colcon_core.package_identification:Package 'src/joint_state_pkg_g00' with type 'ros.ament_python' and name 'joint_state_pkg_g00'
[0.236s] Level 1:colcon.colcon_core.package_identification:_identify(src/launch_pkg_gbb) by extensions ['ignore', 'ignore_ament_install']
[0.236s] Level 1:colcon.colcon_core.package_identification:_identify(src/launch_pkg_gbb) by extension 'ignore'
[0.236s] Level 1:colcon.colcon_core.package_identification:_identify(src/launch_pkg_gbb) by extension 'ignore_ament_install'
[0.236s] Level 1:colcon.colcon_core.package_identification:_identify(src/launch_pkg_gbb) by extensions ['colcon_pkg']
[0.236s] Level 1:colcon.colcon_core.package_identification:_identify(src/launch_pkg_gbb) by extension 'colcon_pkg'
[0.236s] Level 1:colcon.colcon_core.package_identification:_identify(src/launch_pkg_gbb) by extensions ['colcon_meta']
[0.236s] Level 1:colcon.colcon_core.package_identification:_identify(src/launch_pkg_gbb) by extension 'colcon_meta'
[0.236s] Level 1:colcon.colcon_core.package_identification:_identify(src/launch_pkg_gbb) by extensions ['ros']
[0.236s] Level 1:colcon.colcon_core.package_identification:_identify(src/launch_pkg_gbb) by extension 'ros'
[0.236s] DEBUG:colcon.colcon_core.package_identification:Package 'src/launch_pkg_gbb' with type 'ros.ament_python' and name 'launch_pkg_gbb'
[0.237s] Level 1:colcon.colcon_core.package_identification:_identify(src/modelrobot_pkg_gbb) by extensions ['ignore', 'ignore_ament_install']
[0.237s] Level 1:colcon.colcon_core.package_identification:_identify(src/modelrobot_pkg_gbb) by extension 'ignore'
[0.237s] Level 1:colcon.colcon_core.package_identification:_identify(src/modelrobot_pkg_gbb) by extension 'ignore_ament_install'
[0.237s] Level 1:colcon.colcon_core.package_identification:_identify(src/modelrobot_pkg_gbb) by extensions ['colcon_pkg']
[0.237s] Level 1:colcon.colcon_core.package_identification:_identify(src/modelrobot_pkg_gbb) by extension 'colcon_pkg'
[0.237s] Level 1:colcon.colcon_core.package_identification:_identify(src/modelrobot_pkg_gbb) by extensions ['colcon_meta']
[0.237s] Level 1:colcon.colcon_core.package_identification:_identify(src/modelrobot_pkg_gbb) by extension 'colcon_meta'
[0.237s] Level 1:colcon.colcon_core.package_identification:_identify(src/modelrobot_pkg_gbb) by extensions ['ros']
[0.237s] Level 1:colcon.colcon_core.package_identification:_identify(src/modelrobot_pkg_gbb) by extension 'ros'
[0.237s] DEBUG:colcon.colcon_core.package_identification:Package 'src/modelrobot_pkg_gbb' with type 'ros.ament_python' and name 'modelrobot_pkg_gbb'
[0.237s] Level 1:colcon.colcon_core.package_identification:_identify(src/odom_pkg) by extensions ['ignore', 'ignore_ament_install']
[0.237s] Level 1:colcon.colcon_core.package_identification:_identify(src/odom_pkg) by extension 'ignore'
[0.237s] Level 1:colcon.colcon_core.package_identification:_identify(src/odom_pkg) by extension 'ignore_ament_install'
[0.238s] Level 1:colcon.colcon_core.package_identification:_identify(src/odom_pkg) by extensions ['colcon_pkg']
[0.238s] Level 1:colcon.colcon_core.package_identification:_identify(src/odom_pkg) by extension 'colcon_pkg'
[0.238s] Level 1:colcon.colcon_core.package_identification:_identify(src/odom_pkg) by extensions ['colcon_meta']
[0.238s] Level 1:colcon.colcon_core.package_identification:_identify(src/odom_pkg) by extension 'colcon_meta'
[0.238s] Level 1:colcon.colcon_core.package_identification:_identify(src/odom_pkg) by extensions ['ros']
[0.238s] Level 1:colcon.colcon_core.package_identification:_identify(src/odom_pkg) by extension 'ros'
[0.238s] DEBUG:colcon.colcon_core.package_identification:Package 'src/odom_pkg' with type 'ros.ament_python' and name 'odom_pkg'
[0.238s] Level 1:colcon.colcon_core.package_identification:_identify(src/temp) by extensions ['ignore', 'ignore_ament_install']
[0.238s] Level 1:colcon.colcon_core.package_identification:_identify(src/temp) by extension 'ignore'
[0.238s] Level 1:colcon.colcon_core.package_identification:_identify(src/temp) by extension 'ignore_ament_install'
[0.238s] Level 1:colcon.colcon_core.package_identification:_identify(src/temp) by extensions ['colcon_pkg']
[0.238s] Level 1:colcon.colcon_core.package_identification:_identify(src/temp) by extension 'colcon_pkg'
[0.238s] Level 1:colcon.colcon_core.package_identification:_identify(src/temp) by extensions ['colcon_meta']
[0.238s] Level 1:colcon.colcon_core.package_identification:_identify(src/temp) by extension 'colcon_meta'
[0.238s] Level 1:colcon.colcon_core.package_identification:_identify(src/temp) by extensions ['ros']
[0.238s] Level 1:colcon.colcon_core.package_identification:_identify(src/temp) by extension 'ros'
[0.238s] Level 1:colcon.colcon_core.package_identification:_identify(src/temp) by extensions ['cmake', 'python']
[0.239s] Level 1:colcon.colcon_core.package_identification:_identify(src/temp) by extension 'cmake'
[0.239s] Level 1:colcon.colcon_core.package_identification:_identify(src/temp) by extension 'python'
[0.239s] Level 1:colcon.colcon_core.package_identification:_identify(src/temp) by extensions ['python_setup_py']
[0.239s] Level 1:colcon.colcon_core.package_identification:_identify(src/temp) by extension 'python_setup_py'
[0.239s] Level 1:colcon.colcon_core.package_identification:_identify(src/turtle_move_pkg_gbb) by extensions ['ignore', 'ignore_ament_install']
[0.239s] Level 1:colcon.colcon_core.package_identification:_identify(src/turtle_move_pkg_gbb) by extension 'ignore'
[0.239s] Level 1:colcon.colcon_core.package_identification:_identify(src/turtle_move_pkg_gbb) by extension 'ignore_ament_install'
[0.239s] Level 1:colcon.colcon_core.package_identification:_identify(src/turtle_move_pkg_gbb) by extensions ['colcon_pkg']
[0.239s] Level 1:colcon.colcon_core.package_identification:_identify(src/turtle_move_pkg_gbb) by extension 'colcon_pkg'
[0.239s] Level 1:colcon.colcon_core.package_identification:_identify(src/turtle_move_pkg_gbb) by extensions ['colcon_meta']
[0.239s] Level 1:colcon.colcon_core.package_identification:_identify(src/turtle_move_pkg_gbb) by extension 'colcon_meta'
[0.239s] Level 1:colcon.colcon_core.package_identification:_identify(src/turtle_move_pkg_gbb) by extensions ['ros']
[0.239s] Level 1:colcon.colcon_core.package_identification:_identify(src/turtle_move_pkg_gbb) by extension 'ros'
[0.240s] DEBUG:colcon.colcon_core.package_identification:Package 'src/turtle_move_pkg_gbb' with type 'ros.ament_python' and name 'turtle_move_pkg_gbb'
[0.240s] Level 1:colcon.colcon_core.package_identification:_identify(src/twist2tf2_pkg_gbb) by extensions ['ignore', 'ignore_ament_install']
[0.240s] Level 1:colcon.colcon_core.package_identification:_identify(src/twist2tf2_pkg_gbb) by extension 'ignore'
[0.240s] Level 1:colcon.colcon_core.package_identification:_identify(src/twist2tf2_pkg_gbb) by extension 'ignore_ament_install'
[0.240s] Level 1:colcon.colcon_core.package_identification:_identify(src/twist2tf2_pkg_gbb) by extensions ['colcon_pkg']
[0.240s] Level 1:colcon.colcon_core.package_identification:_identify(src/twist2tf2_pkg_gbb) by extension 'colcon_pkg'
[0.240s] Level 1:colcon.colcon_core.package_identification:_identify(src/twist2tf2_pkg_gbb) by extensions ['colcon_meta']
[0.240s] Level 1:colcon.colcon_core.package_identification:_identify(src/twist2tf2_pkg_gbb) by extension 'colcon_meta'
[0.240s] Level 1:colcon.colcon_core.package_identification:_identify(src/twist2tf2_pkg_gbb) by extensions ['ros']
[0.240s] Level 1:colcon.colcon_core.package_identification:_identify(src/twist2tf2_pkg_gbb) by extension 'ros'
[0.240s] DEBUG:colcon.colcon_core.package_identification:Package 'src/twist2tf2_pkg_gbb' with type 'ros.ament_python' and name 'twist2tf2_pkg_gbb'
[0.240s] Level 1:colcon.colcon_core.package_discovery:discover_packages(recursive) using defaults
[0.240s] Level 1:colcon.colcon_core.package_discovery:discover_packages(ignore) discover
[0.240s] Level 1:colcon.colcon_core.package_discovery:discover_packages(ignore) using defaults
[0.240s] Level 1:colcon.colcon_core.package_discovery:discover_packages(path) discover
[0.240s] Level 1:colcon.colcon_core.package_discovery:discover_packages(path) using defaults
[0.257s] Level 1:colcon.colcon_core.package_discovery:discover_packages(prefix_path) check parameters
[0.257s] Level 1:colcon.colcon_core.package_discovery:discover_packages(prefix_path) discover
[0.259s] DEBUG:colcon.colcon_installed_package_information.package_discovery:Found 326 installed packages in /opt/ros/humble
[0.268s] Level 1:colcon.colcon_core.package_discovery:discover_packages(prefix_path) using defaults
[0.306s] Level 5:colcon.colcon_core.verb:set package 'car_move_pkg_gbb' build argument 'cmake_args' from command line to 'None'
[0.307s] Level 5:colcon.colcon_core.verb:set package 'car_move_pkg_gbb' build argument 'cmake_target' from command line to 'None'
[0.307s] Level 5:colcon.colcon_core.verb:set package 'car_move_pkg_gbb' build argument 'cmake_target_skip_unavailable' from command line to 'False'
[0.307s] Level 5:colcon.colcon_core.verb:set package 'car_move_pkg_gbb' build argument 'cmake_clean_cache' from command line to 'False'
[0.307s] Level 5:colcon.colcon_core.verb:set package 'car_move_pkg_gbb' build argument 'cmake_clean_first' from command line to 'False'
[0.307s] Level 5:colcon.colcon_core.verb:set package 'car_move_pkg_gbb' build argument 'cmake_force_configure' from command line to 'False'
[0.307s] Level 5:colcon.colcon_core.verb:set package 'car_move_pkg_gbb' build argument 'ament_cmake_args' from command line to 'None'
[0.307s] Level 5:colcon.colcon_core.verb:set package 'car_move_pkg_gbb' build argument 'catkin_cmake_args' from command line to 'None'
[0.307s] Level 5:colcon.colcon_core.verb:set package 'car_move_pkg_gbb' build argument 'catkin_skip_building_tests' from command line to 'False'
[0.307s] DEBUG:colcon.colcon_core.verb:Building package 'car_move_pkg_gbb' with the following arguments: {'ament_cmake_args': None, 'build_base': '/home/daniel/robotica/ros2_ws_2402/build/car_move_pkg_gbb', 'catkin_cmake_args': None, 'catkin_skip_building_tests': False, 'cmake_args': None, 'cmake_clean_cache': False, 'cmake_clean_first': False, 'cmake_force_configure': False, 'cmake_target': None, 'cmake_target_skip_unavailable': False, 'install_base': '/home/daniel/robotica/ros2_ws_2402/install/car_move_pkg_gbb', 'merge_install': False, 'path': '/home/daniel/robotica/ros2_ws_2402/src/car_move_pkg_gbb', 'symlink_install': False, 'test_result_base': None}
[0.307s] Level 5:colcon.colcon_core.verb:set package 'car_poscontrol_pkg' build argument 'cmake_args' from command line to 'None'
[0.307s] Level 5:colcon.colcon_core.verb:set package 'car_poscontrol_pkg' build argument 'cmake_target' from command line to 'None'
[0.307s] Level 5:colcon.colcon_core.verb:set package 'car_poscontrol_pkg' build argument 'cmake_target_skip_unavailable' from command line to 'False'
[0.307s] Level 5:colcon.colcon_core.verb:set package 'car_poscontrol_pkg' build argument 'cmake_clean_cache' from command line to 'False'
[0.307s] Level 5:colcon.colcon_core.verb:set package 'car_poscontrol_pkg' build argument 'cmake_clean_first' from command line to 'False'
[0.307s] Level 5:colcon.colcon_core.verb:set package 'car_poscontrol_pkg' build argument 'cmake_force_configure' from command line to 'False'
[0.307s] Level 5:colcon.colcon_core.verb:set package 'car_poscontrol_pkg' build argument 'ament_cmake_args' from command line to 'None'
[0.307s] Level 5:colcon.colcon_core.verb:set package 'car_poscontrol_pkg' build argument 'catkin_cmake_args' from command line to 'None'
[0.307s] Level 5:colcon.colcon_core.verb:set package 'car_poscontrol_pkg' build argument 'catkin_skip_building_tests' from command line to 'False'
[0.307s] DEBUG:colcon.colcon_core.verb:Building package 'car_poscontrol_pkg' with the following arguments: {'ament_cmake_args': None, 'build_base': '/home/daniel/robotica/ros2_ws_2402/build/car_poscontrol_pkg', 'catkin_cmake_args': None, 'catkin_skip_building_tests': False, 'cmake_args': None, 'cmake_clean_cache': False, 'cmake_clean_first': False, 'cmake_force_configure': False, 'cmake_target': None, 'cmake_target_skip_unavailable': False, 'install_base': '/home/daniel/robotica/ros2_ws_2402/install/car_poscontrol_pkg', 'merge_install': False, 'path': '/home/daniel/robotica/ros2_ws_2402/src/car_poscontrol_pkg', 'symlink_install': False, 'test_result_base': None}
[0.308s] Level 5:colcon.colcon_core.verb:set package 'joint_state_pkg_g00' build argument 'cmake_args' from command line to 'None'
[0.308s] Level 5:colcon.colcon_core.verb:set package 'joint_state_pkg_g00' build argument 'cmake_target' from command line to 'None'
[0.308s] Level 5:colcon.colcon_core.verb:set package 'joint_state_pkg_g00' build argument 'cmake_target_skip_unavailable' from command line to 'False'
[0.308s] Level 5:colcon.colcon_core.verb:set package 'joint_state_pkg_g00' build argument 'cmake_clean_cache' from command line to 'False'
[0.308s] Level 5:colcon.colcon_core.verb:set package 'joint_state_pkg_g00' build argument 'cmake_clean_first' from command line to 'False'
[0.308s] Level 5:colcon.colcon_core.verb:set package 'joint_state_pkg_g00' build argument 'cmake_force_configure' from command line to 'False'
[0.308s] Level 5:colcon.colcon_core.verb:set package 'joint_state_pkg_g00' build argument 'ament_cmake_args' from command line to 'None'
[0.308s] Level 5:colcon.colcon_core.verb:set package 'joint_state_pkg_g00' build argument 'catkin_cmake_args' from command line to 'None'
[0.308s] Level 5:colcon.colcon_core.verb:set package 'joint_state_pkg_g00' build argument 'catkin_skip_building_tests' from command line to 'False'
[0.308s] DEBUG:colcon.colcon_core.verb:Building package 'joint_state_pkg_g00' with the following arguments: {'ament_cmake_args': None, 'build_base': '/home/daniel/robotica/ros2_ws_2402/build/joint_state_pkg_g00', 'catkin_cmake_args': None, 'catkin_skip_building_tests': False, 'cmake_args': None, 'cmake_clean_cache': False, 'cmake_clean_first': False, 'cmake_force_configure': False, 'cmake_target': None, 'cmake_target_skip_unavailable': False, 'install_base': '/home/daniel/robotica/ros2_ws_2402/install/joint_state_pkg_g00', 'merge_install': False, 'path': '/home/daniel/robotica/ros2_ws_2402/src/joint_state_pkg_g00', 'symlink_install': False, 'test_result_base': None}
[0.308s] Level 5:colcon.colcon_core.verb:set package 'launch_pkg_gbb' build argument 'cmake_args' from command line to 'None'
[0.308s] Level 5:colcon.colcon_core.verb:set package 'launch_pkg_gbb' build argument 'cmake_target' from command line to 'None'
[0.308s] Level 5:colcon.colcon_core.verb:set package 'launch_pkg_gbb' build argument 'cmake_target_skip_unavailable' from command line to 'False'
[0.308s] Level 5:colcon.colcon_core.verb:set package 'launch_pkg_gbb' build argument 'cmake_clean_cache' from command line to 'False'
[0.308s] Level 5:colcon.colcon_core.verb:set package 'launch_pkg_gbb' build argument 'cmake_clean_first' from command line to 'False'
[0.308s] Level 5:colcon.colcon_core.verb:set package 'launch_pkg_gbb' build argument 'cmake_force_configure' from command line to 'False'
[0.308s] Level 5:colcon.colcon_core.verb:set package 'launch_pkg_gbb' build argument 'ament_cmake_args' from command line to 'None'
[0.308s] Level 5:colcon.colcon_core.verb:set package 'launch_pkg_gbb' build argument 'catkin_cmake_args' from command line to 'None'
[0.308s] Level 5:colcon.colcon_core.verb:set package 'launch_pkg_gbb' build argument 'catkin_skip_building_tests' from command line to 'False'
[0.308s] DEBUG:colcon.colcon_core.verb:Building package 'launch_pkg_gbb' with the following arguments: {'ament_cmake_args': None, 'build_base': '/home/daniel/robotica/ros2_ws_2402/build/launch_pkg_gbb', 'catkin_cmake_args': None, 'catkin_skip_building_tests': False, 'cmake_args': None, 'cmake_clean_cache': False, 'cmake_clean_first': False, 'cmake_force_configure': False, 'cmake_target': None, 'cmake_target_skip_unavailable': False, 'install_base': '/home/daniel/robotica/ros2_ws_2402/install/launch_pkg_gbb', 'merge_install': False, 'path': '/home/daniel/robotica/ros2_ws_2402/src/launch_pkg_gbb', 'symlink_install': False, 'test_result_base': None}
[0.308s] Level 5:colcon.colcon_core.verb:set package 'modelrobot_pkg_gbb' build argument 'cmake_args' from command line to 'None'
[0.308s] Level 5:colcon.colcon_core.verb:set package 'modelrobot_pkg_gbb' build argument 'cmake_target' from command line to 'None'
[0.309s] Level 5:colcon.colcon_core.verb:set package 'modelrobot_pkg_gbb' build argument 'cmake_target_skip_unavailable' from command line to 'False'
[0.309s] Level 5:colcon.colcon_core.verb:set package 'modelrobot_pkg_gbb' build argument 'cmake_clean_cache' from command line to 'False'
[0.309s] Level 5:colcon.colcon_core.verb:set package 'modelrobot_pkg_gbb' build argument 'cmake_clean_first' from command line to 'False'
[0.309s] Level 5:colcon.colcon_core.verb:set package 'modelrobot_pkg_gbb' build argument 'cmake_force_configure' from command line to 'False'
[0.309s] Level 5:colcon.colcon_core.verb:set package 'modelrobot_pkg_gbb' build argument 'ament_cmake_args' from command line to 'None'
[0.309s] Level 5:colcon.colcon_core.verb:set package 'modelrobot_pkg_gbb' build argument 'catkin_cmake_args' from command line to 'None'
[0.309s] Level 5:colcon.colcon_core.verb:set package 'modelrobot_pkg_gbb' build argument 'catkin_skip_building_tests' from command line to 'False'
[0.309s] DEBUG:colcon.colcon_core.verb:Building package 'modelrobot_pkg_gbb' with the following arguments: {'ament_cmake_args': None, 'build_base': '/home/daniel/robotica/ros2_ws_2402/build/modelrobot_pkg_gbb', 'catkin_cmake_args': None, 'catkin_skip_building_tests': False, 'cmake_args': None, 'cmake_clean_cache': False, 'cmake_clean_first': False, 'cmake_force_configure': False, 'cmake_target': None, 'cmake_target_skip_unavailable': False, 'install_base': '/home/daniel/robotica/ros2_ws_2402/install/modelrobot_pkg_gbb', 'merge_install': False, 'path': '/home/daniel/robotica/ros2_ws_2402/src/modelrobot_pkg_gbb', 'symlink_install': False, 'test_result_base': None}
[0.309s] Level 5:colcon.colcon_core.verb:set package 'odom_pkg' build argument 'cmake_args' from command line to 'None'
[0.309s] Level 5:colcon.colcon_core.verb:set package 'odom_pkg' build argument 'cmake_target' from command line to 'None'
[0.309s] Level 5:colcon.colcon_core.verb:set package 'odom_pkg' build argument 'cmake_target_skip_unavailable' from command line to 'False'
[0.309s] Level 5:colcon.colcon_core.verb:set package 'odom_pkg' build argument 'cmake_clean_cache' from command line to 'False'
[0.309s] Level 5:colcon.colcon_core.verb:set package 'odom_pkg' build argument 'cmake_clean_first' from command line to 'False'
[0.309s] Level 5:colcon.colcon_core.verb:set package 'odom_pkg' build argument 'cmake_force_configure' from command line to 'False'
[0.309s] Level 5:colcon.colcon_core.verb:set package 'odom_pkg' build argument 'ament_cmake_args' from command line to 'None'
[0.309s] Level 5:colcon.colcon_core.verb:set package 'odom_pkg' build argument 'catkin_cmake_args' from command line to 'None'
[0.309s] Level 5:colcon.colcon_core.verb:set package 'odom_pkg' build argument 'catkin_skip_building_tests' from command line to 'False'
[0.309s] DEBUG:colcon.colcon_core.verb:Building package 'odom_pkg' with the following arguments: {'ament_cmake_args': None, 'build_base': '/home/daniel/robotica/ros2_ws_2402/build/odom_pkg', 'catkin_cmake_args': None, 'catkin_skip_building_tests': False, 'cmake_args': None, 'cmake_clean_cache': False, 'cmake_clean_first': False, 'cmake_force_configure': False, 'cmake_target': None, 'cmake_target_skip_unavailable': False, 'install_base': '/home/daniel/robotica/ros2_ws_2402/install/odom_pkg', 'merge_install': False, 'path': '/home/daniel/robotica/ros2_ws_2402/src/odom_pkg', 'symlink_install': False, 'test_result_base': None}
[0.309s] Level 5:colcon.colcon_core.verb:set package 'turtle_move_pkg_gbb' build argument 'cmake_args' from command line to 'None'
[0.309s] Level 5:colcon.colcon_core.verb:set package 'turtle_move_pkg_gbb' build argument 'cmake_target' from command line to 'None'
[0.309s] Level 5:colcon.colcon_core.verb:set package 'turtle_move_pkg_gbb' build argument 'cmake_target_skip_unavailable' from command line to 'False'
[0.309s] Level 5:colcon.colcon_core.verb:set package 'turtle_move_pkg_gbb' build argument 'cmake_clean_cache' from command line to 'False'
[0.309s] Level 5:colcon.colcon_core.verb:set package 'turtle_move_pkg_gbb' build argument 'cmake_clean_first' from command line to 'False'
[0.310s] Level 5:colcon.colcon_core.verb:set package 'turtle_move_pkg_gbb' build argument 'cmake_force_configure' from command line to 'False'
[0.310s] Level 5:colcon.colcon_core.verb:set package 'turtle_move_pkg_gbb' build argument 'ament_cmake_args' from command line to 'None'
[0.310s] Level 5:colcon.colcon_core.verb:set package 'turtle_move_pkg_gbb' build argument 'catkin_cmake_args' from command line to 'None'
[0.310s] Level 5:colcon.colcon_core.verb:set package 'turtle_move_pkg_gbb' build argument 'catkin_skip_building_tests' from command line to 'False'
[0.310s] DEBUG:colcon.colcon_core.verb:Building package 'turtle_move_pkg_gbb' with the following arguments: {'ament_cmake_args': None, 'build_base': '/home/daniel/robotica/ros2_ws_2402/build/turtle_move_pkg_gbb', 'catkin_cmake_args': None, 'catkin_skip_building_tests': False, 'cmake_args': None, 'cmake_clean_cache': False, 'cmake_clean_first': False, 'cmake_force_configure': False, 'cmake_target': None, 'cmake_target_skip_unavailable': False, 'install_base': '/home/daniel/robotica/ros2_ws_2402/install/turtle_move_pkg_gbb', 'merge_install': False, 'path': '/home/daniel/robotica/ros2_ws_2402/src/turtle_move_pkg_gbb', 'symlink_install': False, 'test_result_base': None}
[0.310s] Level 5:colcon.colcon_core.verb:set package 'twist2tf2_pkg_gbb' build argument 'cmake_args' from command line to 'None'
[0.310s] Level 5:colcon.colcon_core.verb:set package 'twist2tf2_pkg_gbb' build argument 'cmake_target' from command line to 'None'
[0.310s] Level 5:colcon.colcon_core.verb:set package 'twist2tf2_pkg_gbb' build argument 'cmake_target_skip_unavailable' from command line to 'False'
[0.310s] Level 5:colcon.colcon_core.verb:set package 'twist2tf2_pkg_gbb' build argument 'cmake_clean_cache' from command line to 'False'
[0.310s] Level 5:colcon.colcon_core.verb:set package 'twist2tf2_pkg_gbb' build argument 'cmake_clean_first' from command line to 'False'
[0.310s] Level 5:colcon.colcon_core.verb:set package 'twist2tf2_pkg_gbb' build argument 'cmake_force_configure' from command line to 'False'
[0.310s] Level 5:colcon.colcon_core.verb:set package 'twist2tf2_pkg_gbb' build argument 'ament_cmake_args' from command line to 'None'
[0.310s] Level 5:colcon.colcon_core.verb:set package 'twist2tf2_pkg_gbb' build argument 'catkin_cmake_args' from command line to 'None'
[0.310s] Level 5:colcon.colcon_core.verb:set package 'twist2tf2_pkg_gbb' build argument 'catkin_skip_building_tests' from command line to 'False'
[0.310s] DEBUG:colcon.colcon_core.verb:Building package 'twist2tf2_pkg_gbb' with the following arguments: {'ament_cmake_args': None, 'build_base': '/home/daniel/robotica/ros2_ws_2402/build/twist2tf2_pkg_gbb', 'catkin_cmake_args': None, 'catkin_skip_building_tests': False, 'cmake_args': None, 'cmake_clean_cache': False, 'cmake_clean_first': False, 'cmake_force_configure': False, 'cmake_target': None, 'cmake_target_skip_unavailable': False, 'install_base': '/home/daniel/robotica/ros2_ws_2402/install/twist2tf2_pkg_gbb', 'merge_install': False, 'path': '/home/daniel/robotica/ros2_ws_2402/src/twist2tf2_pkg_gbb', 'symlink_install': False, 'test_result_base': None}
[0.310s] INFO:colcon.colcon_core.executor:Executing jobs using 'parallel' executor
[0.311s] DEBUG:colcon.colcon_parallel_executor.executor.parallel:run_until_complete
[0.311s] INFO:colcon.colcon_ros.task.ament_python.build:Building ROS package in '/home/daniel/robotica/ros2_ws_2402/src/car_move_pkg_gbb' with build type 'ament_python'
[0.311s] Level 1:colcon.colcon_core.shell:create_environment_hook('car_move_pkg_gbb', 'ament_prefix_path')
[0.313s] INFO:colcon.colcon_core.plugin_system:Skipping extension 'colcon_core.shell.bat': Not used on non-Windows systems
[0.313s] INFO:colcon.colcon_core.shell:Creating environment hook '/home/daniel/robotica/ros2_ws_2402/install/car_move_pkg_gbb/share/car_move_pkg_gbb/hook/ament_prefix_path.ps1'
[0.314s] INFO:colcon.colcon_core.shell:Creating environment descriptor '/home/daniel/robotica/ros2_ws_2402/install/car_move_pkg_gbb/share/car_move_pkg_gbb/hook/ament_prefix_path.dsv'
[0.314s] INFO:colcon.colcon_core.shell:Creating environment hook '/home/daniel/robotica/ros2_ws_2402/install/car_move_pkg_gbb/share/car_move_pkg_gbb/hook/ament_prefix_path.sh'
[0.314s] INFO:colcon.colcon_core.shell:Skip shell extension 'powershell' for command environment: Not usable outside of PowerShell
[0.314s] DEBUG:colcon.colcon_core.shell:Skip shell extension 'dsv' for command environment
[0.317s] INFO:colcon.colcon_ros.task.ament_python.build:Building ROS package in '/home/daniel/robotica/ros2_ws_2402/src/car_poscontrol_pkg' with build type 'ament_python'
[0.317s] Level 1:colcon.colcon_core.shell:create_environment_hook('car_poscontrol_pkg', 'ament_prefix_path')
[0.317s] INFO:colcon.colcon_core.shell:Creating environment hook '/home/daniel/robotica/ros2_ws_2402/install/car_poscontrol_pkg/share/car_poscontrol_pkg/hook/ament_prefix_path.ps1'
[0.317s] INFO:colcon.colcon_core.shell:Creating environment descriptor '/home/daniel/robotica/ros2_ws_2402/install/car_poscontrol_pkg/share/car_poscontrol_pkg/hook/ament_prefix_path.dsv'
[0.317s] INFO:colcon.colcon_core.shell:Creating environment hook '/home/daniel/robotica/ros2_ws_2402/install/car_poscontrol_pkg/share/car_poscontrol_pkg/hook/ament_prefix_path.sh'
[0.318s] INFO:colcon.colcon_core.shell:Skip shell extension 'powershell' for command environment: Not usable outside of PowerShell
[0.318s] DEBUG:colcon.colcon_core.shell:Skip shell extension 'dsv' for command environment
[0.320s] INFO:colcon.colcon_ros.task.ament_python.build:Building ROS package in '/home/daniel/robotica/ros2_ws_2402/src/joint_state_pkg_g00' with build type 'ament_python'
[0.320s] Level 1:colcon.colcon_core.shell:create_environment_hook('joint_state_pkg_g00', 'ament_prefix_path')
[0.320s] INFO:colcon.colcon_core.shell:Creating environment hook '/home/daniel/robotica/ros2_ws_2402/install/joint_state_pkg_g00/share/joint_state_pkg_g00/hook/ament_prefix_path.ps1'
[0.320s] INFO:colcon.colcon_core.shell:Creating environment descriptor '/home/daniel/robotica/ros2_ws_2402/install/joint_state_pkg_g00/share/joint_state_pkg_g00/hook/ament_prefix_path.dsv'
[0.321s] INFO:colcon.colcon_core.shell:Creating environment hook '/home/daniel/robotica/ros2_ws_2402/install/joint_state_pkg_g00/share/joint_state_pkg_g00/hook/ament_prefix_path.sh'
[0.321s] INFO:colcon.colcon_core.shell:Skip shell extension 'powershell' for command environment: Not usable outside of PowerShell
[0.321s] DEBUG:colcon.colcon_core.shell:Skip shell extension 'dsv' for command environment
[0.326s] INFO:colcon.colcon_ros.task.ament_python.build:Building ROS package in '/home/daniel/robotica/ros2_ws_2402/src/launch_pkg_gbb' with build type 'ament_python'
[0.327s] Level 1:colcon.colcon_core.shell:create_environment_hook('launch_pkg_gbb', 'ament_prefix_path')
[0.328s] INFO:colcon.colcon_core.shell:Creating environment hook '/home/daniel/robotica/ros2_ws_2402/install/launch_pkg_gbb/share/launch_pkg_gbb/hook/ament_prefix_path.ps1'
[0.330s] INFO:colcon.colcon_core.shell:Creating environment descriptor '/home/daniel/robotica/ros2_ws_2402/install/launch_pkg_gbb/share/launch_pkg_gbb/hook/ament_prefix_path.dsv'
[0.330s] INFO:colcon.colcon_core.shell:Creating environment hook '/home/daniel/robotica/ros2_ws_2402/install/launch_pkg_gbb/share/launch_pkg_gbb/hook/ament_prefix_path.sh'
[0.331s] INFO:colcon.colcon_core.shell:Skip shell extension 'powershell' for command environment: Not usable outside of PowerShell
[0.331s] DEBUG:colcon.colcon_core.shell:Skip shell extension 'dsv' for command environment
[0.334s] INFO:colcon.colcon_ros.task.ament_python.build:Building ROS package in '/home/daniel/robotica/ros2_ws_2402/src/modelrobot_pkg_gbb' with build type 'ament_python'
[0.334s] Level 1:colcon.colcon_core.shell:create_environment_hook('modelrobot_pkg_gbb', 'ament_prefix_path')
[0.334s] INFO:colcon.colcon_core.shell:Creating environment hook '/home/daniel/robotica/ros2_ws_2402/install/modelrobot_pkg_gbb/share/modelrobot_pkg_gbb/hook/ament_prefix_path.ps1'
[0.335s] INFO:colcon.colcon_core.shell:Creating environment descriptor '/home/daniel/robotica/ros2_ws_2402/install/modelrobot_pkg_gbb/share/modelrobot_pkg_gbb/hook/ament_prefix_path.dsv'
[0.335s] INFO:colcon.colcon_core.shell:Creating environment hook '/home/daniel/robotica/ros2_ws_2402/install/modelrobot_pkg_gbb/share/modelrobot_pkg_gbb/hook/ament_prefix_path.sh'
[0.336s] INFO:colcon.colcon_core.shell:Skip shell extension 'powershell' for command environment: Not usable outside of PowerShell
[0.336s] DEBUG:colcon.colcon_core.shell:Skip shell extension 'dsv' for command environment
[0.338s] INFO:colcon.colcon_ros.task.ament_python.build:Building ROS package in '/home/daniel/robotica/ros2_ws_2402/src/odom_pkg' with build type 'ament_python'
[0.338s] Level 1:colcon.colcon_core.shell:create_environment_hook('odom_pkg', 'ament_prefix_path')
[0.339s] INFO:colcon.colcon_core.shell:Creating environment hook '/home/daniel/robotica/ros2_ws_2402/install/odom_pkg/share/odom_pkg/hook/ament_prefix_path.ps1'
[0.341s] INFO:colcon.colcon_core.shell:Creating environment descriptor '/home/daniel/robotica/ros2_ws_2402/install/odom_pkg/share/odom_pkg/hook/ament_prefix_path.dsv'
[0.342s] INFO:colcon.colcon_core.shell:Creating environment hook '/home/daniel/robotica/ros2_ws_2402/install/odom_pkg/share/odom_pkg/hook/ament_prefix_path.sh'
[0.343s] INFO:colcon.colcon_core.shell:Skip shell extension 'powershell' for command environment: Not usable outside of PowerShell
[0.343s] DEBUG:colcon.colcon_core.shell:Skip shell extension 'dsv' for command environment
[0.348s] INFO:colcon.colcon_ros.task.ament_python.build:Building ROS package in '/home/daniel/robotica/ros2_ws_2402/src/turtle_move_pkg_gbb' with build type 'ament_python'
[0.348s] Level 1:colcon.colcon_core.shell:create_environment_hook('turtle_move_pkg_gbb', 'ament_prefix_path')
[0.349s] INFO:colcon.colcon_core.shell:Creating environment hook '/home/daniel/robotica/ros2_ws_2402/install/turtle_move_pkg_gbb/share/turtle_move_pkg_gbb/hook/ament_prefix_path.ps1'
[0.349s] INFO:colcon.colcon_core.shell:Creating environment descriptor '/home/daniel/robotica/ros2_ws_2402/install/turtle_move_pkg_gbb/share/turtle_move_pkg_gbb/hook/ament_prefix_path.dsv'
[0.350s] INFO:colcon.colcon_core.shell:Creating environment hook '/home/daniel/robotica/ros2_ws_2402/install/turtle_move_pkg_gbb/share/turtle_move_pkg_gbb/hook/ament_prefix_path.sh'
[0.351s] INFO:colcon.colcon_core.shell:Skip shell extension 'powershell' for command environment: Not usable outside of PowerShell
[0.351s] DEBUG:colcon.colcon_core.shell:Skip shell extension 'dsv' for command environment
[0.353s] INFO:colcon.colcon_ros.task.ament_python.build:Building ROS package in '/home/daniel/robotica/ros2_ws_2402/src/twist2tf2_pkg_gbb' with build type 'ament_python'
[0.353s] Level 1:colcon.colcon_core.shell:create_environment_hook('twist2tf2_pkg_gbb', 'ament_prefix_path')
[0.353s] INFO:colcon.colcon_core.shell:Creating environment hook '/home/daniel/robotica/ros2_ws_2402/install/twist2tf2_pkg_gbb/share/twist2tf2_pkg_gbb/hook/ament_prefix_path.ps1'
[0.354s] INFO:colcon.colcon_core.shell:Creating environment descriptor '/home/daniel/robotica/ros2_ws_2402/install/twist2tf2_pkg_gbb/share/twist2tf2_pkg_gbb/hook/ament_prefix_path.dsv'
[0.354s] INFO:colcon.colcon_core.shell:Creating environment hook '/home/daniel/robotica/ros2_ws_2402/install/twist2tf2_pkg_gbb/share/twist2tf2_pkg_gbb/hook/ament_prefix_path.sh'
[0.355s] INFO:colcon.colcon_core.shell:Skip shell extension 'powershell' for command environment: Not usable outside of PowerShell
[0.355s] DEBUG:colcon.colcon_core.shell:Skip shell extension 'dsv' for command environment
[0.575s] INFO:colcon.colcon_core.task.python.build:Building Python package in '/home/daniel/robotica/ros2_ws_2402/src/car_move_pkg_gbb'
[0.575s] INFO:colcon.colcon_core.shell:Skip shell extension 'powershell' for command environment: Not usable outside of PowerShell
[0.575s] DEBUG:colcon.colcon_core.shell:Skip shell extension 'dsv' for command environment
[0.788s] INFO:colcon.colcon_core.task.python.build:Building Python package in '/home/daniel/robotica/ros2_ws_2402/src/car_poscontrol_pkg'
[0.788s] INFO:colcon.colcon_core.shell:Skip shell extension 'powershell' for command environment: Not usable outside of PowerShell
[0.788s] DEBUG:colcon.colcon_core.shell:Skip shell extension 'dsv' for command environment
[1.021s] INFO:colcon.colcon_core.task.python.build:Building Python package in '/home/daniel/robotica/ros2_ws_2402/src/joint_state_pkg_g00'
[1.022s] INFO:colcon.colcon_core.shell:Skip shell extension 'powershell' for command environment: Not usable outside of PowerShell
[1.022s] DEBUG:colcon.colcon_core.shell:Skip shell extension 'dsv' for command environment
[1.230s] INFO:colcon.colcon_core.task.python.build:Building Python package in '/home/daniel/robotica/ros2_ws_2402/src/launch_pkg_gbb'
[1.230s] INFO:colcon.colcon_core.shell:Skip shell extension 'powershell' for command environment: Not usable outside of PowerShell
[1.230s] DEBUG:colcon.colcon_core.shell:Skip shell extension 'dsv' for command environment
[1.446s] INFO:colcon.colcon_core.task.python.build:Building Python package in '/home/daniel/robotica/ros2_ws_2402/src/modelrobot_pkg_gbb'
[1.447s] INFO:colcon.colcon_core.shell:Skip shell extension 'powershell' for command environment: Not usable outside of PowerShell
[1.447s] DEBUG:colcon.colcon_core.shell:Skip shell extension 'dsv' for command environment
[1.667s] INFO:colcon.colcon_core.task.python.build:Building Python package in '/home/daniel/robotica/ros2_ws_2402/src/odom_pkg'
[1.667s] INFO:colcon.colcon_core.shell:Skip shell extension 'powershell' for command environment: Not usable outside of PowerShell
[1.667s] DEBUG:colcon.colcon_core.shell:Skip shell extension 'dsv' for command environment
[1.884s] INFO:colcon.colcon_core.task.python.build:Building Python package in '/home/daniel/robotica/ros2_ws_2402/src/turtle_move_pkg_gbb'
[1.885s] INFO:colcon.colcon_core.shell:Skip shell extension 'powershell' for command environment: Not usable outside of PowerShell
[1.885s] DEBUG:colcon.colcon_core.shell:Skip shell extension 'dsv' for command environment
[2.094s] INFO:colcon.colcon_core.task.python.build:Building Python package in '/home/daniel/robotica/ros2_ws_2402/src/twist2tf2_pkg_gbb'
[2.094s] INFO:colcon.colcon_core.shell:Skip shell extension 'powershell' for command environment: Not usable outside of PowerShell
[2.095s] DEBUG:colcon.colcon_core.shell:Skip shell extension 'dsv' for command environment
[2.892s] DEBUG:colcon.colcon_core.event_handler.log_command:Invoking command in '/home/daniel/robotica/ros2_ws_2402/src/car_poscontrol_pkg': PYTHONPATH=/home/daniel/robotica/ros2_ws_2402/build/car_poscontrol_pkg/prefix_override:/usr/lib/python3/dist-packages/colcon_core/task/python/colcon_distutils_commands:/home/daniel/robotica/ros2_ws_2402/install/car_poscontrol_pkg/lib/python3.10/site-packages:${PYTHONPATH} /usr/bin/python3 -W ignore:setup.py install is deprecated setup.py egg_info --egg-base ../../build/car_poscontrol_pkg build --build-base /home/daniel/robotica/ros2_ws_2402/build/car_poscontrol_pkg/build install --record /home/daniel/robotica/ros2_ws_2402/build/car_poscontrol_pkg/install.log --single-version-externally-managed install_data
[2.917s] DEBUG:colcon.colcon_core.event_handler.log_command:Invoking command in '/home/daniel/robotica/ros2_ws_2402/src/car_move_pkg_gbb': PYTHONPATH=/home/daniel/robotica/ros2_ws_2402/build/car_move_pkg_gbb/prefix_override:/usr/lib/python3/dist-packages/colcon_core/task/python/colcon_distutils_commands:/home/daniel/robotica/ros2_ws_2402/install/car_move_pkg_gbb/lib/python3.10/site-packages:${PYTHONPATH} /usr/bin/python3 -W ignore:setup.py install is deprecated setup.py egg_info --egg-base ../../build/car_move_pkg_gbb build --build-base /home/daniel/robotica/ros2_ws_2402/build/car_move_pkg_gbb/build install --record /home/daniel/robotica/ros2_ws_2402/build/car_move_pkg_gbb/install.log --single-version-externally-managed install_data
[2.926s] DEBUG:colcon.colcon_core.event_handler.log_command:Invoking command in '/home/daniel/robotica/ros2_ws_2402/src/launch_pkg_gbb': PYTHONPATH=/home/daniel/robotica/ros2_ws_2402/build/launch_pkg_gbb/prefix_override:/usr/lib/python3/dist-packages/colcon_core/task/python/colcon_distutils_commands:/home/daniel/robotica/ros2_ws_2402/install/launch_pkg_gbb/lib/python3.10/site-packages:${PYTHONPATH} /usr/bin/python3 -W ignore:setup.py install is deprecated setup.py egg_info --egg-base ../../build/launch_pkg_gbb build --build-base /home/daniel/robotica/ros2_ws_2402/build/launch_pkg_gbb/build install --record /home/daniel/robotica/ros2_ws_2402/build/launch_pkg_gbb/install.log --single-version-externally-managed install_data
[2.949s] DEBUG:colcon.colcon_core.event_handler.log_command:Invoking command in '/home/daniel/robotica/ros2_ws_2402/src/turtle_move_pkg_gbb': PYTHONPATH=/home/daniel/robotica/ros2_ws_2402/build/turtle_move_pkg_gbb/prefix_override:/usr/lib/python3/dist-packages/colcon_core/task/python/colcon_distutils_commands:/home/daniel/robotica/ros2_ws_2402/install/turtle_move_pkg_gbb/lib/python3.10/site-packages:${PYTHONPATH} /usr/bin/python3 -W ignore:setup.py install is deprecated setup.py egg_info --egg-base ../../build/turtle_move_pkg_gbb build --build-base /home/daniel/robotica/ros2_ws_2402/build/turtle_move_pkg_gbb/build install --record /home/daniel/robotica/ros2_ws_2402/build/turtle_move_pkg_gbb/install.log --single-version-externally-managed install_data
[2.956s] DEBUG:colcon.colcon_core.event_handler.log_command:Invoking command in '/home/daniel/robotica/ros2_ws_2402/src/joint_state_pkg_g00': PYTHONPATH=/home/daniel/robotica/ros2_ws_2402/build/joint_state_pkg_g00/prefix_override:/usr/lib/python3/dist-packages/colcon_core/task/python/colcon_distutils_commands:/home/daniel/robotica/ros2_ws_2402/install/joint_state_pkg_g00/lib/python3.10/site-packages:${PYTHONPATH} /usr/bin/python3 -W ignore:setup.py install is deprecated setup.py egg_info --egg-base ../../build/joint_state_pkg_g00 build --build-base /home/daniel/robotica/ros2_ws_2402/build/joint_state_pkg_g00/build install --record /home/daniel/robotica/ros2_ws_2402/build/joint_state_pkg_g00/install.log --single-version-externally-managed install_data
[2.965s] DEBUG:colcon.colcon_core.event_handler.log_command:Invoking command in '/home/daniel/robotica/ros2_ws_2402/src/modelrobot_pkg_gbb': PYTHONPATH=/home/daniel/robotica/ros2_ws_2402/build/modelrobot_pkg_gbb/prefix_override:/usr/lib/python3/dist-packages/colcon_core/task/python/colcon_distutils_commands:/home/daniel/robotica/ros2_ws_2402/install/modelrobot_pkg_gbb/lib/python3.10/site-packages:${PYTHONPATH} /usr/bin/python3 -W ignore:setup.py install is deprecated setup.py egg_info --egg-base ../../build/modelrobot_pkg_gbb build --build-base /home/daniel/robotica/ros2_ws_2402/build/modelrobot_pkg_gbb/build install --record /home/daniel/robotica/ros2_ws_2402/build/modelrobot_pkg_gbb/install.log --single-version-externally-managed install_data
[2.986s] DEBUG:colcon.colcon_core.event_handler.log_command:Invoking command in '/home/daniel/robotica/ros2_ws_2402/src/twist2tf2_pkg_gbb': PYTHONPATH=/home/daniel/robotica/ros2_ws_2402/build/twist2tf2_pkg_gbb/prefix_override:/usr/lib/python3/dist-packages/colcon_core/task/python/colcon_distutils_commands:/home/daniel/robotica/ros2_ws_2402/install/twist2tf2_pkg_gbb/lib/python3.10/site-packages:${PYTHONPATH} /usr/bin/python3 -W ignore:setup.py install is deprecated setup.py egg_info --egg-base ../../build/twist2tf2_pkg_gbb build --build-base /home/daniel/robotica/ros2_ws_2402/build/twist2tf2_pkg_gbb/build install --record /home/daniel/robotica/ros2_ws_2402/build/twist2tf2_pkg_gbb/install.log --single-version-externally-managed install_data
[2.998s] DEBUG:colcon.colcon_core.event_handler.log_command:Invoking command in '/home/daniel/robotica/ros2_ws_2402/src/odom_pkg': PYTHONPATH=/home/daniel/robotica/ros2_ws_2402/build/odom_pkg/prefix_override:/usr/lib/python3/dist-packages/colcon_core/task/python/colcon_distutils_commands:/home/daniel/robotica/ros2_ws_2402/install/odom_pkg/lib/python3.10/site-packages:${PYTHONPATH} /usr/bin/python3 -W ignore:setup.py install is deprecated setup.py egg_info --egg-base ../../build/odom_pkg build --build-base /home/daniel/robotica/ros2_ws_2402/build/odom_pkg/build install --record /home/daniel/robotica/ros2_ws_2402/build/odom_pkg/install.log --single-version-externally-managed install_data
[3.556s] DEBUG:colcon.colcon_core.event_handler.log_command:Invoked command in '/home/daniel/robotica/ros2_ws_2402/src/car_poscontrol_pkg' returned '0': PYTHONPATH=/home/daniel/robotica/ros2_ws_2402/build/car_poscontrol_pkg/prefix_override:/usr/lib/python3/dist-packages/colcon_core/task/python/colcon_distutils_commands:/home/daniel/robotica/ros2_ws_2402/install/car_poscontrol_pkg/lib/python3.10/site-packages:${PYTHONPATH} /usr/bin/python3 -W ignore:setup.py install is deprecated setup.py egg_info --egg-base ../../build/car_poscontrol_pkg build --build-base /home/daniel/robotica/ros2_ws_2402/build/car_poscontrol_pkg/build install --record /home/daniel/robotica/ros2_ws_2402/build/car_poscontrol_pkg/install.log --single-version-externally-managed install_data
[3.559s] Level 1:colcon.colcon_core.environment:checking '/home/daniel/robotica/ros2_ws_2402/install/car_poscontrol_pkg' for CMake module files
[3.560s] Level 1:colcon.colcon_core.environment:checking '/home/daniel/robotica/ros2_ws_2402/install/car_poscontrol_pkg' for CMake config files
[3.561s] Level 1:colcon.colcon_core.environment:checking '/home/daniel/robotica/ros2_ws_2402/install/car_poscontrol_pkg/lib'
[3.562s] Level 1:colcon.colcon_core.environment:checking '/home/daniel/robotica/ros2_ws_2402/install/car_poscontrol_pkg/bin'
[3.562s] Level 1:colcon.colcon_core.environment:checking '/home/daniel/robotica/ros2_ws_2402/install/car_poscontrol_pkg/lib/pkgconfig/car_poscontrol_pkg.pc'
[3.563s] Level 1:colcon.colcon_core.environment:checking '/home/daniel/robotica/ros2_ws_2402/install/car_poscontrol_pkg/lib/python3.10/site-packages'
[3.563s] Level 1:colcon.colcon_core.shell:create_environment_hook('car_poscontrol_pkg', 'pythonpath')
[3.563s] INFO:colcon.colcon_core.shell:Creating environment hook '/home/daniel/robotica/ros2_ws_2402/install/car_poscontrol_pkg/share/car_poscontrol_pkg/hook/pythonpath.ps1'
[3.564s] INFO:colcon.colcon_core.shell:Creating environment descriptor '/home/daniel/robotica/ros2_ws_2402/install/car_poscontrol_pkg/share/car_poscontrol_pkg/hook/pythonpath.dsv'
[3.565s] INFO:colcon.colcon_core.shell:Creating environment hook '/home/daniel/robotica/ros2_ws_2402/install/car_poscontrol_pkg/share/car_poscontrol_pkg/hook/pythonpath.sh'
[3.567s] Level 1:colcon.colcon_core.environment:checking '/home/daniel/robotica/ros2_ws_2402/install/car_poscontrol_pkg/bin'
[3.567s] Level 1:colcon.colcon_core.environment:create_environment_scripts_only(car_poscontrol_pkg)
[3.568s] INFO:colcon.colcon_core.shell:Creating package script '/home/daniel/robotica/ros2_ws_2402/install/car_poscontrol_pkg/share/car_poscontrol_pkg/package.ps1'
[3.571s] INFO:colcon.colcon_core.shell:Creating package descriptor '/home/daniel/robotica/ros2_ws_2402/install/car_poscontrol_pkg/share/car_poscontrol_pkg/package.dsv'
[3.573s] INFO:colcon.colcon_core.shell:Creating package script '/home/daniel/robotica/ros2_ws_2402/install/car_poscontrol_pkg/share/car_poscontrol_pkg/package.sh'
[3.578s] INFO:colcon.colcon_core.shell:Creating package script '/home/daniel/robotica/ros2_ws_2402/install/car_poscontrol_pkg/share/car_poscontrol_pkg/package.bash'
[3.580s] INFO:colcon.colcon_core.shell:Creating package script '/home/daniel/robotica/ros2_ws_2402/install/car_poscontrol_pkg/share/car_poscontrol_pkg/package.zsh'
[3.582s] Level 1:colcon.colcon_core.environment:create_file_with_runtime_dependencies(/home/daniel/robotica/ros2_ws_2402/install/car_poscontrol_pkg/share/colcon-core/packages/car_poscontrol_pkg)
[3.587s] Level 1:colcon.colcon_core.environment:checking '/home/daniel/robotica/ros2_ws_2402/install/launch_pkg_gbb' for CMake module files
[3.589s] DEBUG:colcon.colcon_core.event_handler.log_command:Invoked command in '/home/daniel/robotica/ros2_ws_2402/src/launch_pkg_gbb' returned '0': PYTHONPATH=/home/daniel/robotica/ros2_ws_2402/build/launch_pkg_gbb/prefix_override:/usr/lib/python3/dist-packages/colcon_core/task/python/colcon_distutils_commands:/home/daniel/robotica/ros2_ws_2402/install/launch_pkg_gbb/lib/python3.10/site-packages:${PYTHONPATH} /usr/bin/python3 -W ignore:setup.py install is deprecated setup.py egg_info --egg-base ../../build/launch_pkg_gbb build --build-base /home/daniel/robotica/ros2_ws_2402/build/launch_pkg_gbb/build install --record /home/daniel/robotica/ros2_ws_2402/build/launch_pkg_gbb/install.log --single-version-externally-managed install_data
[3.592s] Level 1:colcon.colcon_core.environment:checking '/home/daniel/robotica/ros2_ws_2402/install/launch_pkg_gbb' for CMake config files
[3.594s] Level 1:colcon.colcon_core.environment:checking '/home/daniel/robotica/ros2_ws_2402/install/launch_pkg_gbb/lib'
[3.594s] Level 1:colcon.colcon_core.environment:checking '/home/daniel/robotica/ros2_ws_2402/install/launch_pkg_gbb/bin'
[3.594s] Level 1:colcon.colcon_core.environment:checking '/home/daniel/robotica/ros2_ws_2402/install/launch_pkg_gbb/lib/pkgconfig/launch_pkg_gbb.pc'
[3.595s] Level 1:colcon.colcon_core.environment:checking '/home/daniel/robotica/ros2_ws_2402/install/launch_pkg_gbb/lib/python3.10/site-packages'
[3.595s] Level 1:colcon.colcon_core.shell:create_environment_hook('launch_pkg_gbb', 'pythonpath')
[3.596s] INFO:colcon.colcon_core.shell:Creating environment hook '/home/daniel/robotica/ros2_ws_2402/install/launch_pkg_gbb/share/launch_pkg_gbb/hook/pythonpath.ps1'
[3.599s] INFO:colcon.colcon_core.shell:Creating environment descriptor '/home/daniel/robotica/ros2_ws_2402/install/launch_pkg_gbb/share/launch_pkg_gbb/hook/pythonpath.dsv'
[3.602s] INFO:colcon.colcon_core.shell:Creating environment hook '/home/daniel/robotica/ros2_ws_2402/install/launch_pkg_gbb/share/launch_pkg_gbb/hook/pythonpath.sh'
[3.606s] Level 1:colcon.colcon_core.environment:checking '/home/daniel/robotica/ros2_ws_2402/install/launch_pkg_gbb/bin'
[3.606s] Level 1:colcon.colcon_core.environment:create_environment_scripts_only(launch_pkg_gbb)
[3.607s] INFO:colcon.colcon_core.shell:Creating package script '/home/daniel/robotica/ros2_ws_2402/install/launch_pkg_gbb/share/launch_pkg_gbb/package.ps1'
[3.609s] INFO:colcon.colcon_core.shell:Creating package descriptor '/home/daniel/robotica/ros2_ws_2402/install/launch_pkg_gbb/share/launch_pkg_gbb/package.dsv'
[3.612s] INFO:colcon.colcon_core.shell:Creating package script '/home/daniel/robotica/ros2_ws_2402/install/launch_pkg_gbb/share/launch_pkg_gbb/package.sh'
[3.614s] INFO:colcon.colcon_core.shell:Creating package script '/home/daniel/robotica/ros2_ws_2402/install/launch_pkg_gbb/share/launch_pkg_gbb/package.bash'
[3.615s] INFO:colcon.colcon_core.shell:Creating package script '/home/daniel/robotica/ros2_ws_2402/install/launch_pkg_gbb/share/launch_pkg_gbb/package.zsh'
[3.616s] Level 1:colcon.colcon_core.environment:create_file_with_runtime_dependencies(/home/daniel/robotica/ros2_ws_2402/install/launch_pkg_gbb/share/colcon-core/packages/launch_pkg_gbb)
[3.621s] Level 1:colcon.colcon_core.environment:checking '/home/daniel/robotica/ros2_ws_2402/install/joint_state_pkg_g00' for CMake module files
[3.623s] DEBUG:colcon.colcon_core.event_handler.log_command:Invoked command in '/home/daniel/robotica/ros2_ws_2402/src/joint_state_pkg_g00' returned '0': PYTHONPATH=/home/daniel/robotica/ros2_ws_2402/build/joint_state_pkg_g00/prefix_override:/usr/lib/python3/dist-packages/colcon_core/task/python/colcon_distutils_commands:/home/daniel/robotica/ros2_ws_2402/install/joint_state_pkg_g00/lib/python3.10/site-packages:${PYTHONPATH} /usr/bin/python3 -W ignore:setup.py install is deprecated setup.py egg_info --egg-base ../../build/joint_state_pkg_g00 build --build-base /home/daniel/robotica/ros2_ws_2402/build/joint_state_pkg_g00/build install --record /home/daniel/robotica/ros2_ws_2402/build/joint_state_pkg_g00/install.log --single-version-externally-managed install_data
[3.624s] Level 1:colcon.colcon_core.environment:checking '/home/daniel/robotica/ros2_ws_2402/install/joint_state_pkg_g00' for CMake config files
[3.626s] Level 1:colcon.colcon_core.environment:checking '/home/daniel/robotica/ros2_ws_2402/install/joint_state_pkg_g00/lib'
[3.626s] Level 1:colcon.colcon_core.environment:checking '/home/daniel/robotica/ros2_ws_2402/install/joint_state_pkg_g00/bin'
[3.626s] Level 1:colcon.colcon_core.environment:checking '/home/daniel/robotica/ros2_ws_2402/install/joint_state_pkg_g00/lib/pkgconfig/joint_state_pkg_g00.pc'
[3.627s] Level 1:colcon.colcon_core.environment:checking '/home/daniel/robotica/ros2_ws_2402/install/joint_state_pkg_g00/lib/python3.10/site-packages'
[3.627s] Level 1:colcon.colcon_core.shell:create_environment_hook('joint_state_pkg_g00', 'pythonpath')
[3.628s] INFO:colcon.colcon_core.shell:Creating environment hook '/home/daniel/robotica/ros2_ws_2402/install/joint_state_pkg_g00/share/joint_state_pkg_g00/hook/pythonpath.ps1'
[3.629s] INFO:colcon.colcon_core.shell:Creating environment descriptor '/home/daniel/robotica/ros2_ws_2402/install/joint_state_pkg_g00/share/joint_state_pkg_g00/hook/pythonpath.dsv'
[3.631s] INFO:colcon.colcon_core.shell:Creating environment hook '/home/daniel/robotica/ros2_ws_2402/install/joint_state_pkg_g00/share/joint_state_pkg_g00/hook/pythonpath.sh'
[3.633s] Level 1:colcon.colcon_core.environment:checking '/home/daniel/robotica/ros2_ws_2402/install/joint_state_pkg_g00/bin'
[3.633s] Level 1:colcon.colcon_core.environment:create_environment_scripts_only(joint_state_pkg_g00)
[3.634s] INFO:colcon.colcon_core.shell:Creating package script '/home/daniel/robotica/ros2_ws_2402/install/joint_state_pkg_g00/share/joint_state_pkg_g00/package.ps1'
[3.636s] INFO:colcon.colcon_core.shell:Creating package descriptor '/home/daniel/robotica/ros2_ws_2402/install/joint_state_pkg_g00/share/joint_state_pkg_g00/package.dsv'
[3.638s] INFO:colcon.colcon_core.shell:Creating package script '/home/daniel/robotica/ros2_ws_2402/install/joint_state_pkg_g00/share/joint_state_pkg_g00/package.sh'
[3.641s] INFO:colcon.colcon_core.shell:Creating package script '/home/daniel/robotica/ros2_ws_2402/install/joint_state_pkg_g00/share/joint_state_pkg_g00/package.bash'
[3.642s] INFO:colcon.colcon_core.shell:Creating package script '/home/daniel/robotica/ros2_ws_2402/install/joint_state_pkg_g00/share/joint_state_pkg_g00/package.zsh'
[3.644s] Level 1:colcon.colcon_core.environment:create_file_with_runtime_dependencies(/home/daniel/robotica/ros2_ws_2402/install/joint_state_pkg_g00/share/colcon-core/packages/joint_state_pkg_g00)
[3.648s] Level 1:colcon.colcon_core.environment:checking '/home/daniel/robotica/ros2_ws_2402/install/modelrobot_pkg_gbb' for CMake module files
[3.649s] Level 1:colcon.colcon_core.environment:checking '/home/daniel/robotica/ros2_ws_2402/install/modelrobot_pkg_gbb' for CMake config files
[3.651s] DEBUG:colcon.colcon_core.event_handler.log_command:Invoked command in '/home/daniel/robotica/ros2_ws_2402/src/modelrobot_pkg_gbb' returned '0': PYTHONPATH=/home/daniel/robotica/ros2_ws_2402/build/modelrobot_pkg_gbb/prefix_override:/usr/lib/python3/dist-packages/colcon_core/task/python/colcon_distutils_commands:/home/daniel/robotica/ros2_ws_2402/install/modelrobot_pkg_gbb/lib/python3.10/site-packages:${PYTHONPATH} /usr/bin/python3 -W ignore:setup.py install is deprecated setup.py egg_info --egg-base ../../build/modelrobot_pkg_gbb build --build-base /home/daniel/robotica/ros2_ws_2402/build/modelrobot_pkg_gbb/build install --record /home/daniel/robotica/ros2_ws_2402/build/modelrobot_pkg_gbb/install.log --single-version-externally-managed install_data
[3.652s] Level 1:colcon.colcon_core.environment:checking '/home/daniel/robotica/ros2_ws_2402/install/modelrobot_pkg_gbb/lib'
[3.653s] Level 1:colcon.colcon_core.environment:checking '/home/daniel/robotica/ros2_ws_2402/install/modelrobot_pkg_gbb/bin'
[3.653s] Level 1:colcon.colcon_core.environment:checking '/home/daniel/robotica/ros2_ws_2402/install/modelrobot_pkg_gbb/lib/pkgconfig/modelrobot_pkg_gbb.pc'
[3.654s] Level 1:colcon.colcon_core.environment:checking '/home/daniel/robotica/ros2_ws_2402/install/modelrobot_pkg_gbb/lib/python3.10/site-packages'
[3.654s] Level 1:colcon.colcon_core.shell:create_environment_hook('modelrobot_pkg_gbb', 'pythonpath')
[3.655s] INFO:colcon.colcon_core.shell:Creating environment hook '/home/daniel/robotica/ros2_ws_2402/install/modelrobot_pkg_gbb/share/modelrobot_pkg_gbb/hook/pythonpath.ps1'
[3.657s] INFO:colcon.colcon_core.shell:Creating environment descriptor '/home/daniel/robotica/ros2_ws_2402/install/modelrobot_pkg_gbb/share/modelrobot_pkg_gbb/hook/pythonpath.dsv'
[3.658s] INFO:colcon.colcon_core.shell:Creating environment hook '/home/daniel/robotica/ros2_ws_2402/install/modelrobot_pkg_gbb/share/modelrobot_pkg_gbb/hook/pythonpath.sh'
[3.659s] Level 1:colcon.colcon_core.environment:checking '/home/daniel/robotica/ros2_ws_2402/install/modelrobot_pkg_gbb/bin'
[3.660s] Level 1:colcon.colcon_core.environment:create_environment_scripts_only(modelrobot_pkg_gbb)
[3.661s] INFO:colcon.colcon_core.shell:Creating package script '/home/daniel/robotica/ros2_ws_2402/install/modelrobot_pkg_gbb/share/modelrobot_pkg_gbb/package.ps1'
[3.663s] INFO:colcon.colcon_core.shell:Creating package descriptor '/home/daniel/robotica/ros2_ws_2402/install/modelrobot_pkg_gbb/share/modelrobot_pkg_gbb/package.dsv'
[3.664s] INFO:colcon.colcon_core.shell:Creating package script '/home/daniel/robotica/ros2_ws_2402/install/modelrobot_pkg_gbb/share/modelrobot_pkg_gbb/package.sh'
[3.665s] INFO:colcon.colcon_core.shell:Creating package script '/home/daniel/robotica/ros2_ws_2402/install/modelrobot_pkg_gbb/share/modelrobot_pkg_gbb/package.bash'
[3.666s] INFO:colcon.colcon_core.shell:Creating package script '/home/daniel/robotica/ros2_ws_2402/install/modelrobot_pkg_gbb/share/modelrobot_pkg_gbb/package.zsh'
[3.666s] Level 1:colcon.colcon_core.environment:create_file_with_runtime_dependencies(/home/daniel/robotica/ros2_ws_2402/install/modelrobot_pkg_gbb/share/colcon-core/packages/modelrobot_pkg_gbb)
[3.717s] Level 1:colcon.colcon_core.environment:checking '/home/daniel/robotica/ros2_ws_2402/install/turtle_move_pkg_gbb' for CMake module files
[3.718s] Level 1:colcon.colcon_core.environment:checking '/home/daniel/robotica/ros2_ws_2402/install/turtle_move_pkg_gbb' for CMake config files
[3.723s] Level 1:colcon.colcon_core.environment:checking '/home/daniel/robotica/ros2_ws_2402/install/turtle_move_pkg_gbb/lib'
[3.723s] Level 1:colcon.colcon_core.environment:checking '/home/daniel/robotica/ros2_ws_2402/install/turtle_move_pkg_gbb/bin'
[3.723s] Level 1:colcon.colcon_core.environment:checking '/home/daniel/robotica/ros2_ws_2402/install/turtle_move_pkg_gbb/lib/pkgconfig/turtle_move_pkg_gbb.pc'
[3.724s] Level 1:colcon.colcon_core.environment:checking '/home/daniel/robotica/ros2_ws_2402/install/turtle_move_pkg_gbb/lib/python3.10/site-packages'
[3.724s] Level 1:colcon.colcon_core.shell:create_environment_hook('turtle_move_pkg_gbb', 'pythonpath')
[3.725s] INFO:colcon.colcon_core.shell:Creating environment hook '/home/daniel/robotica/ros2_ws_2402/install/turtle_move_pkg_gbb/share/turtle_move_pkg_gbb/hook/pythonpath.ps1'
[3.726s] INFO:colcon.colcon_core.shell:Creating environment descriptor '/home/daniel/robotica/ros2_ws_2402/install/turtle_move_pkg_gbb/share/turtle_move_pkg_gbb/hook/pythonpath.dsv'
[3.728s] INFO:colcon.colcon_core.shell:Creating environment hook '/home/daniel/robotica/ros2_ws_2402/install/turtle_move_pkg_gbb/share/turtle_move_pkg_gbb/hook/pythonpath.sh'
[3.734s] Level 1:colcon.colcon_core.environment:checking '/home/daniel/robotica/ros2_ws_2402/install/turtle_move_pkg_gbb/bin'
[3.734s] Level 1:colcon.colcon_core.environment:create_environment_scripts_only(turtle_move_pkg_gbb)
[3.740s] INFO:colcon.colcon_core.shell:Creating package script '/home/daniel/robotica/ros2_ws_2402/install/turtle_move_pkg_gbb/share/turtle_move_pkg_gbb/package.ps1'
[3.742s] INFO:colcon.colcon_core.shell:Creating package descriptor '/home/daniel/robotica/ros2_ws_2402/install/turtle_move_pkg_gbb/share/turtle_move_pkg_gbb/package.dsv'
[3.743s] DEBUG:colcon.colcon_core.event_handler.log_command:Invoked command in '/home/daniel/robotica/ros2_ws_2402/src/turtle_move_pkg_gbb' returned '0': PYTHONPATH=/home/daniel/robotica/ros2_ws_2402/build/turtle_move_pkg_gbb/prefix_override:/usr/lib/python3/dist-packages/colcon_core/task/python/colcon_distutils_commands:/home/daniel/robotica/ros2_ws_2402/install/turtle_move_pkg_gbb/lib/python3.10/site-packages:${PYTHONPATH} /usr/bin/python3 -W ignore:setup.py install is deprecated setup.py egg_info --egg-base ../../build/turtle_move_pkg_gbb build --build-base /home/daniel/robotica/ros2_ws_2402/build/turtle_move_pkg_gbb/build install --record /home/daniel/robotica/ros2_ws_2402/build/turtle_move_pkg_gbb/install.log --single-version-externally-managed install_data
[3.744s] INFO:colcon.colcon_core.shell:Creating package script '/home/daniel/robotica/ros2_ws_2402/install/turtle_move_pkg_gbb/share/turtle_move_pkg_gbb/package.sh'
[3.745s] INFO:colcon.colcon_core.shell:Creating package script '/home/daniel/robotica/ros2_ws_2402/install/turtle_move_pkg_gbb/share/turtle_move_pkg_gbb/package.bash'
[3.746s] INFO:colcon.colcon_core.shell:Creating package script '/home/daniel/robotica/ros2_ws_2402/install/turtle_move_pkg_gbb/share/turtle_move_pkg_gbb/package.zsh'
[3.747s] Level 1:colcon.colcon_core.environment:create_file_with_runtime_dependencies(/home/daniel/robotica/ros2_ws_2402/install/turtle_move_pkg_gbb/share/colcon-core/packages/turtle_move_pkg_gbb)
[3.750s] Level 1:colcon.colcon_core.environment:checking '/home/daniel/robotica/ros2_ws_2402/install/twist2tf2_pkg_gbb' for CMake module files
[3.753s] Level 1:colcon.colcon_core.environment:checking '/home/daniel/robotica/ros2_ws_2402/install/twist2tf2_pkg_gbb' for CMake config files
[3.751s] DEBUG:colcon.colcon_core.event_handler.log_command:Invoked command in '/home/daniel/robotica/ros2_ws_2402/src/twist2tf2_pkg_gbb' returned '0': PYTHONPATH=/home/daniel/robotica/ros2_ws_2402/build/twist2tf2_pkg_gbb/prefix_override:/usr/lib/python3/dist-packages/colcon_core/task/python/colcon_distutils_commands:/home/daniel/robotica/ros2_ws_2402/install/twist2tf2_pkg_gbb/lib/python3.10/site-packages:${PYTHONPATH} /usr/bin/python3 -W ignore:setup.py install is deprecated setup.py egg_info --egg-base ../../build/twist2tf2_pkg_gbb build --build-base /home/daniel/robotica/ros2_ws_2402/build/twist2tf2_pkg_gbb/build install --record /home/daniel/robotica/ros2_ws_2402/build/twist2tf2_pkg_gbb/install.log --single-version-externally-managed install_data
[3.754s] Level 1:colcon.colcon_core.environment:checking '/home/daniel/robotica/ros2_ws_2402/install/twist2tf2_pkg_gbb/lib'
[3.754s] Level 1:colcon.colcon_core.environment:checking '/home/daniel/robotica/ros2_ws_2402/install/twist2tf2_pkg_gbb/bin'
[3.754s] Level 1:colcon.colcon_core.environment:checking '/home/daniel/robotica/ros2_ws_2402/install/twist2tf2_pkg_gbb/lib/pkgconfig/twist2tf2_pkg_gbb.pc'
[3.755s] Level 1:colcon.colcon_core.environment:checking '/home/daniel/robotica/ros2_ws_2402/install/twist2tf2_pkg_gbb/lib/python3.10/site-packages'
[3.755s] Level 1:colcon.colcon_core.shell:create_environment_hook('twist2tf2_pkg_gbb', 'pythonpath')
[3.755s] INFO:colcon.colcon_core.shell:Creating environment hook '/home/daniel/robotica/ros2_ws_2402/install/twist2tf2_pkg_gbb/share/twist2tf2_pkg_gbb/hook/pythonpath.ps1'
[3.757s] INFO:colcon.colcon_core.shell:Creating environment descriptor '/home/daniel/robotica/ros2_ws_2402/install/twist2tf2_pkg_gbb/share/twist2tf2_pkg_gbb/hook/pythonpath.dsv'
[3.757s] INFO:colcon.colcon_core.shell:Creating environment hook '/home/daniel/robotica/ros2_ws_2402/install/twist2tf2_pkg_gbb/share/twist2tf2_pkg_gbb/hook/pythonpath.sh'
[3.759s] Level 1:colcon.colcon_core.environment:checking '/home/daniel/robotica/ros2_ws_2402/install/twist2tf2_pkg_gbb/bin'
[3.759s] Level 1:colcon.colcon_core.environment:create_environment_scripts_only(twist2tf2_pkg_gbb)
[3.759s] INFO:colcon.colcon_core.shell:Creating package script '/home/daniel/robotica/ros2_ws_2402/install/twist2tf2_pkg_gbb/share/twist2tf2_pkg_gbb/package.ps1'
[3.760s] INFO:colcon.colcon_core.shell:Creating package descriptor '/home/daniel/robotica/ros2_ws_2402/install/twist2tf2_pkg_gbb/share/twist2tf2_pkg_gbb/package.dsv'
[3.761s] INFO:colcon.colcon_core.shell:Creating package script '/home/daniel/robotica/ros2_ws_2402/install/twist2tf2_pkg_gbb/share/twist2tf2_pkg_gbb/package.sh'
[3.761s] INFO:colcon.colcon_core.shell:Creating package script '/home/daniel/robotica/ros2_ws_2402/install/twist2tf2_pkg_gbb/share/twist2tf2_pkg_gbb/package.bash'
[3.762s] INFO:colcon.colcon_core.shell:Creating package script '/home/daniel/robotica/ros2_ws_2402/install/twist2tf2_pkg_gbb/share/twist2tf2_pkg_gbb/package.zsh'
[3.762s] Level 1:colcon.colcon_core.environment:create_file_with_runtime_dependencies(/home/daniel/robotica/ros2_ws_2402/install/twist2tf2_pkg_gbb/share/colcon-core/packages/twist2tf2_pkg_gbb)
[3.764s] Level 1:colcon.colcon_core.environment:checking '/home/daniel/robotica/ros2_ws_2402/install/car_move_pkg_gbb' for CMake module files
[3.767s] DEBUG:colcon.colcon_core.event_handler.log_command:Invoked command in '/home/daniel/robotica/ros2_ws_2402/src/car_move_pkg_gbb' returned '0': PYTHONPATH=/home/daniel/robotica/ros2_ws_2402/build/car_move_pkg_gbb/prefix_override:/usr/lib/python3/dist-packages/colcon_core/task/python/colcon_distutils_commands:/home/daniel/robotica/ros2_ws_2402/install/car_move_pkg_gbb/lib/python3.10/site-packages:${PYTHONPATH} /usr/bin/python3 -W ignore:setup.py install is deprecated setup.py egg_info --egg-base ../../build/car_move_pkg_gbb build --build-base /home/daniel/robotica/ros2_ws_2402/build/car_move_pkg_gbb/build install --record /home/daniel/robotica/ros2_ws_2402/build/car_move_pkg_gbb/install.log --single-version-externally-managed install_data
[3.769s] Level 1:colcon.colcon_core.environment:checking '/home/daniel/robotica/ros2_ws_2402/install/car_move_pkg_gbb' for CMake config files
[3.771s] Level 1:colcon.colcon_core.environment:checking '/home/daniel/robotica/ros2_ws_2402/install/car_move_pkg_gbb/lib'
[3.771s] Level 1:colcon.colcon_core.environment:checking '/home/daniel/robotica/ros2_ws_2402/install/car_move_pkg_gbb/bin'
[3.771s] Level 1:colcon.colcon_core.environment:checking '/home/daniel/robotica/ros2_ws_2402/install/car_move_pkg_gbb/lib/pkgconfig/car_move_pkg_gbb.pc'
[3.772s] Level 1:colcon.colcon_core.environment:checking '/home/daniel/robotica/ros2_ws_2402/install/car_move_pkg_gbb/lib/python3.10/site-packages'
[3.772s] Level 1:colcon.colcon_core.shell:create_environment_hook('car_move_pkg_gbb', 'pythonpath')
[3.773s] INFO:colcon.colcon_core.shell:Creating environment hook '/home/daniel/robotica/ros2_ws_2402/install/car_move_pkg_gbb/share/car_move_pkg_gbb/hook/pythonpath.ps1'
[3.774s] INFO:colcon.colcon_core.shell:Creating environment descriptor '/home/daniel/robotica/ros2_ws_2402/install/car_move_pkg_gbb/share/car_move_pkg_gbb/hook/pythonpath.dsv'
[3.774s] INFO:colcon.colcon_core.shell:Creating environment hook '/home/daniel/robotica/ros2_ws_2402/install/car_move_pkg_gbb/share/car_move_pkg_gbb/hook/pythonpath.sh'
[3.776s] Level 1:colcon.colcon_core.environment:checking '/home/daniel/robotica/ros2_ws_2402/install/car_move_pkg_gbb/bin'
[3.776s] Level 1:colcon.colcon_core.environment:create_environment_scripts_only(car_move_pkg_gbb)
[3.777s] INFO:colcon.colcon_core.shell:Creating package script '/home/daniel/robotica/ros2_ws_2402/install/car_move_pkg_gbb/share/car_move_pkg_gbb/package.ps1'
[3.778s] INFO:colcon.colcon_core.shell:Creating package descriptor '/home/daniel/robotica/ros2_ws_2402/install/car_move_pkg_gbb/share/car_move_pkg_gbb/package.dsv'
[3.779s] INFO:colcon.colcon_core.shell:Creating package script '/home/daniel/robotica/ros2_ws_2402/install/car_move_pkg_gbb/share/car_move_pkg_gbb/package.sh'
[3.780s] INFO:colcon.colcon_core.shell:Creating package script '/home/daniel/robotica/ros2_ws_2402/install/car_move_pkg_gbb/share/car_move_pkg_gbb/package.bash'
[3.780s] INFO:colcon.colcon_core.shell:Creating package script '/home/daniel/robotica/ros2_ws_2402/install/car_move_pkg_gbb/share/car_move_pkg_gbb/package.zsh'
[3.781s] Level 1:colcon.colcon_core.environment:create_file_with_runtime_dependencies(/home/daniel/robotica/ros2_ws_2402/install/car_move_pkg_gbb/share/colcon-core/packages/car_move_pkg_gbb)
[3.782s] Level 1:colcon.colcon_core.environment:checking '/home/daniel/robotica/ros2_ws_2402/install/odom_pkg' for CMake module files
[3.784s] Level 1:colcon.colcon_core.environment:checking '/home/daniel/robotica/ros2_ws_2402/install/odom_pkg' for CMake config files
[3.785s] DEBUG:colcon.colcon_core.event_handler.log_command:Invoked command in '/home/daniel/robotica/ros2_ws_2402/src/odom_pkg' returned '0': PYTHONPATH=/home/daniel/robotica/ros2_ws_2402/build/odom_pkg/prefix_override:/usr/lib/python3/dist-packages/colcon_core/task/python/colcon_distutils_commands:/home/daniel/robotica/ros2_ws_2402/install/odom_pkg/lib/python3.10/site-packages:${PYTHONPATH} /usr/bin/python3 -W ignore:setup.py install is deprecated setup.py egg_info --egg-base ../../build/odom_pkg build --build-base /home/daniel/robotica/ros2_ws_2402/build/odom_pkg/build install --record /home/daniel/robotica/ros2_ws_2402/build/odom_pkg/install.log --single-version-externally-managed install_data
[3.786s] Level 1:colcon.colcon_core.environment:checking '/home/daniel/robotica/ros2_ws_2402/install/odom_pkg/lib'
[3.786s] Level 1:colcon.colcon_core.environment:checking '/home/daniel/robotica/ros2_ws_2402/install/odom_pkg/bin'
[3.786s] Level 1:colcon.colcon_core.environment:checking '/home/daniel/robotica/ros2_ws_2402/install/odom_pkg/lib/pkgconfig/odom_pkg.pc'
[3.787s] Level 1:colcon.colcon_core.environment:checking '/home/daniel/robotica/ros2_ws_2402/install/odom_pkg/lib/python3.10/site-packages'
[3.787s] Level 1:colcon.colcon_core.shell:create_environment_hook('odom_pkg', 'pythonpath')
[3.787s] INFO:colcon.colcon_core.shell:Creating environment hook '/home/daniel/robotica/ros2_ws_2402/install/odom_pkg/share/odom_pkg/hook/pythonpath.ps1'
[3.789s] INFO:colcon.colcon_core.shell:Creating environment descriptor '/home/daniel/robotica/ros2_ws_2402/install/odom_pkg/share/odom_pkg/hook/pythonpath.dsv'
[3.789s] INFO:colcon.colcon_core.shell:Creating environment hook '/home/daniel/robotica/ros2_ws_2402/install/odom_pkg/share/odom_pkg/hook/pythonpath.sh'
[3.791s] Level 1:colcon.colcon_core.environment:checking '/home/daniel/robotica/ros2_ws_2402/install/odom_pkg/bin'
[3.791s] Level 1:colcon.colcon_core.environment:create_environment_scripts_only(odom_pkg)
[3.792s] INFO:colcon.colcon_core.shell:Creating package script '/home/daniel/robotica/ros2_ws_2402/install/odom_pkg/share/odom_pkg/package.ps1'
[3.793s] INFO:colcon.colcon_core.shell:Creating package descriptor '/home/daniel/robotica/ros2_ws_2402/install/odom_pkg/share/odom_pkg/package.dsv'
[3.794s] INFO:colcon.colcon_core.shell:Creating package script '/home/daniel/robotica/ros2_ws_2402/install/odom_pkg/share/odom_pkg/package.sh'
[3.795s] INFO:colcon.colcon_core.shell:Creating package script '/home/daniel/robotica/ros2_ws_2402/install/odom_pkg/share/odom_pkg/package.bash'
[3.796s] INFO:colcon.colcon_core.shell:Creating package script '/home/daniel/robotica/ros2_ws_2402/install/odom_pkg/share/odom_pkg/package.zsh'
[3.796s] Level 1:colcon.colcon_core.environment:create_file_with_runtime_dependencies(/home/daniel/robotica/ros2_ws_2402/install/odom_pkg/share/colcon-core/packages/odom_pkg)
[3.797s] DEBUG:colcon.colcon_parallel_executor.executor.parallel:closing loop
[3.797s] DEBUG:colcon.colcon_parallel_executor.executor.parallel:loop closed
[3.797s] DEBUG:colcon.colcon_parallel_executor.executor.parallel:run_until_complete finished with '0'
[3.797s] DEBUG:colcon.colcon_core.event_reactor:joining thread
[3.811s] INFO:colcon.colcon_core.plugin_system:Skipping extension 'colcon_notification.desktop_notification.terminal_notifier': Not used on non-Darwin systems
[3.812s] INFO:colcon.colcon_core.plugin_system:Skipping extension 'colcon_notification.desktop_notification.win32': Not used on non-Windows systems
[3.812s] INFO:colcon.colcon_notification.desktop_notification:Sending desktop notification using 'notify2'
[3.828s] DEBUG:colcon.colcon_core.event_reactor:joined thread
[3.829s] INFO:colcon.colcon_core.shell:Creating prefix script '/home/daniel/robotica/ros2_ws_2402/install/local_setup.ps1'
[3.830s] INFO:colcon.colcon_core.shell:Creating prefix util module '/home/daniel/robotica/ros2_ws_2402/install/_local_setup_util_ps1.py'
[3.832s] INFO:colcon.colcon_core.shell:Creating prefix chain script '/home/daniel/robotica/ros2_ws_2402/install/setup.ps1'
[3.833s] INFO:colcon.colcon_core.shell:Creating prefix script '/home/daniel/robotica/ros2_ws_2402/install/local_setup.sh'
[3.835s] INFO:colcon.colcon_core.shell:Creating prefix util module '/home/daniel/robotica/ros2_ws_2402/install/_local_setup_util_sh.py'
[3.837s] INFO:colcon.colcon_core.shell:Creating prefix chain script '/home/daniel/robotica/ros2_ws_2402/install/setup.sh'
[3.840s] INFO:colcon.colcon_core.shell:Creating prefix script '/home/daniel/robotica/ros2_ws_2402/install/local_setup.bash'
[3.841s] INFO:colcon.colcon_core.shell:Creating prefix chain script '/home/daniel/robotica/ros2_ws_2402/install/setup.bash'
[3.843s] INFO:colcon.colcon_core.shell:Creating prefix script '/home/daniel/robotica/ros2_ws_2402/install/local_setup.zsh'
[3.844s] INFO:colcon.colcon_core.shell:Creating prefix chain script '/home/daniel/robotica/ros2_ws_2402/install/setup.zsh'
