[3.550s] Invoking command in '/home/daniel/robotica/ros2_ws_2402/src/modelrobot_pkg_gbb': PYTHONPATH=/home/daniel/robotica/ros2_ws_2402/build/modelrobot_pkg_gbb/prefix_override:/usr/lib/python3/dist-packages/colcon_core/task/python/colcon_distutils_commands:/home/daniel/robotica/ros2_ws_2402/install/modelrobot_pkg_gbb/lib/python3.10/site-packages:${PYTHONPATH} /usr/bin/python3 -W ignore:setup.py install is deprecated setup.py egg_info --egg-base ../../build/modelrobot_pkg_gbb build --build-base /home/daniel/robotica/ros2_ws_2402/build/modelrobot_pkg_gbb/build install --record /home/daniel/robotica/ros2_ws_2402/build/modelrobot_pkg_gbb/install.log --single-version-externally-managed install_data
[4.340s] running egg_info
[4.343s] writing ../../build/modelrobot_pkg_gbb/modelrobot_pkg_gbb.egg-info/PKG-INFO
[4.343s] writing dependency_links to ../../build/modelrobot_pkg_gbb/modelrobot_pkg_gbb.egg-info/dependency_links.txt
[4.347s] writing entry points to ../../build/modelrobot_pkg_gbb/modelrobot_pkg_gbb.egg-info/entry_points.txt
[4.348s] writing requirements to ../../build/modelrobot_pkg_gbb/modelrobot_pkg_gbb.egg-info/requires.txt
[4.348s] writing top-level names to ../../build/modelrobot_pkg_gbb/modelrobot_pkg_gbb.egg-info/top_level.txt
[4.355s] reading manifest file '../../build/modelrobot_pkg_gbb/modelrobot_pkg_gbb.egg-info/SOURCES.txt'
[4.367s] writing manifest file '../../build/modelrobot_pkg_gbb/modelrobot_pkg_gbb.egg-info/SOURCES.txt'
[4.368s] running build
[4.368s] running build_py
[4.368s] running install
[4.373s] running install_lib
[4.376s] running install_data
[4.377s] running install_egg_info
[4.384s] removing '/home/daniel/robotica/ros2_ws_2402/install/modelrobot_pkg_gbb/lib/python3.10/site-packages/modelrobot_pkg_gbb-0.0.0-py3.10.egg-info' (and everything under it)
[4.384s] Copying ../../build/modelrobot_pkg_gbb/modelrobot_pkg_gbb.egg-info to /home/daniel/robotica/ros2_ws_2402/install/modelrobot_pkg_gbb/lib/python3.10/site-packages/modelrobot_pkg_gbb-0.0.0-py3.10.egg-info
[4.387s] running install_scripts
[4.467s] writing list of installed files to '/home/daniel/robotica/ros2_ws_2402/build/modelrobot_pkg_gbb/install.log'
[4.650s] Invoked command in '/home/daniel/robotica/ros2_ws_2402/src/modelrobot_pkg_gbb' returned '0': PYTHONPATH=/home/daniel/robotica/ros2_ws_2402/build/modelrobot_pkg_gbb/prefix_override:/usr/lib/python3/dist-packages/colcon_core/task/python/colcon_distutils_commands:/home/daniel/robotica/ros2_ws_2402/install/modelrobot_pkg_gbb/lib/python3.10/site-packages:${PYTHONPATH} /usr/bin/python3 -W ignore:setup.py install is deprecated setup.py egg_info --egg-base ../../build/modelrobot_pkg_gbb build --build-base /home/daniel/robotica/ros2_ws_2402/build/modelrobot_pkg_gbb/build install --record /home/daniel/robotica/ros2_ws_2402/build/modelrobot_pkg_gbb/install.log --single-version-externally-managed install_data
