running egg_info
writing ../../build/launch_pkg_gbb/launch_pkg_gbb.egg-info/PKG-INFO
writing dependency_links to ../../build/launch_pkg_gbb/launch_pkg_gbb.egg-info/dependency_links.txt
writing entry points to ../../build/launch_pkg_gbb/launch_pkg_gbb.egg-info/entry_points.txt
writing requirements to ../../build/launch_pkg_gbb/launch_pkg_gbb.egg-info/requires.txt
writing top-level names to ../../build/launch_pkg_gbb/launch_pkg_gbb.egg-info/top_level.txt
reading manifest file '../../build/launch_pkg_gbb/launch_pkg_gbb.egg-info/SOURCES.txt'
writing manifest file '../../build/launch_pkg_gbb/launch_pkg_gbb.egg-info/SOURCES.txt'
running build
running build_py
running install
running install_lib
running install_data
copying package.xml -> /home/daniel/robotica/ros2_ws_2402/install/launch_pkg_gbb/share/launch_pkg_gbb
creating /home/daniel/robotica/ros2_ws_2402/install/launch_pkg_gbb/share/launch_pkg_gbb/launch
copying launch/talker_listener.launch.py -> /home/daniel/robotica/ros2_ws_2402/install/launch_pkg_gbb/share/launch_pkg_gbb/launch
running install_egg_info
removing '/home/daniel/robotica/ros2_ws_2402/install/launch_pkg_gbb/lib/python3.10/site-packages/launch_pkg_gbb-0.0.0-py3.10.egg-info' (and everything under it)
Copying ../../build/launch_pkg_gbb/launch_pkg_gbb.egg-info to /home/daniel/robotica/ros2_ws_2402/install/launch_pkg_gbb/lib/python3.10/site-packages/launch_pkg_gbb-0.0.0-py3.10.egg-info
running install_scripts
writing list of installed files to '/home/daniel/robotica/ros2_ws_2402/build/launch_pkg_gbb/install.log'
