[3.646s] Invoking command in '/home/daniel/robotica/ros2_ws_2402/src/turtle_move_pkg_gbb': PYTHONPATH=/home/daniel/robotica/ros2_ws_2402/build/turtle_move_pkg_gbb/prefix_override:/usr/lib/python3/dist-packages/colcon_core/task/python/colcon_distutils_commands:/home/daniel/robotica/ros2_ws_2402/install/turtle_move_pkg_gbb/lib/python3.10/site-packages:${PYTHONPATH} /usr/bin/python3 -W ignore:setup.py install is deprecated setup.py egg_info --egg-base ../../build/turtle_move_pkg_gbb build --build-base /home/daniel/robotica/ros2_ws_2402/build/turtle_move_pkg_gbb/build install --record /home/daniel/robotica/ros2_ws_2402/build/turtle_move_pkg_gbb/install.log --single-version-externally-managed install_data
[4.441s] running egg_info
[4.441s] writing ../../build/turtle_move_pkg_gbb/turtle_move_pkg_gbb.egg-info/PKG-INFO
[4.441s] writing dependency_links to ../../build/turtle_move_pkg_gbb/turtle_move_pkg_gbb.egg-info/dependency_links.txt
[4.445s] writing entry points to ../../build/turtle_move_pkg_gbb/turtle_move_pkg_gbb.egg-info/entry_points.txt
[4.446s] writing requirements to ../../build/turtle_move_pkg_gbb/turtle_move_pkg_gbb.egg-info/requires.txt
[4.446s] writing top-level names to ../../build/turtle_move_pkg_gbb/turtle_move_pkg_gbb.egg-info/top_level.txt
[4.449s] reading manifest file '../../build/turtle_move_pkg_gbb/turtle_move_pkg_gbb.egg-info/SOURCES.txt'
[4.454s] writing manifest file '../../build/turtle_move_pkg_gbb/turtle_move_pkg_gbb.egg-info/SOURCES.txt'
[4.454s] running build
[4.454s] running build_py
[4.455s] copying turtle_move_pkg_gbb/turtle_cmd_node.py -> /home/daniel/robotica/ros2_ws_2402/build/turtle_move_pkg_gbb/build/lib/turtle_move_pkg_gbb
[4.456s] running install
[4.457s] running install_lib
[4.462s] copying /home/daniel/robotica/ros2_ws_2402/build/turtle_move_pkg_gbb/build/lib/turtle_move_pkg_gbb/turtle_cmd_node.py -> /home/daniel/robotica/ros2_ws_2402/install/turtle_move_pkg_gbb/lib/python3.10/site-packages/turtle_move_pkg_gbb
[4.467s] byte-compiling /home/daniel/robotica/ros2_ws_2402/install/turtle_move_pkg_gbb/lib/python3.10/site-packages/turtle_move_pkg_gbb/turtle_cmd_node.py to turtle_cmd_node.cpython-310.pyc
[4.472s] running install_data
[4.472s] running install_egg_info
[4.483s] removing '/home/daniel/robotica/ros2_ws_2402/install/turtle_move_pkg_gbb/lib/python3.10/site-packages/turtle_move_pkg_gbb-0.0.0-py3.10.egg-info' (and everything under it)
[4.483s] Copying ../../build/turtle_move_pkg_gbb/turtle_move_pkg_gbb.egg-info to /home/daniel/robotica/ros2_ws_2402/install/turtle_move_pkg_gbb/lib/python3.10/site-packages/turtle_move_pkg_gbb-0.0.0-py3.10.egg-info
[4.484s] running install_scripts
[4.598s] Installing cmdturtle script to /home/daniel/robotica/ros2_ws_2402/install/turtle_move_pkg_gbb/lib/turtle_move_pkg_gbb
[4.599s] Installing turtle_move_node_gbb script to /home/daniel/robotica/ros2_ws_2402/install/turtle_move_pkg_gbb/lib/turtle_move_pkg_gbb
[4.599s] writing list of installed files to '/home/daniel/robotica/ros2_ws_2402/build/turtle_move_pkg_gbb/install.log'
[4.677s] Invoked command in '/home/daniel/robotica/ros2_ws_2402/src/turtle_move_pkg_gbb' returned '0': PYTHONPATH=/home/daniel/robotica/ros2_ws_2402/build/turtle_move_pkg_gbb/prefix_override:/usr/lib/python3/dist-packages/colcon_core/task/python/colcon_distutils_commands:/home/daniel/robotica/ros2_ws_2402/install/turtle_move_pkg_gbb/lib/python3.10/site-packages:${PYTHONPATH} /usr/bin/python3 -W ignore:setup.py install is deprecated setup.py egg_info --egg-base ../../build/turtle_move_pkg_gbb build --build-base /home/daniel/robotica/ros2_ws_2402/build/turtle_move_pkg_gbb/build install --record /home/daniel/robotica/ros2_ws_2402/build/turtle_move_pkg_gbb/install.log --single-version-externally-managed install_data
