[2.543s] Invoking command in '/home/daniel/robotica/ros2_ws_2402/src/car_poscontrol_pkg': PYTHONPATH=/home/daniel/robotica/ros2_ws_2402/build/car_poscontrol_pkg/prefix_override:/usr/lib/python3/dist-packages/colcon_core/task/python/colcon_distutils_commands:/home/daniel/robotica/ros2_ws_2402/install/car_poscontrol_pkg/lib/python3.10/site-packages:${PYTHONPATH} /usr/bin/python3 -W ignore:setup.py install is deprecated setup.py egg_info --egg-base ../../build/car_poscontrol_pkg build --build-base /home/daniel/robotica/ros2_ws_2402/build/car_poscontrol_pkg/build install --record /home/daniel/robotica/ros2_ws_2402/build/car_poscontrol_pkg/install.log --single-version-externally-managed install_data
[3.109s] running egg_info
[3.109s] writing ../../build/car_poscontrol_pkg/car_poscontrol_pkg.egg-info/PKG-INFO
[3.109s] writing dependency_links to ../../build/car_poscontrol_pkg/car_poscontrol_pkg.egg-info/dependency_links.txt
[3.109s] writing entry points to ../../build/car_poscontrol_pkg/car_poscontrol_pkg.egg-info/entry_points.txt
[3.109s] writing requirements to ../../build/car_poscontrol_pkg/car_poscontrol_pkg.egg-info/requires.txt
[3.110s] writing top-level names to ../../build/car_poscontrol_pkg/car_poscontrol_pkg.egg-info/top_level.txt
[3.114s] reading manifest file '../../build/car_poscontrol_pkg/car_poscontrol_pkg.egg-info/SOURCES.txt'
[3.115s] writing manifest file '../../build/car_poscontrol_pkg/car_poscontrol_pkg.egg-info/SOURCES.txt'
[3.115s] running build
[3.115s] running build_py
[3.115s] copying car_poscontrol_pkg/carcontrol_node.py -> /home/daniel/robotica/ros2_ws_2402/build/car_poscontrol_pkg/build/lib/car_poscontrol_pkg
[3.115s] running install
[3.116s] running install_lib
[3.117s] copying /home/daniel/robotica/ros2_ws_2402/build/car_poscontrol_pkg/build/lib/car_poscontrol_pkg/carcontrol_node.py -> /home/daniel/robotica/ros2_ws_2402/install/car_poscontrol_pkg/lib/python3.10/site-packages/car_poscontrol_pkg
[3.121s] byte-compiling /home/daniel/robotica/ros2_ws_2402/install/car_poscontrol_pkg/lib/python3.10/site-packages/car_poscontrol_pkg/carcontrol_node.py to carcontrol_node.cpython-310.pyc
[3.121s] running install_data
[3.121s] running install_egg_info
[3.124s] removing '/home/daniel/robotica/ros2_ws_2402/install/car_poscontrol_pkg/lib/python3.10/site-packages/car_poscontrol_pkg-0.0.0-py3.10.egg-info' (and everything under it)
[3.124s] Copying ../../build/car_poscontrol_pkg/car_poscontrol_pkg.egg-info to /home/daniel/robotica/ros2_ws_2402/install/car_poscontrol_pkg/lib/python3.10/site-packages/car_poscontrol_pkg-0.0.0-py3.10.egg-info
[3.125s] running install_scripts
[3.208s] Installing carcontrol_node script to /home/daniel/robotica/ros2_ws_2402/install/car_poscontrol_pkg/lib/car_poscontrol_pkg
[3.209s] writing list of installed files to '/home/daniel/robotica/ros2_ws_2402/build/car_poscontrol_pkg/install.log'
[3.362s] Invoked command in '/home/daniel/robotica/ros2_ws_2402/src/car_poscontrol_pkg' returned '0': PYTHONPATH=/home/daniel/robotica/ros2_ws_2402/build/car_poscontrol_pkg/prefix_override:/usr/lib/python3/dist-packages/colcon_core/task/python/colcon_distutils_commands:/home/daniel/robotica/ros2_ws_2402/install/car_poscontrol_pkg/lib/python3.10/site-packages:${PYTHONPATH} /usr/bin/python3 -W ignore:setup.py install is deprecated setup.py egg_info --egg-base ../../build/car_poscontrol_pkg build --build-base /home/daniel/robotica/ros2_ws_2402/build/car_poscontrol_pkg/build install --record /home/daniel/robotica/ros2_ws_2402/build/car_poscontrol_pkg/install.log --single-version-externally-managed install_data
