[0.114s] DEBUG:colcon:Command line arguments: ['/usr/bin/colcon', 'build']
[0.114s] DEBUG:colcon:Parsed command line arguments: Namespace(log_base=None, log_level=None, verb_name='build', build_base='build', install_base='install', merge_install=False, symlink_install=False, test_result_base=None, continue_on_error=False, executor='parallel', parallel_workers=8, event_handlers=None, ignore_user_meta=False, metas=['./colcon.meta'], base_paths=['.'], packages_ignore=None, packages_ignore_regex=None, paths=None, packages_up_to=None, packages_up_to_regex=None, packages_above=None, packages_above_and_dependencies=None, packages_above_depth=None, packages_select_by_dep=None, packages_skip_by_dep=None, packages_skip_up_to=None, packages_select_build_failed=False, packages_skip_build_finished=False, packages_select_test_failures=False, packages_skip_test_passed=False, packages_select=None, packages_skip=None, packages_select_regex=None, packages_skip_regex=None, packages_start=None, packages_end=None, allow_overriding=[], cmake_args=None, cmake_target=None, cmake_target_skip_unavailable=False, cmake_clean_cache=False, cmake_clean_first=False, cmake_force_configure=False, ament_cmake_args=None, catkin_cmake_args=None, catkin_skip_building_tests=False, verb_parser=<colcon_defaults.argument_parser.defaults.DefaultArgumentsDecorator object at 0x7aa2ba101ba0>, verb_extension=<colcon_core.verb.build.BuildVerb object at 0x7aa2ba22a7a0>, main=<bound method BuildVerb.main of <colcon_core.verb.build.BuildVerb object at 0x7aa2ba22a7a0>>)
[0.280s] Level 1:colcon.colcon_core.package_discovery:discover_packages(colcon_meta) check parameters
[0.280s] Level 1:colcon.colcon_core.package_discovery:discover_packages(recursive) check parameters
[0.280s] Level 1:colcon.colcon_core.package_discovery:discover_packages(ignore) check parameters
[0.280s] Level 1:colcon.colcon_core.package_discovery:discover_packages(path) check parameters
[0.280s] Level 1:colcon.colcon_core.package_discovery:discover_packages(colcon_meta) discover
[0.280s] Level 1:colcon.colcon_core.package_discovery:discover_packages(recursive) discover
[0.280s] INFO:colcon.colcon_core.package_discovery:Crawling recursively for packages in '/home/daniel/robotica/ros2_ws_2402'
[0.280s] Level 1:colcon.colcon_core.package_identification:_identify(.) by extensions ['ignore', 'ignore_ament_install']
[0.280s] Level 1:colcon.colcon_core.package_identification:_identify(.) by extension 'ignore'
[0.280s] Level 1:colcon.colcon_core.package_identification:_identify(.) by extension 'ignore_ament_install'
[0.280s] Level 1:colcon.colcon_core.package_identification:_identify(.) by extensions ['colcon_pkg']
[0.280s] Level 1:colcon.colcon_core.package_identification:_identify(.) by extension 'colcon_pkg'
[0.280s] Level 1:colcon.colcon_core.package_identification:_identify(.) by extensions ['colcon_meta']
[0.280s] Level 1:colcon.colcon_core.package_identification:_identify(.) by extension 'colcon_meta'
[0.280s] Level 1:colcon.colcon_core.package_identification:_identify(.) by extensions ['ros']
[0.280s] Level 1:colcon.colcon_core.package_identification:_identify(.) by extension 'ros'
[0.293s] Level 1:colcon.colcon_core.package_identification:_identify(.) by extensions ['cmake', 'python']
[0.293s] Level 1:colcon.colcon_core.package_identification:_identify(.) by extension 'cmake'
[0.293s] Level 1:colcon.colcon_core.package_identification:_identify(.) by extension 'python'
[0.293s] Level 1:colcon.colcon_core.package_identification:_identify(.) by extensions ['python_setup_py']
[0.293s] Level 1:colcon.colcon_core.package_identification:_identify(.) by extension 'python_setup_py'
[0.294s] Level 1:colcon.colcon_core.package_identification:_identify(build) by extensions ['ignore', 'ignore_ament_install']
[0.294s] Level 1:colcon.colcon_core.package_identification:_identify(build) by extension 'ignore'
[0.294s] Level 1:colcon.colcon_core.package_identification:_identify(build) ignored
[0.294s] Level 1:colcon.colcon_core.package_identification:_identify(install) by extensions ['ignore', 'ignore_ament_install']
[0.294s] Level 1:colcon.colcon_core.package_identification:_identify(install) by extension 'ignore'
[0.294s] Level 1:colcon.colcon_core.package_identification:_identify(install) ignored
[0.294s] Level 1:colcon.colcon_core.package_identification:_identify(log) by extensions ['ignore', 'ignore_ament_install']
[0.294s] Level 1:colcon.colcon_core.package_identification:_identify(log) by extension 'ignore'
[0.294s] Level 1:colcon.colcon_core.package_identification:_identify(log) ignored
[0.294s] Level 1:colcon.colcon_core.package_identification:_identify(src) by extensions ['ignore', 'ignore_ament_install']
[0.294s] Level 1:colcon.colcon_core.package_identification:_identify(src) by extension 'ignore'
[0.294s] Level 1:colcon.colcon_core.package_identification:_identify(src) by extension 'ignore_ament_install'
[0.295s] Level 1:colcon.colcon_core.package_identification:_identify(src) by extensions ['colcon_pkg']
[0.295s] Level 1:colcon.colcon_core.package_identification:_identify(src) by extension 'colcon_pkg'
[0.295s] Level 1:colcon.colcon_core.package_identification:_identify(src) by extensions ['colcon_meta']
[0.295s] Level 1:colcon.colcon_core.package_identification:_identify(src) by extension 'colcon_meta'
[0.295s] Level 1:colcon.colcon_core.package_identification:_identify(src) by extensions ['ros']
[0.295s] Level 1:colcon.colcon_core.package_identification:_identify(src) by extension 'ros'
[0.295s] Level 1:colcon.colcon_core.package_identification:_identify(src) by extensions ['cmake', 'python']
[0.295s] Level 1:colcon.colcon_core.package_identification:_identify(src) by extension 'cmake'
[0.295s] Level 1:colcon.colcon_core.package_identification:_identify(src) by extension 'python'
[0.295s] Level 1:colcon.colcon_core.package_identification:_identify(src) by extensions ['python_setup_py']
[0.295s] Level 1:colcon.colcon_core.package_identification:_identify(src) by extension 'python_setup_py'
[0.295s] Level 1:colcon.colcon_core.package_identification:_identify(src/car_move_pkg_gbb) by extensions ['ignore', 'ignore_ament_install']
[0.295s] Level 1:colcon.colcon_core.package_identification:_identify(src/car_move_pkg_gbb) by extension 'ignore'
[0.295s] Level 1:colcon.colcon_core.package_identification:_identify(src/car_move_pkg_gbb) by extension 'ignore_ament_install'
[0.295s] Level 1:colcon.colcon_core.package_identification:_identify(src/car_move_pkg_gbb) by extensions ['colcon_pkg']
[0.295s] Level 1:colcon.colcon_core.package_identification:_identify(src/car_move_pkg_gbb) by extension 'colcon_pkg'
[0.295s] Level 1:colcon.colcon_core.package_identification:_identify(src/car_move_pkg_gbb) by extensions ['colcon_meta']
[0.295s] Level 1:colcon.colcon_core.package_identification:_identify(src/car_move_pkg_gbb) by extension 'colcon_meta'
[0.295s] Level 1:colcon.colcon_core.package_identification:_identify(src/car_move_pkg_gbb) by extensions ['ros']
[0.295s] Level 1:colcon.colcon_core.package_identification:_identify(src/car_move_pkg_gbb) by extension 'ros'
[0.298s] DEBUG:colcon.colcon_core.package_identification:Package 'src/car_move_pkg_gbb' with type 'ros.ament_python' and name 'car_move_pkg_gbb'
[0.298s] Level 1:colcon.colcon_core.package_identification:_identify(src/car_poscontrol_pkg) by extensions ['ignore', 'ignore_ament_install']
[0.298s] Level 1:colcon.colcon_core.package_identification:_identify(src/car_poscontrol_pkg) by extension 'ignore'
[0.298s] Level 1:colcon.colcon_core.package_identification:_identify(src/car_poscontrol_pkg) by extension 'ignore_ament_install'
[0.298s] Level 1:colcon.colcon_core.package_identification:_identify(src/car_poscontrol_pkg) by extensions ['colcon_pkg']
[0.298s] Level 1:colcon.colcon_core.package_identification:_identify(src/car_poscontrol_pkg) by extension 'colcon_pkg'
[0.298s] Level 1:colcon.colcon_core.package_identification:_identify(src/car_poscontrol_pkg) by extensions ['colcon_meta']
[0.298s] Level 1:colcon.colcon_core.package_identification:_identify(src/car_poscontrol_pkg) by extension 'colcon_meta'
[0.298s] Level 1:colcon.colcon_core.package_identification:_identify(src/car_poscontrol_pkg) by extensions ['ros']
[0.298s] Level 1:colcon.colcon_core.package_identification:_identify(src/car_poscontrol_pkg) by extension 'ros'
[0.299s] DEBUG:colcon.colcon_core.package_identification:Package 'src/car_poscontrol_pkg' with type 'ros.ament_python' and name 'car_poscontrol_pkg'
[0.299s] Level 1:colcon.colcon_core.package_identification:_identify(src/joint_state_pkg_g00) by extensions ['ignore', 'ignore_ament_install']
[0.299s] Level 1:colcon.colcon_core.package_identification:_identify(src/joint_state_pkg_g00) by extension 'ignore'
[0.299s] Level 1:colcon.colcon_core.package_identification:_identify(src/joint_state_pkg_g00) by extension 'ignore_ament_install'
[0.299s] Level 1:colcon.colcon_core.package_identification:_identify(src/joint_state_pkg_g00) by extensions ['colcon_pkg']
[0.299s] Level 1:colcon.colcon_core.package_identification:_identify(src/joint_state_pkg_g00) by extension 'colcon_pkg'
[0.299s] Level 1:colcon.colcon_core.package_identification:_identify(src/joint_state_pkg_g00) by extensions ['colcon_meta']
[0.299s] Level 1:colcon.colcon_core.package_identification:_identify(src/joint_state_pkg_g00) by extension 'colcon_meta'
[0.299s] Level 1:colcon.colcon_core.package_identification:_identify(src/joint_state_pkg_g00) by extensions ['ros']
[0.299s] Level 1:colcon.colcon_core.package_identification:_identify(src/joint_state_pkg_g00) by extension 'ros'
[0.299s] DEBUG:colcon.colcon_core.package_identification:Package 'src/joint_state_pkg_g00' with type 'ros.ament_python' and name 'joint_state_pkg_g00'
[0.299s] Level 1:colcon.colcon_core.package_identification:_identify(src/launch_pkg_gbb) by extensions ['ignore', 'ignore_ament_install']
[0.300s] Level 1:colcon.colcon_core.package_identification:_identify(src/launch_pkg_gbb) by extension 'ignore'
[0.300s] Level 1:colcon.colcon_core.package_identification:_identify(src/launch_pkg_gbb) by extension 'ignore_ament_install'
[0.300s] Level 1:colcon.colcon_core.package_identification:_identify(src/launch_pkg_gbb) by extensions ['colcon_pkg']
[0.300s] Level 1:colcon.colcon_core.package_identification:_identify(src/launch_pkg_gbb) by extension 'colcon_pkg'
[0.300s] Level 1:colcon.colcon_core.package_identification:_identify(src/launch_pkg_gbb) by extensions ['colcon_meta']
[0.300s] Level 1:colcon.colcon_core.package_identification:_identify(src/launch_pkg_gbb) by extension 'colcon_meta'
[0.300s] Level 1:colcon.colcon_core.package_identification:_identify(src/launch_pkg_gbb) by extensions ['ros']
[0.300s] Level 1:colcon.colcon_core.package_identification:_identify(src/launch_pkg_gbb) by extension 'ros'
[0.300s] DEBUG:colcon.colcon_core.package_identification:Package 'src/launch_pkg_gbb' with type 'ros.ament_python' and name 'launch_pkg_gbb'
[0.300s] Level 1:colcon.colcon_core.package_identification:_identify(src/modelrobot_pkg_gbb) by extensions ['ignore', 'ignore_ament_install']
[0.301s] Level 1:colcon.colcon_core.package_identification:_identify(src/modelrobot_pkg_gbb) by extension 'ignore'
[0.301s] Level 1:colcon.colcon_core.package_identification:_identify(src/modelrobot_pkg_gbb) by extension 'ignore_ament_install'
[0.301s] Level 1:colcon.colcon_core.package_identification:_identify(src/modelrobot_pkg_gbb) by extensions ['colcon_pkg']
[0.301s] Level 1:colcon.colcon_core.package_identification:_identify(src/modelrobot_pkg_gbb) by extension 'colcon_pkg'
[0.301s] Level 1:colcon.colcon_core.package_identification:_identify(src/modelrobot_pkg_gbb) by extensions ['colcon_meta']
[0.301s] Level 1:colcon.colcon_core.package_identification:_identify(src/modelrobot_pkg_gbb) by extension 'colcon_meta'
[0.301s] Level 1:colcon.colcon_core.package_identification:_identify(src/modelrobot_pkg_gbb) by extensions ['ros']
[0.301s] Level 1:colcon.colcon_core.package_identification:_identify(src/modelrobot_pkg_gbb) by extension 'ros'
[0.301s] DEBUG:colcon.colcon_core.package_identification:Package 'src/modelrobot_pkg_gbb' with type 'ros.ament_python' and name 'modelrobot_pkg_gbb'
[0.301s] Level 1:colcon.colcon_core.package_identification:_identify(src/odom_pkg) by extensions ['ignore', 'ignore_ament_install']
[0.301s] Level 1:colcon.colcon_core.package_identification:_identify(src/odom_pkg) by extension 'ignore'
[0.301s] Level 1:colcon.colcon_core.package_identification:_identify(src/odom_pkg) by extension 'ignore_ament_install'
[0.302s] Level 1:colcon.colcon_core.package_identification:_identify(src/odom_pkg) by extensions ['colcon_pkg']
[0.302s] Level 1:colcon.colcon_core.package_identification:_identify(src/odom_pkg) by extension 'colcon_pkg'
[0.302s] Level 1:colcon.colcon_core.package_identification:_identify(src/odom_pkg) by extensions ['colcon_meta']
[0.302s] Level 1:colcon.colcon_core.package_identification:_identify(src/odom_pkg) by extension 'colcon_meta'
[0.302s] Level 1:colcon.colcon_core.package_identification:_identify(src/odom_pkg) by extensions ['ros']
[0.302s] Level 1:colcon.colcon_core.package_identification:_identify(src/odom_pkg) by extension 'ros'
[0.303s] DEBUG:colcon.colcon_core.package_identification:Package 'src/odom_pkg' with type 'ros.ament_python' and name 'odom_pkg'
[0.303s] Level 1:colcon.colcon_core.package_identification:_identify(src/temp) by extensions ['ignore', 'ignore_ament_install']
[0.303s] Level 1:colcon.colcon_core.package_identification:_identify(src/temp) by extension 'ignore'
[0.303s] Level 1:colcon.colcon_core.package_identification:_identify(src/temp) by extension 'ignore_ament_install'
[0.303s] Level 1:colcon.colcon_core.package_identification:_identify(src/temp) by extensions ['colcon_pkg']
[0.303s] Level 1:colcon.colcon_core.package_identification:_identify(src/temp) by extension 'colcon_pkg'
[0.303s] Level 1:colcon.colcon_core.package_identification:_identify(src/temp) by extensions ['colcon_meta']
[0.303s] Level 1:colcon.colcon_core.package_identification:_identify(src/temp) by extension 'colcon_meta'
[0.303s] Level 1:colcon.colcon_core.package_identification:_identify(src/temp) by extensions ['ros']
[0.303s] Level 1:colcon.colcon_core.package_identification:_identify(src/temp) by extension 'ros'
[0.304s] Level 1:colcon.colcon_core.package_identification:_identify(src/temp) by extensions ['cmake', 'python']
[0.304s] Level 1:colcon.colcon_core.package_identification:_identify(src/temp) by extension 'cmake'
[0.304s] Level 1:colcon.colcon_core.package_identification:_identify(src/temp) by extension 'python'
[0.304s] Level 1:colcon.colcon_core.package_identification:_identify(src/temp) by extensions ['python_setup_py']
[0.304s] Level 1:colcon.colcon_core.package_identification:_identify(src/temp) by extension 'python_setup_py'
[0.304s] Level 1:colcon.colcon_core.package_identification:_identify(src/turtle_move_pkg_gbb) by extensions ['ignore', 'ignore_ament_install']
[0.304s] Level 1:colcon.colcon_core.package_identification:_identify(src/turtle_move_pkg_gbb) by extension 'ignore'
[0.304s] Level 1:colcon.colcon_core.package_identification:_identify(src/turtle_move_pkg_gbb) by extension 'ignore_ament_install'
[0.304s] Level 1:colcon.colcon_core.package_identification:_identify(src/turtle_move_pkg_gbb) by extensions ['colcon_pkg']
[0.304s] Level 1:colcon.colcon_core.package_identification:_identify(src/turtle_move_pkg_gbb) by extension 'colcon_pkg'
[0.304s] Level 1:colcon.colcon_core.package_identification:_identify(src/turtle_move_pkg_gbb) by extensions ['colcon_meta']
[0.304s] Level 1:colcon.colcon_core.package_identification:_identify(src/turtle_move_pkg_gbb) by extension 'colcon_meta'
[0.304s] Level 1:colcon.colcon_core.package_identification:_identify(src/turtle_move_pkg_gbb) by extensions ['ros']
[0.304s] Level 1:colcon.colcon_core.package_identification:_identify(src/turtle_move_pkg_gbb) by extension 'ros'
[0.305s] DEBUG:colcon.colcon_core.package_identification:Package 'src/turtle_move_pkg_gbb' with type 'ros.ament_python' and name 'turtle_move_pkg_gbb'
[0.306s] Level 1:colcon.colcon_core.package_identification:_identify(src/twist2tf2_pkg_gbb) by extensions ['ignore', 'ignore_ament_install']
[0.306s] Level 1:colcon.colcon_core.package_identification:_identify(src/twist2tf2_pkg_gbb) by extension 'ignore'
[0.306s] Level 1:colcon.colcon_core.package_identification:_identify(src/twist2tf2_pkg_gbb) by extension 'ignore_ament_install'
[0.306s] Level 1:colcon.colcon_core.package_identification:_identify(src/twist2tf2_pkg_gbb) by extensions ['colcon_pkg']
[0.306s] Level 1:colcon.colcon_core.package_identification:_identify(src/twist2tf2_pkg_gbb) by extension 'colcon_pkg'
[0.306s] Level 1:colcon.colcon_core.package_identification:_identify(src/twist2tf2_pkg_gbb) by extensions ['colcon_meta']
[0.306s] Level 1:colcon.colcon_core.package_identification:_identify(src/twist2tf2_pkg_gbb) by extension 'colcon_meta'
[0.306s] Level 1:colcon.colcon_core.package_identification:_identify(src/twist2tf2_pkg_gbb) by extensions ['ros']
[0.306s] Level 1:colcon.colcon_core.package_identification:_identify(src/twist2tf2_pkg_gbb) by extension 'ros'
[0.306s] DEBUG:colcon.colcon_core.package_identification:Package 'src/twist2tf2_pkg_gbb' with type 'ros.ament_python' and name 'twist2tf2_pkg_gbb'
[0.306s] Level 1:colcon.colcon_core.package_discovery:discover_packages(recursive) using defaults
[0.307s] Level 1:colcon.colcon_core.package_discovery:discover_packages(ignore) discover
[0.307s] Level 1:colcon.colcon_core.package_discovery:discover_packages(ignore) using defaults
[0.307s] Level 1:colcon.colcon_core.package_discovery:discover_packages(path) discover
[0.307s] Level 1:colcon.colcon_core.package_discovery:discover_packages(path) using defaults
[0.345s] Level 1:colcon.colcon_core.package_discovery:discover_packages(prefix_path) check parameters
[0.345s] Level 1:colcon.colcon_core.package_discovery:discover_packages(prefix_path) discover
[0.347s] DEBUG:colcon.colcon_installed_package_information.package_discovery:Found 8 installed packages in /home/daniel/robotica/ros2_ws_2402/install
[0.349s] DEBUG:colcon.colcon_installed_package_information.package_discovery:Found 326 installed packages in /opt/ros/humble
[0.350s] Level 1:colcon.colcon_core.package_discovery:discover_packages(prefix_path) using defaults
[0.401s] Level 5:colcon.colcon_core.verb:set package 'car_move_pkg_gbb' build argument 'cmake_args' from command line to 'None'
[0.401s] Level 5:colcon.colcon_core.verb:set package 'car_move_pkg_gbb' build argument 'cmake_target' from command line to 'None'
[0.401s] Level 5:colcon.colcon_core.verb:set package 'car_move_pkg_gbb' build argument 'cmake_target_skip_unavailable' from command line to 'False'
[0.401s] Level 5:colcon.colcon_core.verb:set package 'car_move_pkg_gbb' build argument 'cmake_clean_cache' from command line to 'False'
[0.401s] Level 5:colcon.colcon_core.verb:set package 'car_move_pkg_gbb' build argument 'cmake_clean_first' from command line to 'False'
[0.401s] Level 5:colcon.colcon_core.verb:set package 'car_move_pkg_gbb' build argument 'cmake_force_configure' from command line to 'False'
[0.401s] Level 5:colcon.colcon_core.verb:set package 'car_move_pkg_gbb' build argument 'ament_cmake_args' from command line to 'None'
[0.401s] Level 5:colcon.colcon_core.verb:set package 'car_move_pkg_gbb' build argument 'catkin_cmake_args' from command line to 'None'
[0.401s] Level 5:colcon.colcon_core.verb:set package 'car_move_pkg_gbb' build argument 'catkin_skip_building_tests' from command line to 'False'
[0.401s] DEBUG:colcon.colcon_core.verb:Building package 'car_move_pkg_gbb' with the following arguments: {'ament_cmake_args': None, 'build_base': '/home/daniel/robotica/ros2_ws_2402/build/car_move_pkg_gbb', 'catkin_cmake_args': None, 'catkin_skip_building_tests': False, 'cmake_args': None, 'cmake_clean_cache': False, 'cmake_clean_first': False, 'cmake_force_configure': False, 'cmake_target': None, 'cmake_target_skip_unavailable': False, 'install_base': '/home/daniel/robotica/ros2_ws_2402/install/car_move_pkg_gbb', 'merge_install': False, 'path': '/home/daniel/robotica/ros2_ws_2402/src/car_move_pkg_gbb', 'symlink_install': False, 'test_result_base': None}
[0.402s] Level 5:colcon.colcon_core.verb:set package 'car_poscontrol_pkg' build argument 'cmake_args' from command line to 'None'
[0.402s] Level 5:colcon.colcon_core.verb:set package 'car_poscontrol_pkg' build argument 'cmake_target' from command line to 'None'
[0.402s] Level 5:colcon.colcon_core.verb:set package 'car_poscontrol_pkg' build argument 'cmake_target_skip_unavailable' from command line to 'False'
[0.402s] Level 5:colcon.colcon_core.verb:set package 'car_poscontrol_pkg' build argument 'cmake_clean_cache' from command line to 'False'
[0.402s] Level 5:colcon.colcon_core.verb:set package 'car_poscontrol_pkg' build argument 'cmake_clean_first' from command line to 'False'
[0.402s] Level 5:colcon.colcon_core.verb:set package 'car_poscontrol_pkg' build argument 'cmake_force_configure' from command line to 'False'
[0.402s] Level 5:colcon.colcon_core.verb:set package 'car_poscontrol_pkg' build argument 'ament_cmake_args' from command line to 'None'
[0.402s] Level 5:colcon.colcon_core.verb:set package 'car_poscontrol_pkg' build argument 'catkin_cmake_args' from command line to 'None'
[0.402s] Level 5:colcon.colcon_core.verb:set package 'car_poscontrol_pkg' build argument 'catkin_skip_building_tests' from command line to 'False'
[0.402s] DEBUG:colcon.colcon_core.verb:Building package 'car_poscontrol_pkg' with the following arguments: {'ament_cmake_args': None, 'build_base': '/home/daniel/robotica/ros2_ws_2402/build/car_poscontrol_pkg', 'catkin_cmake_args': None, 'catkin_skip_building_tests': False, 'cmake_args': None, 'cmake_clean_cache': False, 'cmake_clean_first': False, 'cmake_force_configure': False, 'cmake_target': None, 'cmake_target_skip_unavailable': False, 'install_base': '/home/daniel/robotica/ros2_ws_2402/install/car_poscontrol_pkg', 'merge_install': False, 'path': '/home/daniel/robotica/ros2_ws_2402/src/car_poscontrol_pkg', 'symlink_install': False, 'test_result_base': None}
[0.403s] Level 5:colcon.colcon_core.verb:set package 'joint_state_pkg_g00' build argument 'cmake_args' from command line to 'None'
[0.403s] Level 5:colcon.colcon_core.verb:set package 'joint_state_pkg_g00' build argument 'cmake_target' from command line to 'None'
[0.403s] Level 5:colcon.colcon_core.verb:set package 'joint_state_pkg_g00' build argument 'cmake_target_skip_unavailable' from command line to 'False'
[0.403s] Level 5:colcon.colcon_core.verb:set package 'joint_state_pkg_g00' build argument 'cmake_clean_cache' from command line to 'False'
[0.403s] Level 5:colcon.colcon_core.verb:set package 'joint_state_pkg_g00' build argument 'cmake_clean_first' from command line to 'False'
[0.403s] Level 5:colcon.colcon_core.verb:set package 'joint_state_pkg_g00' build argument 'cmake_force_configure' from command line to 'False'
[0.403s] Level 5:colcon.colcon_core.verb:set package 'joint_state_pkg_g00' build argument 'ament_cmake_args' from command line to 'None'
[0.403s] Level 5:colcon.colcon_core.verb:set package 'joint_state_pkg_g00' build argument 'catkin_cmake_args' from command line to 'None'
[0.403s] Level 5:colcon.colcon_core.verb:set package 'joint_state_pkg_g00' build argument 'catkin_skip_building_tests' from command line to 'False'
[0.403s] DEBUG:colcon.colcon_core.verb:Building package 'joint_state_pkg_g00' with the following arguments: {'ament_cmake_args': None, 'build_base': '/home/daniel/robotica/ros2_ws_2402/build/joint_state_pkg_g00', 'catkin_cmake_args': None, 'catkin_skip_building_tests': False, 'cmake_args': None, 'cmake_clean_cache': False, 'cmake_clean_first': False, 'cmake_force_configure': False, 'cmake_target': None, 'cmake_target_skip_unavailable': False, 'install_base': '/home/daniel/robotica/ros2_ws_2402/install/joint_state_pkg_g00', 'merge_install': False, 'path': '/home/daniel/robotica/ros2_ws_2402/src/joint_state_pkg_g00', 'symlink_install': False, 'test_result_base': None}
[0.404s] Level 5:colcon.colcon_core.verb:set package 'launch_pkg_gbb' build argument 'cmake_args' from command line to 'None'
[0.404s] Level 5:colcon.colcon_core.verb:set package 'launch_pkg_gbb' build argument 'cmake_target' from command line to 'None'
[0.404s] Level 5:colcon.colcon_core.verb:set package 'launch_pkg_gbb' build argument 'cmake_target_skip_unavailable' from command line to 'False'
[0.404s] Level 5:colcon.colcon_core.verb:set package 'launch_pkg_gbb' build argument 'cmake_clean_cache' from command line to 'False'
[0.404s] Level 5:colcon.colcon_core.verb:set package 'launch_pkg_gbb' build argument 'cmake_clean_first' from command line to 'False'
[0.404s] Level 5:colcon.colcon_core.verb:set package 'launch_pkg_gbb' build argument 'cmake_force_configure' from command line to 'False'
[0.404s] Level 5:colcon.colcon_core.verb:set package 'launch_pkg_gbb' build argument 'ament_cmake_args' from command line to 'None'
[0.404s] Level 5:colcon.colcon_core.verb:set package 'launch_pkg_gbb' build argument 'catkin_cmake_args' from command line to 'None'
[0.404s] Level 5:colcon.colcon_core.verb:set package 'launch_pkg_gbb' build argument 'catkin_skip_building_tests' from command line to 'False'
[0.404s] DEBUG:colcon.colcon_core.verb:Building package 'launch_pkg_gbb' with the following arguments: {'ament_cmake_args': None, 'build_base': '/home/daniel/robotica/ros2_ws_2402/build/launch_pkg_gbb', 'catkin_cmake_args': None, 'catkin_skip_building_tests': False, 'cmake_args': None, 'cmake_clean_cache': False, 'cmake_clean_first': False, 'cmake_force_configure': False, 'cmake_target': None, 'cmake_target_skip_unavailable': False, 'install_base': '/home/daniel/robotica/ros2_ws_2402/install/launch_pkg_gbb', 'merge_install': False, 'path': '/home/daniel/robotica/ros2_ws_2402/src/launch_pkg_gbb', 'symlink_install': False, 'test_result_base': None}
[0.404s] Level 5:colcon.colcon_core.verb:set package 'modelrobot_pkg_gbb' build argument 'cmake_args' from command line to 'None'
[0.404s] Level 5:colcon.colcon_core.verb:set package 'modelrobot_pkg_gbb' build argument 'cmake_target' from command line to 'None'
[0.404s] Level 5:colcon.colcon_core.verb:set package 'modelrobot_pkg_gbb' build argument 'cmake_target_skip_unavailable' from command line to 'False'
[0.404s] Level 5:colcon.colcon_core.verb:set package 'modelrobot_pkg_gbb' build argument 'cmake_clean_cache' from command line to 'False'
[0.404s] Level 5:colcon.colcon_core.verb:set package 'modelrobot_pkg_gbb' build argument 'cmake_clean_first' from command line to 'False'
[0.404s] Level 5:colcon.colcon_core.verb:set package 'modelrobot_pkg_gbb' build argument 'cmake_force_configure' from command line to 'False'
[0.404s] Level 5:colcon.colcon_core.verb:set package 'modelrobot_pkg_gbb' build argument 'ament_cmake_args' from command line to 'None'
[0.404s] Level 5:colcon.colcon_core.verb:set package 'modelrobot_pkg_gbb' build argument 'catkin_cmake_args' from command line to 'None'
[0.404s] Level 5:colcon.colcon_core.verb:set package 'modelrobot_pkg_gbb' build argument 'catkin_skip_building_tests' from command line to 'False'
[0.404s] DEBUG:colcon.colcon_core.verb:Building package 'modelrobot_pkg_gbb' with the following arguments: {'ament_cmake_args': None, 'build_base': '/home/daniel/robotica/ros2_ws_2402/build/modelrobot_pkg_gbb', 'catkin_cmake_args': None, 'catkin_skip_building_tests': False, 'cmake_args': None, 'cmake_clean_cache': False, 'cmake_clean_first': False, 'cmake_force_configure': False, 'cmake_target': None, 'cmake_target_skip_unavailable': False, 'install_base': '/home/daniel/robotica/ros2_ws_2402/install/modelrobot_pkg_gbb', 'merge_install': False, 'path': '/home/daniel/robotica/ros2_ws_2402/src/modelrobot_pkg_gbb', 'symlink_install': False, 'test_result_base': None}
[0.405s] Level 5:colcon.colcon_core.verb:set package 'odom_pkg' build argument 'cmake_args' from command line to 'None'
[0.405s] Level 5:colcon.colcon_core.verb:set package 'odom_pkg' build argument 'cmake_target' from command line to 'None'
[0.405s] Level 5:colcon.colcon_core.verb:set package 'odom_pkg' build argument 'cmake_target_skip_unavailable' from command line to 'False'
[0.405s] Level 5:colcon.colcon_core.verb:set package 'odom_pkg' build argument 'cmake_clean_cache' from command line to 'False'
[0.405s] Level 5:colcon.colcon_core.verb:set package 'odom_pkg' build argument 'cmake_clean_first' from command line to 'False'
[0.405s] Level 5:colcon.colcon_core.verb:set package 'odom_pkg' build argument 'cmake_force_configure' from command line to 'False'
[0.405s] Level 5:colcon.colcon_core.verb:set package 'odom_pkg' build argument 'ament_cmake_args' from command line to 'None'
[0.405s] Level 5:colcon.colcon_core.verb:set package 'odom_pkg' build argument 'catkin_cmake_args' from command line to 'None'
[0.405s] Level 5:colcon.colcon_core.verb:set package 'odom_pkg' build argument 'catkin_skip_building_tests' from command line to 'False'
[0.405s] DEBUG:colcon.colcon_core.verb:Building package 'odom_pkg' with the following arguments: {'ament_cmake_args': None, 'build_base': '/home/daniel/robotica/ros2_ws_2402/build/odom_pkg', 'catkin_cmake_args': None, 'catkin_skip_building_tests': False, 'cmake_args': None, 'cmake_clean_cache': False, 'cmake_clean_first': False, 'cmake_force_configure': False, 'cmake_target': None, 'cmake_target_skip_unavailable': False, 'install_base': '/home/daniel/robotica/ros2_ws_2402/install/odom_pkg', 'merge_install': False, 'path': '/home/daniel/robotica/ros2_ws_2402/src/odom_pkg', 'symlink_install': False, 'test_result_base': None}
[0.405s] Level 5:colcon.colcon_core.verb:set package 'turtle_move_pkg_gbb' build argument 'cmake_args' from command line to 'None'
[0.405s] Level 5:colcon.colcon_core.verb:set package 'turtle_move_pkg_gbb' build argument 'cmake_target' from command line to 'None'
[0.405s] Level 5:colcon.colcon_core.verb:set package 'turtle_move_pkg_gbb' build argument 'cmake_target_skip_unavailable' from command line to 'False'
[0.405s] Level 5:colcon.colcon_core.verb:set package 'turtle_move_pkg_gbb' build argument 'cmake_clean_cache' from command line to 'False'
[0.405s] Level 5:colcon.colcon_core.verb:set package 'turtle_move_pkg_gbb' build argument 'cmake_clean_first' from command line to 'False'
[0.405s] Level 5:colcon.colcon_core.verb:set package 'turtle_move_pkg_gbb' build argument 'cmake_force_configure' from command line to 'False'
[0.405s] Level 5:colcon.colcon_core.verb:set package 'turtle_move_pkg_gbb' build argument 'ament_cmake_args' from command line to 'None'
[0.405s] Level 5:colcon.colcon_core.verb:set package 'turtle_move_pkg_gbb' build argument 'catkin_cmake_args' from command line to 'None'
[0.405s] Level 5:colcon.colcon_core.verb:set package 'turtle_move_pkg_gbb' build argument 'catkin_skip_building_tests' from command line to 'False'
[0.406s] DEBUG:colcon.colcon_core.verb:Building package 'turtle_move_pkg_gbb' with the following arguments: {'ament_cmake_args': None, 'build_base': '/home/daniel/robotica/ros2_ws_2402/build/turtle_move_pkg_gbb', 'catkin_cmake_args': None, 'catkin_skip_building_tests': False, 'cmake_args': None, 'cmake_clean_cache': False, 'cmake_clean_first': False, 'cmake_force_configure': False, 'cmake_target': None, 'cmake_target_skip_unavailable': False, 'install_base': '/home/daniel/robotica/ros2_ws_2402/install/turtle_move_pkg_gbb', 'merge_install': False, 'path': '/home/daniel/robotica/ros2_ws_2402/src/turtle_move_pkg_gbb', 'symlink_install': False, 'test_result_base': None}
[0.406s] Level 5:colcon.colcon_core.verb:set package 'twist2tf2_pkg_gbb' build argument 'cmake_args' from command line to 'None'
[0.406s] Level 5:colcon.colcon_core.verb:set package 'twist2tf2_pkg_gbb' build argument 'cmake_target' from command line to 'None'
[0.406s] Level 5:colcon.colcon_core.verb:set package 'twist2tf2_pkg_gbb' build argument 'cmake_target_skip_unavailable' from command line to 'False'
[0.406s] Level 5:colcon.colcon_core.verb:set package 'twist2tf2_pkg_gbb' build argument 'cmake_clean_cache' from command line to 'False'
[0.406s] Level 5:colcon.colcon_core.verb:set package 'twist2tf2_pkg_gbb' build argument 'cmake_clean_first' from command line to 'False'
[0.406s] Level 5:colcon.colcon_core.verb:set package 'twist2tf2_pkg_gbb' build argument 'cmake_force_configure' from command line to 'False'
[0.406s] Level 5:colcon.colcon_core.verb:set package 'twist2tf2_pkg_gbb' build argument 'ament_cmake_args' from command line to 'None'
[0.406s] Level 5:colcon.colcon_core.verb:set package 'twist2tf2_pkg_gbb' build argument 'catkin_cmake_args' from command line to 'None'
[0.406s] Level 5:colcon.colcon_core.verb:set package 'twist2tf2_pkg_gbb' build argument 'catkin_skip_building_tests' from command line to 'False'
[0.406s] DEBUG:colcon.colcon_core.verb:Building package 'twist2tf2_pkg_gbb' with the following arguments: {'ament_cmake_args': None, 'build_base': '/home/daniel/robotica/ros2_ws_2402/build/twist2tf2_pkg_gbb', 'catkin_cmake_args': None, 'catkin_skip_building_tests': False, 'cmake_args': None, 'cmake_clean_cache': False, 'cmake_clean_first': False, 'cmake_force_configure': False, 'cmake_target': None, 'cmake_target_skip_unavailable': False, 'install_base': '/home/daniel/robotica/ros2_ws_2402/install/twist2tf2_pkg_gbb', 'merge_install': False, 'path': '/home/daniel/robotica/ros2_ws_2402/src/twist2tf2_pkg_gbb', 'symlink_install': False, 'test_result_base': None}
[0.406s] INFO:colcon.colcon_core.executor:Executing jobs using 'parallel' executor
[0.407s] DEBUG:colcon.colcon_parallel_executor.executor.parallel:run_until_complete
[0.408s] INFO:colcon.colcon_ros.task.ament_python.build:Building ROS package in '/home/daniel/robotica/ros2_ws_2402/src/car_move_pkg_gbb' with build type 'ament_python'
[0.408s] Level 1:colcon.colcon_core.shell:create_environment_hook('car_move_pkg_gbb', 'ament_prefix_path')
[0.410s] INFO:colcon.colcon_core.plugin_system:Skipping extension 'colcon_core.shell.bat': Not used on non-Windows systems
[0.410s] INFO:colcon.colcon_core.shell:Creating environment hook '/home/daniel/robotica/ros2_ws_2402/install/car_move_pkg_gbb/share/car_move_pkg_gbb/hook/ament_prefix_path.ps1'
[0.411s] INFO:colcon.colcon_core.shell:Creating environment descriptor '/home/daniel/robotica/ros2_ws_2402/install/car_move_pkg_gbb/share/car_move_pkg_gbb/hook/ament_prefix_path.dsv'
[0.411s] INFO:colcon.colcon_core.shell:Creating environment hook '/home/daniel/robotica/ros2_ws_2402/install/car_move_pkg_gbb/share/car_move_pkg_gbb/hook/ament_prefix_path.sh'
[0.412s] INFO:colcon.colcon_core.shell:Skip shell extension 'powershell' for command environment: Not usable outside of PowerShell
[0.412s] DEBUG:colcon.colcon_core.shell:Skip shell extension 'dsv' for command environment
[0.414s] INFO:colcon.colcon_ros.task.ament_python.build:Building ROS package in '/home/daniel/robotica/ros2_ws_2402/src/car_poscontrol_pkg' with build type 'ament_python'
[0.415s] Level 1:colcon.colcon_core.shell:create_environment_hook('car_poscontrol_pkg', 'ament_prefix_path')
[0.415s] INFO:colcon.colcon_core.shell:Creating environment hook '/home/daniel/robotica/ros2_ws_2402/install/car_poscontrol_pkg/share/car_poscontrol_pkg/hook/ament_prefix_path.ps1'
[0.415s] INFO:colcon.colcon_core.shell:Creating environment descriptor '/home/daniel/robotica/ros2_ws_2402/install/car_poscontrol_pkg/share/car_poscontrol_pkg/hook/ament_prefix_path.dsv'
[0.415s] INFO:colcon.colcon_core.shell:Creating environment hook '/home/daniel/robotica/ros2_ws_2402/install/car_poscontrol_pkg/share/car_poscontrol_pkg/hook/ament_prefix_path.sh'
[0.416s] INFO:colcon.colcon_core.shell:Skip shell extension 'powershell' for command environment: Not usable outside of PowerShell
[0.416s] DEBUG:colcon.colcon_core.shell:Skip shell extension 'dsv' for command environment
[0.419s] INFO:colcon.colcon_ros.task.ament_python.build:Building ROS package in '/home/daniel/robotica/ros2_ws_2402/src/joint_state_pkg_g00' with build type 'ament_python'
[0.420s] Level 1:colcon.colcon_core.shell:create_environment_hook('joint_state_pkg_g00', 'ament_prefix_path')
[0.420s] INFO:colcon.colcon_core.shell:Creating environment hook '/home/daniel/robotica/ros2_ws_2402/install/joint_state_pkg_g00/share/joint_state_pkg_g00/hook/ament_prefix_path.ps1'
[0.422s] INFO:colcon.colcon_core.shell:Creating environment descriptor '/home/daniel/robotica/ros2_ws_2402/install/joint_state_pkg_g00/share/joint_state_pkg_g00/hook/ament_prefix_path.dsv'
[0.426s] INFO:colcon.colcon_core.shell:Creating environment hook '/home/daniel/robotica/ros2_ws_2402/install/joint_state_pkg_g00/share/joint_state_pkg_g00/hook/ament_prefix_path.sh'
[0.427s] INFO:colcon.colcon_core.shell:Skip shell extension 'powershell' for command environment: Not usable outside of PowerShell
[0.427s] DEBUG:colcon.colcon_core.shell:Skip shell extension 'dsv' for command environment
[0.433s] INFO:colcon.colcon_ros.task.ament_python.build:Building ROS package in '/home/daniel/robotica/ros2_ws_2402/src/launch_pkg_gbb' with build type 'ament_python'
[0.433s] Level 1:colcon.colcon_core.shell:create_environment_hook('launch_pkg_gbb', 'ament_prefix_path')
[0.433s] INFO:colcon.colcon_core.shell:Creating environment hook '/home/daniel/robotica/ros2_ws_2402/install/launch_pkg_gbb/share/launch_pkg_gbb/hook/ament_prefix_path.ps1'
[0.434s] INFO:colcon.colcon_core.shell:Creating environment descriptor '/home/daniel/robotica/ros2_ws_2402/install/launch_pkg_gbb/share/launch_pkg_gbb/hook/ament_prefix_path.dsv'
[0.435s] INFO:colcon.colcon_core.shell:Creating environment hook '/home/daniel/robotica/ros2_ws_2402/install/launch_pkg_gbb/share/launch_pkg_gbb/hook/ament_prefix_path.sh'
[0.435s] INFO:colcon.colcon_core.shell:Skip shell extension 'powershell' for command environment: Not usable outside of PowerShell
[0.435s] DEBUG:colcon.colcon_core.shell:Skip shell extension 'dsv' for command environment
[0.446s] INFO:colcon.colcon_ros.task.ament_python.build:Building ROS package in '/home/daniel/robotica/ros2_ws_2402/src/modelrobot_pkg_gbb' with build type 'ament_python'
[0.446s] Level 1:colcon.colcon_core.shell:create_environment_hook('modelrobot_pkg_gbb', 'ament_prefix_path')
[0.446s] INFO:colcon.colcon_core.shell:Creating environment hook '/home/daniel/robotica/ros2_ws_2402/install/modelrobot_pkg_gbb/share/modelrobot_pkg_gbb/hook/ament_prefix_path.ps1'
[0.447s] INFO:colcon.colcon_core.shell:Creating environment descriptor '/home/daniel/robotica/ros2_ws_2402/install/modelrobot_pkg_gbb/share/modelrobot_pkg_gbb/hook/ament_prefix_path.dsv'
[0.448s] INFO:colcon.colcon_core.shell:Creating environment hook '/home/daniel/robotica/ros2_ws_2402/install/modelrobot_pkg_gbb/share/modelrobot_pkg_gbb/hook/ament_prefix_path.sh'
[0.448s] INFO:colcon.colcon_core.shell:Skip shell extension 'powershell' for command environment: Not usable outside of PowerShell
[0.449s] DEBUG:colcon.colcon_core.shell:Skip shell extension 'dsv' for command environment
[0.454s] INFO:colcon.colcon_ros.task.ament_python.build:Building ROS package in '/home/daniel/robotica/ros2_ws_2402/src/odom_pkg' with build type 'ament_python'
[0.455s] Level 1:colcon.colcon_core.shell:create_environment_hook('odom_pkg', 'ament_prefix_path')
[0.455s] INFO:colcon.colcon_core.shell:Creating environment hook '/home/daniel/robotica/ros2_ws_2402/install/odom_pkg/share/odom_pkg/hook/ament_prefix_path.ps1'
[0.458s] INFO:colcon.colcon_core.shell:Creating environment descriptor '/home/daniel/robotica/ros2_ws_2402/install/odom_pkg/share/odom_pkg/hook/ament_prefix_path.dsv'
[0.459s] INFO:colcon.colcon_core.shell:Creating environment hook '/home/daniel/robotica/ros2_ws_2402/install/odom_pkg/share/odom_pkg/hook/ament_prefix_path.sh'
[0.460s] INFO:colcon.colcon_core.shell:Skip shell extension 'powershell' for command environment: Not usable outside of PowerShell
[0.460s] DEBUG:colcon.colcon_core.shell:Skip shell extension 'dsv' for command environment
[0.464s] INFO:colcon.colcon_ros.task.ament_python.build:Building ROS package in '/home/daniel/robotica/ros2_ws_2402/src/turtle_move_pkg_gbb' with build type 'ament_python'
[0.464s] Level 1:colcon.colcon_core.shell:create_environment_hook('turtle_move_pkg_gbb', 'ament_prefix_path')
[0.464s] INFO:colcon.colcon_core.shell:Creating environment hook '/home/daniel/robotica/ros2_ws_2402/install/turtle_move_pkg_gbb/share/turtle_move_pkg_gbb/hook/ament_prefix_path.ps1'
[0.465s] INFO:colcon.colcon_core.shell:Creating environment descriptor '/home/daniel/robotica/ros2_ws_2402/install/turtle_move_pkg_gbb/share/turtle_move_pkg_gbb/hook/ament_prefix_path.dsv'
[0.465s] INFO:colcon.colcon_core.shell:Creating environment hook '/home/daniel/robotica/ros2_ws_2402/install/turtle_move_pkg_gbb/share/turtle_move_pkg_gbb/hook/ament_prefix_path.sh'
[0.466s] INFO:colcon.colcon_core.shell:Skip shell extension 'powershell' for command environment: Not usable outside of PowerShell
[0.466s] DEBUG:colcon.colcon_core.shell:Skip shell extension 'dsv' for command environment
[0.471s] INFO:colcon.colcon_ros.task.ament_python.build:Building ROS package in '/home/daniel/robotica/ros2_ws_2402/src/twist2tf2_pkg_gbb' with build type 'ament_python'
[0.472s] Level 1:colcon.colcon_core.shell:create_environment_hook('twist2tf2_pkg_gbb', 'ament_prefix_path')
[0.474s] INFO:colcon.colcon_core.shell:Creating environment hook '/home/daniel/robotica/ros2_ws_2402/install/twist2tf2_pkg_gbb/share/twist2tf2_pkg_gbb/hook/ament_prefix_path.ps1'
[0.476s] INFO:colcon.colcon_core.shell:Creating environment descriptor '/home/daniel/robotica/ros2_ws_2402/install/twist2tf2_pkg_gbb/share/twist2tf2_pkg_gbb/hook/ament_prefix_path.dsv'
[0.477s] INFO:colcon.colcon_core.shell:Creating environment hook '/home/daniel/robotica/ros2_ws_2402/install/twist2tf2_pkg_gbb/share/twist2tf2_pkg_gbb/hook/ament_prefix_path.sh'
[0.478s] INFO:colcon.colcon_core.shell:Skip shell extension 'powershell' for command environment: Not usable outside of PowerShell
[0.478s] DEBUG:colcon.colcon_core.shell:Skip shell extension 'dsv' for command environment
[0.790s] INFO:colcon.colcon_core.task.python.build:Building Python package in '/home/daniel/robotica/ros2_ws_2402/src/car_move_pkg_gbb'
[0.791s] INFO:colcon.colcon_core.shell:Skip shell extension 'powershell' for command environment: Not usable outside of PowerShell
[0.791s] DEBUG:colcon.colcon_core.shell:Skip shell extension 'dsv' for command environment
[1.099s] INFO:colcon.colcon_core.task.python.build:Building Python package in '/home/daniel/robotica/ros2_ws_2402/src/car_poscontrol_pkg'
[1.100s] INFO:colcon.colcon_core.shell:Skip shell extension 'powershell' for command environment: Not usable outside of PowerShell
[1.100s] DEBUG:colcon.colcon_core.shell:Skip shell extension 'dsv' for command environment
[1.382s] INFO:colcon.colcon_core.task.python.build:Building Python package in '/home/daniel/robotica/ros2_ws_2402/src/joint_state_pkg_g00'
[1.382s] INFO:colcon.colcon_core.shell:Skip shell extension 'powershell' for command environment: Not usable outside of PowerShell
[1.383s] DEBUG:colcon.colcon_core.shell:Skip shell extension 'dsv' for command environment
[1.733s] INFO:colcon.colcon_core.task.python.build:Building Python package in '/home/daniel/robotica/ros2_ws_2402/src/launch_pkg_gbb'
[1.734s] INFO:colcon.colcon_core.shell:Skip shell extension 'powershell' for command environment: Not usable outside of PowerShell
[1.734s] DEBUG:colcon.colcon_core.shell:Skip shell extension 'dsv' for command environment
[2.014s] INFO:colcon.colcon_core.task.python.build:Building Python package in '/home/daniel/robotica/ros2_ws_2402/src/modelrobot_pkg_gbb'
[2.014s] INFO:colcon.colcon_core.shell:Skip shell extension 'powershell' for command environment: Not usable outside of PowerShell
[2.014s] DEBUG:colcon.colcon_core.shell:Skip shell extension 'dsv' for command environment
[2.294s] INFO:colcon.colcon_core.task.python.build:Building Python package in '/home/daniel/robotica/ros2_ws_2402/src/odom_pkg'
[2.294s] INFO:colcon.colcon_core.shell:Skip shell extension 'powershell' for command environment: Not usable outside of PowerShell
[2.294s] DEBUG:colcon.colcon_core.shell:Skip shell extension 'dsv' for command environment
[2.579s] INFO:colcon.colcon_core.task.python.build:Building Python package in '/home/daniel/robotica/ros2_ws_2402/src/turtle_move_pkg_gbb'
[2.580s] INFO:colcon.colcon_core.shell:Skip shell extension 'powershell' for command environment: Not usable outside of PowerShell
[2.580s] DEBUG:colcon.colcon_core.shell:Skip shell extension 'dsv' for command environment
[2.865s] INFO:colcon.colcon_core.task.python.build:Building Python package in '/home/daniel/robotica/ros2_ws_2402/src/twist2tf2_pkg_gbb'
[2.865s] INFO:colcon.colcon_core.shell:Skip shell extension 'powershell' for command environment: Not usable outside of PowerShell
[2.865s] DEBUG:colcon.colcon_core.shell:Skip shell extension 'dsv' for command environment
[3.821s] DEBUG:colcon.colcon_core.event_handler.log_command:Invoking command in '/home/daniel/robotica/ros2_ws_2402/src/joint_state_pkg_g00': PYTHONPATH=/home/daniel/robotica/ros2_ws_2402/build/joint_state_pkg_g00/prefix_override:/usr/lib/python3/dist-packages/colcon_core/task/python/colcon_distutils_commands:/home/daniel/robotica/ros2_ws_2402/install/joint_state_pkg_g00/lib/python3.10/site-packages:${PYTHONPATH} /usr/bin/python3 -W ignore:setup.py install is deprecated setup.py egg_info --egg-base ../../build/joint_state_pkg_g00 build --build-base /home/daniel/robotica/ros2_ws_2402/build/joint_state_pkg_g00/build install --record /home/daniel/robotica/ros2_ws_2402/build/joint_state_pkg_g00/install.log --single-version-externally-managed install_data
[3.960s] DEBUG:colcon.colcon_core.event_handler.log_command:Invoking command in '/home/daniel/robotica/ros2_ws_2402/src/launch_pkg_gbb': PYTHONPATH=/home/daniel/robotica/ros2_ws_2402/build/launch_pkg_gbb/prefix_override:/usr/lib/python3/dist-packages/colcon_core/task/python/colcon_distutils_commands:/home/daniel/robotica/ros2_ws_2402/install/launch_pkg_gbb/lib/python3.10/site-packages:${PYTHONPATH} /usr/bin/python3 -W ignore:setup.py install is deprecated setup.py egg_info --egg-base ../../build/launch_pkg_gbb build --build-base /home/daniel/robotica/ros2_ws_2402/build/launch_pkg_gbb/build install --record /home/daniel/robotica/ros2_ws_2402/build/launch_pkg_gbb/install.log --single-version-externally-managed install_data
[3.997s] DEBUG:colcon.colcon_core.event_handler.log_command:Invoking command in '/home/daniel/robotica/ros2_ws_2402/src/modelrobot_pkg_gbb': PYTHONPATH=/home/daniel/robotica/ros2_ws_2402/build/modelrobot_pkg_gbb/prefix_override:/usr/lib/python3/dist-packages/colcon_core/task/python/colcon_distutils_commands:/home/daniel/robotica/ros2_ws_2402/install/modelrobot_pkg_gbb/lib/python3.10/site-packages:${PYTHONPATH} /usr/bin/python3 -W ignore:setup.py install is deprecated setup.py egg_info --egg-base ../../build/modelrobot_pkg_gbb build --build-base /home/daniel/robotica/ros2_ws_2402/build/modelrobot_pkg_gbb/build install --record /home/daniel/robotica/ros2_ws_2402/build/modelrobot_pkg_gbb/install.log --single-version-externally-managed install_data
[4.045s] DEBUG:colcon.colcon_core.event_handler.log_command:Invoking command in '/home/daniel/robotica/ros2_ws_2402/src/car_move_pkg_gbb': PYTHONPATH=/home/daniel/robotica/ros2_ws_2402/build/car_move_pkg_gbb/prefix_override:/usr/lib/python3/dist-packages/colcon_core/task/python/colcon_distutils_commands:/home/daniel/robotica/ros2_ws_2402/install/car_move_pkg_gbb/lib/python3.10/site-packages:${PYTHONPATH} /usr/bin/python3 -W ignore:setup.py install is deprecated setup.py egg_info --egg-base ../../build/car_move_pkg_gbb build --build-base /home/daniel/robotica/ros2_ws_2402/build/car_move_pkg_gbb/build install --record /home/daniel/robotica/ros2_ws_2402/build/car_move_pkg_gbb/install.log --single-version-externally-managed install_data
[4.066s] DEBUG:colcon.colcon_core.event_handler.log_command:Invoking command in '/home/daniel/robotica/ros2_ws_2402/src/car_poscontrol_pkg': PYTHONPATH=/home/daniel/robotica/ros2_ws_2402/build/car_poscontrol_pkg/prefix_override:/usr/lib/python3/dist-packages/colcon_core/task/python/colcon_distutils_commands:/home/daniel/robotica/ros2_ws_2402/install/car_poscontrol_pkg/lib/python3.10/site-packages:${PYTHONPATH} /usr/bin/python3 -W ignore:setup.py install is deprecated setup.py egg_info --egg-base ../../build/car_poscontrol_pkg build --build-base /home/daniel/robotica/ros2_ws_2402/build/car_poscontrol_pkg/build install --record /home/daniel/robotica/ros2_ws_2402/build/car_poscontrol_pkg/install.log --single-version-externally-managed install_data
[4.095s] DEBUG:colcon.colcon_core.event_handler.log_command:Invoking command in '/home/daniel/robotica/ros2_ws_2402/src/twist2tf2_pkg_gbb': PYTHONPATH=/home/daniel/robotica/ros2_ws_2402/build/twist2tf2_pkg_gbb/prefix_override:/usr/lib/python3/dist-packages/colcon_core/task/python/colcon_distutils_commands:/home/daniel/robotica/ros2_ws_2402/install/twist2tf2_pkg_gbb/lib/python3.10/site-packages:${PYTHONPATH} /usr/bin/python3 -W ignore:setup.py install is deprecated setup.py egg_info --egg-base ../../build/twist2tf2_pkg_gbb build --build-base /home/daniel/robotica/ros2_ws_2402/build/twist2tf2_pkg_gbb/build install --record /home/daniel/robotica/ros2_ws_2402/build/twist2tf2_pkg_gbb/install.log --single-version-externally-managed install_data
[4.110s] DEBUG:colcon.colcon_core.event_handler.log_command:Invoking command in '/home/daniel/robotica/ros2_ws_2402/src/turtle_move_pkg_gbb': PYTHONPATH=/home/daniel/robotica/ros2_ws_2402/build/turtle_move_pkg_gbb/prefix_override:/usr/lib/python3/dist-packages/colcon_core/task/python/colcon_distutils_commands:/home/daniel/robotica/ros2_ws_2402/install/turtle_move_pkg_gbb/lib/python3.10/site-packages:${PYTHONPATH} /usr/bin/python3 -W ignore:setup.py install is deprecated setup.py egg_info --egg-base ../../build/turtle_move_pkg_gbb build --build-base /home/daniel/robotica/ros2_ws_2402/build/turtle_move_pkg_gbb/build install --record /home/daniel/robotica/ros2_ws_2402/build/turtle_move_pkg_gbb/install.log --single-version-externally-managed install_data
[4.133s] DEBUG:colcon.colcon_core.event_handler.log_command:Invoking command in '/home/daniel/robotica/ros2_ws_2402/src/odom_pkg': PYTHONPATH=/home/daniel/robotica/ros2_ws_2402/build/odom_pkg/prefix_override:/usr/lib/python3/dist-packages/colcon_core/task/python/colcon_distutils_commands:/home/daniel/robotica/ros2_ws_2402/install/odom_pkg/lib/python3.10/site-packages:${PYTHONPATH} /usr/bin/python3 -W ignore:setup.py install is deprecated setup.py egg_info --egg-base ../../build/odom_pkg build --build-base /home/daniel/robotica/ros2_ws_2402/build/odom_pkg/build install --record /home/daniel/robotica/ros2_ws_2402/build/odom_pkg/install.log --single-version-externally-managed install_data
[4.847s] DEBUG:colcon.colcon_core.event_handler.log_command:Invoked command in '/home/daniel/robotica/ros2_ws_2402/src/joint_state_pkg_g00' returned '0': PYTHONPATH=/home/daniel/robotica/ros2_ws_2402/build/joint_state_pkg_g00/prefix_override:/usr/lib/python3/dist-packages/colcon_core/task/python/colcon_distutils_commands:/home/daniel/robotica/ros2_ws_2402/install/joint_state_pkg_g00/lib/python3.10/site-packages:${PYTHONPATH} /usr/bin/python3 -W ignore:setup.py install is deprecated setup.py egg_info --egg-base ../../build/joint_state_pkg_g00 build --build-base /home/daniel/robotica/ros2_ws_2402/build/joint_state_pkg_g00/build install --record /home/daniel/robotica/ros2_ws_2402/build/joint_state_pkg_g00/install.log --single-version-externally-managed install_data
[4.855s] Level 1:colcon.colcon_core.environment:checking '/home/daniel/robotica/ros2_ws_2402/install/joint_state_pkg_g00' for CMake module files
[4.857s] Level 1:colcon.colcon_core.environment:checking '/home/daniel/robotica/ros2_ws_2402/install/joint_state_pkg_g00' for CMake config files
[4.859s] Level 1:colcon.colcon_core.environment:checking '/home/daniel/robotica/ros2_ws_2402/install/joint_state_pkg_g00/lib'
[4.860s] Level 1:colcon.colcon_core.environment:checking '/home/daniel/robotica/ros2_ws_2402/install/joint_state_pkg_g00/bin'
[4.860s] Level 1:colcon.colcon_core.environment:checking '/home/daniel/robotica/ros2_ws_2402/install/joint_state_pkg_g00/lib/pkgconfig/joint_state_pkg_g00.pc'
[4.861s] Level 1:colcon.colcon_core.environment:checking '/home/daniel/robotica/ros2_ws_2402/install/joint_state_pkg_g00/lib/python3.10/site-packages'
[4.861s] Level 1:colcon.colcon_core.shell:create_environment_hook('joint_state_pkg_g00', 'pythonpath')
[4.862s] INFO:colcon.colcon_core.shell:Creating environment hook '/home/daniel/robotica/ros2_ws_2402/install/joint_state_pkg_g00/share/joint_state_pkg_g00/hook/pythonpath.ps1'
[4.863s] INFO:colcon.colcon_core.shell:Creating environment descriptor '/home/daniel/robotica/ros2_ws_2402/install/joint_state_pkg_g00/share/joint_state_pkg_g00/hook/pythonpath.dsv'
[4.864s] INFO:colcon.colcon_core.shell:Creating environment hook '/home/daniel/robotica/ros2_ws_2402/install/joint_state_pkg_g00/share/joint_state_pkg_g00/hook/pythonpath.sh'
[4.865s] Level 1:colcon.colcon_core.environment:checking '/home/daniel/robotica/ros2_ws_2402/install/joint_state_pkg_g00/bin'
[4.865s] Level 1:colcon.colcon_core.environment:create_environment_scripts_only(joint_state_pkg_g00)
[4.867s] INFO:colcon.colcon_core.shell:Creating package script '/home/daniel/robotica/ros2_ws_2402/install/joint_state_pkg_g00/share/joint_state_pkg_g00/package.ps1'
[4.872s] INFO:colcon.colcon_core.shell:Creating package descriptor '/home/daniel/robotica/ros2_ws_2402/install/joint_state_pkg_g00/share/joint_state_pkg_g00/package.dsv'
[4.875s] INFO:colcon.colcon_core.shell:Creating package script '/home/daniel/robotica/ros2_ws_2402/install/joint_state_pkg_g00/share/joint_state_pkg_g00/package.sh'
[4.879s] INFO:colcon.colcon_core.shell:Creating package script '/home/daniel/robotica/ros2_ws_2402/install/joint_state_pkg_g00/share/joint_state_pkg_g00/package.bash'
[4.881s] INFO:colcon.colcon_core.shell:Creating package script '/home/daniel/robotica/ros2_ws_2402/install/joint_state_pkg_g00/share/joint_state_pkg_g00/package.zsh'
[4.883s] Level 1:colcon.colcon_core.environment:create_file_with_runtime_dependencies(/home/daniel/robotica/ros2_ws_2402/install/joint_state_pkg_g00/share/colcon-core/packages/joint_state_pkg_g00)
[4.886s] Level 1:colcon.colcon_core.environment:checking '/home/daniel/robotica/ros2_ws_2402/install/car_poscontrol_pkg' for CMake module files
[4.889s] Level 1:colcon.colcon_core.environment:checking '/home/daniel/robotica/ros2_ws_2402/install/car_poscontrol_pkg' for CMake config files
[4.892s] Level 1:colcon.colcon_core.environment:checking '/home/daniel/robotica/ros2_ws_2402/install/car_poscontrol_pkg/lib'
[4.894s] Level 1:colcon.colcon_core.environment:checking '/home/daniel/robotica/ros2_ws_2402/install/car_poscontrol_pkg/bin'
[4.894s] DEBUG:colcon.colcon_core.event_handler.log_command:Invoked command in '/home/daniel/robotica/ros2_ws_2402/src/car_poscontrol_pkg' returned '0': PYTHONPATH=/home/daniel/robotica/ros2_ws_2402/build/car_poscontrol_pkg/prefix_override:/usr/lib/python3/dist-packages/colcon_core/task/python/colcon_distutils_commands:/home/daniel/robotica/ros2_ws_2402/install/car_poscontrol_pkg/lib/python3.10/site-packages:${PYTHONPATH} /usr/bin/python3 -W ignore:setup.py install is deprecated setup.py egg_info --egg-base ../../build/car_poscontrol_pkg build --build-base /home/daniel/robotica/ros2_ws_2402/build/car_poscontrol_pkg/build install --record /home/daniel/robotica/ros2_ws_2402/build/car_poscontrol_pkg/install.log --single-version-externally-managed install_data
[4.895s] Level 1:colcon.colcon_core.environment:checking '/home/daniel/robotica/ros2_ws_2402/install/car_poscontrol_pkg/lib/pkgconfig/car_poscontrol_pkg.pc'
[4.895s] Level 1:colcon.colcon_core.environment:checking '/home/daniel/robotica/ros2_ws_2402/install/car_poscontrol_pkg/lib/python3.10/site-packages'
[4.895s] Level 1:colcon.colcon_core.shell:create_environment_hook('car_poscontrol_pkg', 'pythonpath')
[4.896s] INFO:colcon.colcon_core.shell:Creating environment hook '/home/daniel/robotica/ros2_ws_2402/install/car_poscontrol_pkg/share/car_poscontrol_pkg/hook/pythonpath.ps1'
[4.897s] INFO:colcon.colcon_core.shell:Creating environment descriptor '/home/daniel/robotica/ros2_ws_2402/install/car_poscontrol_pkg/share/car_poscontrol_pkg/hook/pythonpath.dsv'
[4.898s] INFO:colcon.colcon_core.shell:Creating environment hook '/home/daniel/robotica/ros2_ws_2402/install/car_poscontrol_pkg/share/car_poscontrol_pkg/hook/pythonpath.sh'
[4.900s] Level 1:colcon.colcon_core.environment:checking '/home/daniel/robotica/ros2_ws_2402/install/car_poscontrol_pkg/bin'
[4.900s] Level 1:colcon.colcon_core.environment:create_environment_scripts_only(car_poscontrol_pkg)
[4.901s] INFO:colcon.colcon_core.shell:Creating package script '/home/daniel/robotica/ros2_ws_2402/install/car_poscontrol_pkg/share/car_poscontrol_pkg/package.ps1'
[4.904s] INFO:colcon.colcon_core.shell:Creating package descriptor '/home/daniel/robotica/ros2_ws_2402/install/car_poscontrol_pkg/share/car_poscontrol_pkg/package.dsv'
[4.907s] INFO:colcon.colcon_core.shell:Creating package script '/home/daniel/robotica/ros2_ws_2402/install/car_poscontrol_pkg/share/car_poscontrol_pkg/package.sh'
[4.911s] INFO:colcon.colcon_core.shell:Creating package script '/home/daniel/robotica/ros2_ws_2402/install/car_poscontrol_pkg/share/car_poscontrol_pkg/package.bash'
[4.912s] INFO:colcon.colcon_core.shell:Creating package script '/home/daniel/robotica/ros2_ws_2402/install/car_poscontrol_pkg/share/car_poscontrol_pkg/package.zsh'
[4.915s] Level 1:colcon.colcon_core.environment:create_file_with_runtime_dependencies(/home/daniel/robotica/ros2_ws_2402/install/car_poscontrol_pkg/share/colcon-core/packages/car_poscontrol_pkg)
[5.002s] Level 1:colcon.colcon_core.environment:checking '/home/daniel/robotica/ros2_ws_2402/install/odom_pkg' for CMake module files
[5.006s] Level 1:colcon.colcon_core.environment:checking '/home/daniel/robotica/ros2_ws_2402/install/odom_pkg' for CMake config files
[5.004s] DEBUG:colcon.colcon_core.event_handler.log_command:Invoked command in '/home/daniel/robotica/ros2_ws_2402/src/odom_pkg' returned '0': PYTHONPATH=/home/daniel/robotica/ros2_ws_2402/build/odom_pkg/prefix_override:/usr/lib/python3/dist-packages/colcon_core/task/python/colcon_distutils_commands:/home/daniel/robotica/ros2_ws_2402/install/odom_pkg/lib/python3.10/site-packages:${PYTHONPATH} /usr/bin/python3 -W ignore:setup.py install is deprecated setup.py egg_info --egg-base ../../build/odom_pkg build --build-base /home/daniel/robotica/ros2_ws_2402/build/odom_pkg/build install --record /home/daniel/robotica/ros2_ws_2402/build/odom_pkg/install.log --single-version-externally-managed install_data
[5.010s] Level 1:colcon.colcon_core.environment:checking '/home/daniel/robotica/ros2_ws_2402/install/odom_pkg/lib'
[5.011s] Level 1:colcon.colcon_core.environment:checking '/home/daniel/robotica/ros2_ws_2402/install/odom_pkg/bin'
[5.011s] Level 1:colcon.colcon_core.environment:checking '/home/daniel/robotica/ros2_ws_2402/install/odom_pkg/lib/pkgconfig/odom_pkg.pc'
[5.012s] Level 1:colcon.colcon_core.environment:checking '/home/daniel/robotica/ros2_ws_2402/install/odom_pkg/lib/python3.10/site-packages'
[5.013s] Level 1:colcon.colcon_core.shell:create_environment_hook('odom_pkg', 'pythonpath')
[5.014s] INFO:colcon.colcon_core.shell:Creating environment hook '/home/daniel/robotica/ros2_ws_2402/install/odom_pkg/share/odom_pkg/hook/pythonpath.ps1'
[5.015s] INFO:colcon.colcon_core.shell:Creating environment descriptor '/home/daniel/robotica/ros2_ws_2402/install/odom_pkg/share/odom_pkg/hook/pythonpath.dsv'
[5.018s] INFO:colcon.colcon_core.shell:Creating environment hook '/home/daniel/robotica/ros2_ws_2402/install/odom_pkg/share/odom_pkg/hook/pythonpath.sh'
[5.021s] Level 1:colcon.colcon_core.environment:checking '/home/daniel/robotica/ros2_ws_2402/install/odom_pkg/bin'
[5.022s] Level 1:colcon.colcon_core.environment:create_environment_scripts_only(odom_pkg)
[5.024s] INFO:colcon.colcon_core.shell:Creating package script '/home/daniel/robotica/ros2_ws_2402/install/odom_pkg/share/odom_pkg/package.ps1'
[5.028s] INFO:colcon.colcon_core.shell:Creating package descriptor '/home/daniel/robotica/ros2_ws_2402/install/odom_pkg/share/odom_pkg/package.dsv'
[5.030s] INFO:colcon.colcon_core.shell:Creating package script '/home/daniel/robotica/ros2_ws_2402/install/odom_pkg/share/odom_pkg/package.sh'
[5.032s] INFO:colcon.colcon_core.shell:Creating package script '/home/daniel/robotica/ros2_ws_2402/install/odom_pkg/share/odom_pkg/package.bash'
[5.034s] INFO:colcon.colcon_core.shell:Creating package script '/home/daniel/robotica/ros2_ws_2402/install/odom_pkg/share/odom_pkg/package.zsh'
[5.036s] Level 1:colcon.colcon_core.environment:create_file_with_runtime_dependencies(/home/daniel/robotica/ros2_ws_2402/install/odom_pkg/share/colcon-core/packages/odom_pkg)
[5.042s] Level 1:colcon.colcon_core.environment:checking '/home/daniel/robotica/ros2_ws_2402/install/twist2tf2_pkg_gbb' for CMake module files
[5.044s] DEBUG:colcon.colcon_core.event_handler.log_command:Invoked command in '/home/daniel/robotica/ros2_ws_2402/src/twist2tf2_pkg_gbb' returned '0': PYTHONPATH=/home/daniel/robotica/ros2_ws_2402/build/twist2tf2_pkg_gbb/prefix_override:/usr/lib/python3/dist-packages/colcon_core/task/python/colcon_distutils_commands:/home/daniel/robotica/ros2_ws_2402/install/twist2tf2_pkg_gbb/lib/python3.10/site-packages:${PYTHONPATH} /usr/bin/python3 -W ignore:setup.py install is deprecated setup.py egg_info --egg-base ../../build/twist2tf2_pkg_gbb build --build-base /home/daniel/robotica/ros2_ws_2402/build/twist2tf2_pkg_gbb/build install --record /home/daniel/robotica/ros2_ws_2402/build/twist2tf2_pkg_gbb/install.log --single-version-externally-managed install_data
[5.045s] Level 1:colcon.colcon_core.environment:checking '/home/daniel/robotica/ros2_ws_2402/install/twist2tf2_pkg_gbb' for CMake config files
[5.046s] Level 1:colcon.colcon_core.environment:checking '/home/daniel/robotica/ros2_ws_2402/install/twist2tf2_pkg_gbb/lib'
[5.046s] Level 1:colcon.colcon_core.environment:checking '/home/daniel/robotica/ros2_ws_2402/install/twist2tf2_pkg_gbb/bin'
[5.046s] Level 1:colcon.colcon_core.environment:checking '/home/daniel/robotica/ros2_ws_2402/install/twist2tf2_pkg_gbb/lib/pkgconfig/twist2tf2_pkg_gbb.pc'
[5.047s] Level 1:colcon.colcon_core.environment:checking '/home/daniel/robotica/ros2_ws_2402/install/twist2tf2_pkg_gbb/lib/python3.10/site-packages'
[5.047s] Level 1:colcon.colcon_core.shell:create_environment_hook('twist2tf2_pkg_gbb', 'pythonpath')
[5.048s] INFO:colcon.colcon_core.shell:Creating environment hook '/home/daniel/robotica/ros2_ws_2402/install/twist2tf2_pkg_gbb/share/twist2tf2_pkg_gbb/hook/pythonpath.ps1'
[5.050s] INFO:colcon.colcon_core.shell:Creating environment descriptor '/home/daniel/robotica/ros2_ws_2402/install/twist2tf2_pkg_gbb/share/twist2tf2_pkg_gbb/hook/pythonpath.dsv'
[5.053s] INFO:colcon.colcon_core.shell:Creating environment hook '/home/daniel/robotica/ros2_ws_2402/install/twist2tf2_pkg_gbb/share/twist2tf2_pkg_gbb/hook/pythonpath.sh'
[5.057s] Level 1:colcon.colcon_core.environment:checking '/home/daniel/robotica/ros2_ws_2402/install/twist2tf2_pkg_gbb/bin'
[5.058s] Level 1:colcon.colcon_core.environment:create_environment_scripts_only(twist2tf2_pkg_gbb)
[5.059s] INFO:colcon.colcon_core.shell:Creating package script '/home/daniel/robotica/ros2_ws_2402/install/twist2tf2_pkg_gbb/share/twist2tf2_pkg_gbb/package.ps1'
[5.061s] INFO:colcon.colcon_core.shell:Creating package descriptor '/home/daniel/robotica/ros2_ws_2402/install/twist2tf2_pkg_gbb/share/twist2tf2_pkg_gbb/package.dsv'
[5.062s] INFO:colcon.colcon_core.shell:Creating package script '/home/daniel/robotica/ros2_ws_2402/install/twist2tf2_pkg_gbb/share/twist2tf2_pkg_gbb/package.sh'
[5.064s] INFO:colcon.colcon_core.shell:Creating package script '/home/daniel/robotica/ros2_ws_2402/install/twist2tf2_pkg_gbb/share/twist2tf2_pkg_gbb/package.bash'
[5.066s] INFO:colcon.colcon_core.shell:Creating package script '/home/daniel/robotica/ros2_ws_2402/install/twist2tf2_pkg_gbb/share/twist2tf2_pkg_gbb/package.zsh'
[5.069s] Level 1:colcon.colcon_core.environment:create_file_with_runtime_dependencies(/home/daniel/robotica/ros2_ws_2402/install/twist2tf2_pkg_gbb/share/colcon-core/packages/twist2tf2_pkg_gbb)
[5.073s] Level 1:colcon.colcon_core.environment:checking '/home/daniel/robotica/ros2_ws_2402/install/car_move_pkg_gbb' for CMake module files
[5.076s] DEBUG:colcon.colcon_core.event_handler.log_command:Invoked command in '/home/daniel/robotica/ros2_ws_2402/src/car_move_pkg_gbb' returned '0': PYTHONPATH=/home/daniel/robotica/ros2_ws_2402/build/car_move_pkg_gbb/prefix_override:/usr/lib/python3/dist-packages/colcon_core/task/python/colcon_distutils_commands:/home/daniel/robotica/ros2_ws_2402/install/car_move_pkg_gbb/lib/python3.10/site-packages:${PYTHONPATH} /usr/bin/python3 -W ignore:setup.py install is deprecated setup.py egg_info --egg-base ../../build/car_move_pkg_gbb build --build-base /home/daniel/robotica/ros2_ws_2402/build/car_move_pkg_gbb/build install --record /home/daniel/robotica/ros2_ws_2402/build/car_move_pkg_gbb/install.log --single-version-externally-managed install_data
[5.076s] Level 1:colcon.colcon_core.environment:checking '/home/daniel/robotica/ros2_ws_2402/install/car_move_pkg_gbb' for CMake config files
[5.077s] Level 1:colcon.colcon_core.environment:checking '/home/daniel/robotica/ros2_ws_2402/install/car_move_pkg_gbb/lib'
[5.077s] Level 1:colcon.colcon_core.environment:checking '/home/daniel/robotica/ros2_ws_2402/install/car_move_pkg_gbb/bin'
[5.078s] Level 1:colcon.colcon_core.environment:checking '/home/daniel/robotica/ros2_ws_2402/install/car_move_pkg_gbb/lib/pkgconfig/car_move_pkg_gbb.pc'
[5.078s] Level 1:colcon.colcon_core.environment:checking '/home/daniel/robotica/ros2_ws_2402/install/car_move_pkg_gbb/lib/python3.10/site-packages'
[5.078s] Level 1:colcon.colcon_core.shell:create_environment_hook('car_move_pkg_gbb', 'pythonpath')
[5.079s] INFO:colcon.colcon_core.shell:Creating environment hook '/home/daniel/robotica/ros2_ws_2402/install/car_move_pkg_gbb/share/car_move_pkg_gbb/hook/pythonpath.ps1'
[5.079s] INFO:colcon.colcon_core.shell:Creating environment descriptor '/home/daniel/robotica/ros2_ws_2402/install/car_move_pkg_gbb/share/car_move_pkg_gbb/hook/pythonpath.dsv'
[5.080s] INFO:colcon.colcon_core.shell:Creating environment hook '/home/daniel/robotica/ros2_ws_2402/install/car_move_pkg_gbb/share/car_move_pkg_gbb/hook/pythonpath.sh'
[5.081s] Level 1:colcon.colcon_core.environment:checking '/home/daniel/robotica/ros2_ws_2402/install/car_move_pkg_gbb/bin'
[5.081s] Level 1:colcon.colcon_core.environment:create_environment_scripts_only(car_move_pkg_gbb)
[5.082s] INFO:colcon.colcon_core.shell:Creating package script '/home/daniel/robotica/ros2_ws_2402/install/car_move_pkg_gbb/share/car_move_pkg_gbb/package.ps1'
[5.086s] INFO:colcon.colcon_core.shell:Creating package descriptor '/home/daniel/robotica/ros2_ws_2402/install/car_move_pkg_gbb/share/car_move_pkg_gbb/package.dsv'
[5.089s] INFO:colcon.colcon_core.shell:Creating package script '/home/daniel/robotica/ros2_ws_2402/install/car_move_pkg_gbb/share/car_move_pkg_gbb/package.sh'
[5.091s] INFO:colcon.colcon_core.shell:Creating package script '/home/daniel/robotica/ros2_ws_2402/install/car_move_pkg_gbb/share/car_move_pkg_gbb/package.bash'
[5.092s] INFO:colcon.colcon_core.shell:Creating package script '/home/daniel/robotica/ros2_ws_2402/install/car_move_pkg_gbb/share/car_move_pkg_gbb/package.zsh'
[5.093s] Level 1:colcon.colcon_core.environment:create_file_with_runtime_dependencies(/home/daniel/robotica/ros2_ws_2402/install/car_move_pkg_gbb/share/colcon-core/packages/car_move_pkg_gbb)
[5.095s] Level 1:colcon.colcon_core.environment:checking '/home/daniel/robotica/ros2_ws_2402/install/modelrobot_pkg_gbb' for CMake module files
[5.096s] DEBUG:colcon.colcon_core.event_handler.log_command:Invoked command in '/home/daniel/robotica/ros2_ws_2402/src/modelrobot_pkg_gbb' returned '0': PYTHONPATH=/home/daniel/robotica/ros2_ws_2402/build/modelrobot_pkg_gbb/prefix_override:/usr/lib/python3/dist-packages/colcon_core/task/python/colcon_distutils_commands:/home/daniel/robotica/ros2_ws_2402/install/modelrobot_pkg_gbb/lib/python3.10/site-packages:${PYTHONPATH} /usr/bin/python3 -W ignore:setup.py install is deprecated setup.py egg_info --egg-base ../../build/modelrobot_pkg_gbb build --build-base /home/daniel/robotica/ros2_ws_2402/build/modelrobot_pkg_gbb/build install --record /home/daniel/robotica/ros2_ws_2402/build/modelrobot_pkg_gbb/install.log --single-version-externally-managed install_data
[5.097s] Level 1:colcon.colcon_core.environment:checking '/home/daniel/robotica/ros2_ws_2402/install/modelrobot_pkg_gbb' for CMake config files
[5.098s] Level 1:colcon.colcon_core.environment:checking '/home/daniel/robotica/ros2_ws_2402/install/modelrobot_pkg_gbb/lib'
[5.099s] Level 1:colcon.colcon_core.environment:checking '/home/daniel/robotica/ros2_ws_2402/install/modelrobot_pkg_gbb/bin'
[5.099s] Level 1:colcon.colcon_core.environment:checking '/home/daniel/robotica/ros2_ws_2402/install/modelrobot_pkg_gbb/lib/pkgconfig/modelrobot_pkg_gbb.pc'
[5.100s] Level 1:colcon.colcon_core.environment:checking '/home/daniel/robotica/ros2_ws_2402/install/modelrobot_pkg_gbb/lib/python3.10/site-packages'
[5.100s] Level 1:colcon.colcon_core.shell:create_environment_hook('modelrobot_pkg_gbb', 'pythonpath')
[5.101s] INFO:colcon.colcon_core.shell:Creating environment hook '/home/daniel/robotica/ros2_ws_2402/install/modelrobot_pkg_gbb/share/modelrobot_pkg_gbb/hook/pythonpath.ps1'
[5.104s] INFO:colcon.colcon_core.shell:Creating environment descriptor '/home/daniel/robotica/ros2_ws_2402/install/modelrobot_pkg_gbb/share/modelrobot_pkg_gbb/hook/pythonpath.dsv'
[5.106s] INFO:colcon.colcon_core.shell:Creating environment hook '/home/daniel/robotica/ros2_ws_2402/install/modelrobot_pkg_gbb/share/modelrobot_pkg_gbb/hook/pythonpath.sh'
[5.107s] Level 1:colcon.colcon_core.environment:checking '/home/daniel/robotica/ros2_ws_2402/install/modelrobot_pkg_gbb/bin'
[5.107s] Level 1:colcon.colcon_core.environment:create_environment_scripts_only(modelrobot_pkg_gbb)
[5.108s] INFO:colcon.colcon_core.shell:Creating package script '/home/daniel/robotica/ros2_ws_2402/install/modelrobot_pkg_gbb/share/modelrobot_pkg_gbb/package.ps1'
[5.109s] INFO:colcon.colcon_core.shell:Creating package descriptor '/home/daniel/robotica/ros2_ws_2402/install/modelrobot_pkg_gbb/share/modelrobot_pkg_gbb/package.dsv'
[5.110s] INFO:colcon.colcon_core.shell:Creating package script '/home/daniel/robotica/ros2_ws_2402/install/modelrobot_pkg_gbb/share/modelrobot_pkg_gbb/package.sh'
[5.111s] INFO:colcon.colcon_core.shell:Creating package script '/home/daniel/robotica/ros2_ws_2402/install/modelrobot_pkg_gbb/share/modelrobot_pkg_gbb/package.bash'
[5.112s] INFO:colcon.colcon_core.shell:Creating package script '/home/daniel/robotica/ros2_ws_2402/install/modelrobot_pkg_gbb/share/modelrobot_pkg_gbb/package.zsh'
[5.112s] Level 1:colcon.colcon_core.environment:create_file_with_runtime_dependencies(/home/daniel/robotica/ros2_ws_2402/install/modelrobot_pkg_gbb/share/colcon-core/packages/modelrobot_pkg_gbb)
[5.114s] Level 1:colcon.colcon_core.environment:checking '/home/daniel/robotica/ros2_ws_2402/install/launch_pkg_gbb' for CMake module files
[5.115s] Level 1:colcon.colcon_core.environment:checking '/home/daniel/robotica/ros2_ws_2402/install/launch_pkg_gbb' for CMake config files
[5.116s] DEBUG:colcon.colcon_core.event_handler.log_command:Invoked command in '/home/daniel/robotica/ros2_ws_2402/src/launch_pkg_gbb' returned '0': PYTHONPATH=/home/daniel/robotica/ros2_ws_2402/build/launch_pkg_gbb/prefix_override:/usr/lib/python3/dist-packages/colcon_core/task/python/colcon_distutils_commands:/home/daniel/robotica/ros2_ws_2402/install/launch_pkg_gbb/lib/python3.10/site-packages:${PYTHONPATH} /usr/bin/python3 -W ignore:setup.py install is deprecated setup.py egg_info --egg-base ../../build/launch_pkg_gbb build --build-base /home/daniel/robotica/ros2_ws_2402/build/launch_pkg_gbb/build install --record /home/daniel/robotica/ros2_ws_2402/build/launch_pkg_gbb/install.log --single-version-externally-managed install_data
[5.118s] Level 1:colcon.colcon_core.environment:checking '/home/daniel/robotica/ros2_ws_2402/install/launch_pkg_gbb/lib'
[5.119s] Level 1:colcon.colcon_core.environment:checking '/home/daniel/robotica/ros2_ws_2402/install/launch_pkg_gbb/bin'
[5.119s] Level 1:colcon.colcon_core.environment:checking '/home/daniel/robotica/ros2_ws_2402/install/launch_pkg_gbb/lib/pkgconfig/launch_pkg_gbb.pc'
[5.120s] Level 1:colcon.colcon_core.environment:checking '/home/daniel/robotica/ros2_ws_2402/install/launch_pkg_gbb/lib/python3.10/site-packages'
[5.120s] Level 1:colcon.colcon_core.shell:create_environment_hook('launch_pkg_gbb', 'pythonpath')
[5.122s] INFO:colcon.colcon_core.shell:Creating environment hook '/home/daniel/robotica/ros2_ws_2402/install/launch_pkg_gbb/share/launch_pkg_gbb/hook/pythonpath.ps1'
[5.123s] INFO:colcon.colcon_core.shell:Creating environment descriptor '/home/daniel/robotica/ros2_ws_2402/install/launch_pkg_gbb/share/launch_pkg_gbb/hook/pythonpath.dsv'
[5.124s] INFO:colcon.colcon_core.shell:Creating environment hook '/home/daniel/robotica/ros2_ws_2402/install/launch_pkg_gbb/share/launch_pkg_gbb/hook/pythonpath.sh'
[5.125s] Level 1:colcon.colcon_core.environment:checking '/home/daniel/robotica/ros2_ws_2402/install/launch_pkg_gbb/bin'
[5.125s] Level 1:colcon.colcon_core.environment:create_environment_scripts_only(launch_pkg_gbb)
[5.126s] INFO:colcon.colcon_core.shell:Creating package script '/home/daniel/robotica/ros2_ws_2402/install/launch_pkg_gbb/share/launch_pkg_gbb/package.ps1'
[5.127s] INFO:colcon.colcon_core.shell:Creating package descriptor '/home/daniel/robotica/ros2_ws_2402/install/launch_pkg_gbb/share/launch_pkg_gbb/package.dsv'
[5.128s] INFO:colcon.colcon_core.shell:Creating package script '/home/daniel/robotica/ros2_ws_2402/install/launch_pkg_gbb/share/launch_pkg_gbb/package.sh'
[5.129s] INFO:colcon.colcon_core.shell:Creating package script '/home/daniel/robotica/ros2_ws_2402/install/launch_pkg_gbb/share/launch_pkg_gbb/package.bash'
[5.129s] INFO:colcon.colcon_core.shell:Creating package script '/home/daniel/robotica/ros2_ws_2402/install/launch_pkg_gbb/share/launch_pkg_gbb/package.zsh'
[5.130s] Level 1:colcon.colcon_core.environment:create_file_with_runtime_dependencies(/home/daniel/robotica/ros2_ws_2402/install/launch_pkg_gbb/share/colcon-core/packages/launch_pkg_gbb)
[5.140s] Level 1:colcon.colcon_core.environment:checking '/home/daniel/robotica/ros2_ws_2402/install/turtle_move_pkg_gbb' for CMake module files
[5.142s] DEBUG:colcon.colcon_core.event_handler.log_command:Invoked command in '/home/daniel/robotica/ros2_ws_2402/src/turtle_move_pkg_gbb' returned '0': PYTHONPATH=/home/daniel/robotica/ros2_ws_2402/build/turtle_move_pkg_gbb/prefix_override:/usr/lib/python3/dist-packages/colcon_core/task/python/colcon_distutils_commands:/home/daniel/robotica/ros2_ws_2402/install/turtle_move_pkg_gbb/lib/python3.10/site-packages:${PYTHONPATH} /usr/bin/python3 -W ignore:setup.py install is deprecated setup.py egg_info --egg-base ../../build/turtle_move_pkg_gbb build --build-base /home/daniel/robotica/ros2_ws_2402/build/turtle_move_pkg_gbb/build install --record /home/daniel/robotica/ros2_ws_2402/build/turtle_move_pkg_gbb/install.log --single-version-externally-managed install_data
[5.142s] Level 1:colcon.colcon_core.environment:checking '/home/daniel/robotica/ros2_ws_2402/install/turtle_move_pkg_gbb' for CMake config files
[5.143s] Level 1:colcon.colcon_core.environment:checking '/home/daniel/robotica/ros2_ws_2402/install/turtle_move_pkg_gbb/lib'
[5.144s] Level 1:colcon.colcon_core.environment:checking '/home/daniel/robotica/ros2_ws_2402/install/turtle_move_pkg_gbb/bin'
[5.144s] Level 1:colcon.colcon_core.environment:checking '/home/daniel/robotica/ros2_ws_2402/install/turtle_move_pkg_gbb/lib/pkgconfig/turtle_move_pkg_gbb.pc'
[5.144s] Level 1:colcon.colcon_core.environment:checking '/home/daniel/robotica/ros2_ws_2402/install/turtle_move_pkg_gbb/lib/python3.10/site-packages'
[5.144s] Level 1:colcon.colcon_core.shell:create_environment_hook('turtle_move_pkg_gbb', 'pythonpath')
[5.145s] INFO:colcon.colcon_core.shell:Creating environment hook '/home/daniel/robotica/ros2_ws_2402/install/turtle_move_pkg_gbb/share/turtle_move_pkg_gbb/hook/pythonpath.ps1'
[5.146s] INFO:colcon.colcon_core.shell:Creating environment descriptor '/home/daniel/robotica/ros2_ws_2402/install/turtle_move_pkg_gbb/share/turtle_move_pkg_gbb/hook/pythonpath.dsv'
[5.147s] INFO:colcon.colcon_core.shell:Creating environment hook '/home/daniel/robotica/ros2_ws_2402/install/turtle_move_pkg_gbb/share/turtle_move_pkg_gbb/hook/pythonpath.sh'
[5.148s] Level 1:colcon.colcon_core.environment:checking '/home/daniel/robotica/ros2_ws_2402/install/turtle_move_pkg_gbb/bin'
[5.149s] Level 1:colcon.colcon_core.environment:create_environment_scripts_only(turtle_move_pkg_gbb)
[5.150s] INFO:colcon.colcon_core.shell:Creating package script '/home/daniel/robotica/ros2_ws_2402/install/turtle_move_pkg_gbb/share/turtle_move_pkg_gbb/package.ps1'
[5.152s] INFO:colcon.colcon_core.shell:Creating package descriptor '/home/daniel/robotica/ros2_ws_2402/install/turtle_move_pkg_gbb/share/turtle_move_pkg_gbb/package.dsv'
[5.154s] INFO:colcon.colcon_core.shell:Creating package script '/home/daniel/robotica/ros2_ws_2402/install/turtle_move_pkg_gbb/share/turtle_move_pkg_gbb/package.sh'
[5.155s] INFO:colcon.colcon_core.shell:Creating package script '/home/daniel/robotica/ros2_ws_2402/install/turtle_move_pkg_gbb/share/turtle_move_pkg_gbb/package.bash'
[5.156s] INFO:colcon.colcon_core.shell:Creating package script '/home/daniel/robotica/ros2_ws_2402/install/turtle_move_pkg_gbb/share/turtle_move_pkg_gbb/package.zsh'
[5.157s] Level 1:colcon.colcon_core.environment:create_file_with_runtime_dependencies(/home/daniel/robotica/ros2_ws_2402/install/turtle_move_pkg_gbb/share/colcon-core/packages/turtle_move_pkg_gbb)
[5.157s] DEBUG:colcon.colcon_parallel_executor.executor.parallel:closing loop
[5.158s] DEBUG:colcon.colcon_parallel_executor.executor.parallel:loop closed
[5.158s] DEBUG:colcon.colcon_parallel_executor.executor.parallel:run_until_complete finished with '0'
[5.158s] DEBUG:colcon.colcon_core.event_reactor:joining thread
[5.168s] INFO:colcon.colcon_core.plugin_system:Skipping extension 'colcon_notification.desktop_notification.terminal_notifier': Not used on non-Darwin systems
[5.168s] INFO:colcon.colcon_core.plugin_system:Skipping extension 'colcon_notification.desktop_notification.win32': Not used on non-Windows systems
[5.169s] INFO:colcon.colcon_notification.desktop_notification:Sending desktop notification using 'notify2'
[5.190s] DEBUG:colcon.colcon_core.event_reactor:joined thread
[5.191s] INFO:colcon.colcon_core.shell:Creating prefix script '/home/daniel/robotica/ros2_ws_2402/install/local_setup.ps1'
[5.192s] INFO:colcon.colcon_core.shell:Creating prefix util module '/home/daniel/robotica/ros2_ws_2402/install/_local_setup_util_ps1.py'
[5.195s] INFO:colcon.colcon_core.shell:Creating prefix chain script '/home/daniel/robotica/ros2_ws_2402/install/setup.ps1'
[5.205s] INFO:colcon.colcon_core.shell:Creating prefix script '/home/daniel/robotica/ros2_ws_2402/install/local_setup.sh'
[5.207s] INFO:colcon.colcon_core.shell:Creating prefix util module '/home/daniel/robotica/ros2_ws_2402/install/_local_setup_util_sh.py'
[5.211s] INFO:colcon.colcon_core.shell:Creating prefix chain script '/home/daniel/robotica/ros2_ws_2402/install/setup.sh'
[5.217s] INFO:colcon.colcon_core.shell:Creating prefix script '/home/daniel/robotica/ros2_ws_2402/install/local_setup.bash'
[5.220s] INFO:colcon.colcon_core.shell:Creating prefix chain script '/home/daniel/robotica/ros2_ws_2402/install/setup.bash'
[5.226s] INFO:colcon.colcon_core.shell:Creating prefix script '/home/daniel/robotica/ros2_ws_2402/install/local_setup.zsh'
[5.227s] INFO:colcon.colcon_core.shell:Creating prefix chain script '/home/daniel/robotica/ros2_ws_2402/install/setup.zsh'
