running egg_info
creating ../../build/turtle_move_pkg_gbb/turtle_move_pkg_gbb.egg-info
writing ../../build/turtle_move_pkg_gbb/turtle_move_pkg_gbb.egg-info/PKG-INFO
writing dependency_links to ../../build/turtle_move_pkg_gbb/turtle_move_pkg_gbb.egg-info/dependency_links.txt
writing entry points to ../../build/turtle_move_pkg_gbb/turtle_move_pkg_gbb.egg-info/entry_points.txt
writing requirements to ../../build/turtle_move_pkg_gbb/turtle_move_pkg_gbb.egg-info/requires.txt
writing top-level names to ../../build/turtle_move_pkg_gbb/turtle_move_pkg_gbb.egg-info/top_level.txt
writing manifest file '../../build/turtle_move_pkg_gbb/turtle_move_pkg_gbb.egg-info/SOURCES.txt'
reading manifest file '../../build/turtle_move_pkg_gbb/turtle_move_pkg_gbb.egg-info/SOURCES.txt'
writing manifest file '../../build/turtle_move_pkg_gbb/turtle_move_pkg_gbb.egg-info/SOURCES.txt'
running build
running build_py
creating /home/daniel/robotica/ros2_ws_2402/build/turtle_move_pkg_gbb/build
creating /home/daniel/robotica/ros2_ws_2402/build/turtle_move_pkg_gbb/build/lib
creating /home/daniel/robotica/ros2_ws_2402/build/turtle_move_pkg_gbb/build/lib/turtle_move_pkg_gbb
copying turtle_move_pkg_gbb/__init__.py -> /home/daniel/robotica/ros2_ws_2402/build/turtle_move_pkg_gbb/build/lib/turtle_move_pkg_gbb
copying turtle_move_pkg_gbb/turtle_move_node_gbb.py -> /home/daniel/robotica/ros2_ws_2402/build/turtle_move_pkg_gbb/build/lib/turtle_move_pkg_gbb
running install
running install_lib
creating /home/daniel/robotica/ros2_ws_2402/install/turtle_move_pkg_gbb/lib/python3.10/site-packages/turtle_move_pkg_gbb
copying /home/daniel/robotica/ros2_ws_2402/build/turtle_move_pkg_gbb/build/lib/turtle_move_pkg_gbb/__init__.py -> /home/daniel/robotica/ros2_ws_2402/install/turtle_move_pkg_gbb/lib/python3.10/site-packages/turtle_move_pkg_gbb
copying /home/daniel/robotica/ros2_ws_2402/build/turtle_move_pkg_gbb/build/lib/turtle_move_pkg_gbb/turtle_move_node_gbb.py -> /home/daniel/robotica/ros2_ws_2402/install/turtle_move_pkg_gbb/lib/python3.10/site-packages/turtle_move_pkg_gbb
byte-compiling /home/daniel/robotica/ros2_ws_2402/install/turtle_move_pkg_gbb/lib/python3.10/site-packages/turtle_move_pkg_gbb/__init__.py to __init__.cpython-310.pyc
byte-compiling /home/daniel/robotica/ros2_ws_2402/install/turtle_move_pkg_gbb/lib/python3.10/site-packages/turtle_move_pkg_gbb/turtle_move_node_gbb.py to turtle_move_node_gbb.cpython-310.pyc
running install_data
creating /home/daniel/robotica/ros2_ws_2402/install/turtle_move_pkg_gbb/share/ament_index
creating /home/daniel/robotica/ros2_ws_2402/install/turtle_move_pkg_gbb/share/ament_index/resource_index
creating /home/daniel/robotica/ros2_ws_2402/install/turtle_move_pkg_gbb/share/ament_index/resource_index/packages
copying resource/turtle_move_pkg_gbb -> /home/daniel/robotica/ros2_ws_2402/install/turtle_move_pkg_gbb/share/ament_index/resource_index/packages
copying package.xml -> /home/daniel/robotica/ros2_ws_2402/install/turtle_move_pkg_gbb/share/turtle_move_pkg_gbb
running install_egg_info
Copying ../../build/turtle_move_pkg_gbb/turtle_move_pkg_gbb.egg-info to /home/daniel/robotica/ros2_ws_2402/install/turtle_move_pkg_gbb/lib/python3.10/site-packages/turtle_move_pkg_gbb-0.0.0-py3.10.egg-info
running install_scripts
Installing turtle_move_node_gbb script to /home/daniel/robotica/ros2_ws_2402/install/turtle_move_pkg_gbb/lib/turtle_move_pkg_gbb
writing list of installed files to '/home/daniel/robotica/ros2_ws_2402/build/turtle_move_pkg_gbb/install.log'
