[0.613s] Invoking command in '/home/daniel/robotica/ros2_ws_2402/src/turtle_move_pkg_gbb': PYTHONPATH=/home/daniel/robotica/ros2_ws_2402/build/turtle_move_pkg_gbb/prefix_override:/usr/lib/python3/dist-packages/colcon_core/task/python/colcon_distutils_commands:/home/daniel/robotica/ros2_ws_2402/install/turtle_move_pkg_gbb/lib/python3.10/site-packages:${PYTHONPATH} /usr/bin/python3 -W ignore:setup.py install is deprecated setup.py egg_info --egg-base ../../build/turtle_move_pkg_gbb build --build-base /home/daniel/robotica/ros2_ws_2402/build/turtle_move_pkg_gbb/build install --record /home/daniel/robotica/ros2_ws_2402/build/turtle_move_pkg_gbb/install.log --single-version-externally-managed install_data
[0.807s] running egg_info
[0.807s] creating ../../build/turtle_move_pkg_gbb/turtle_move_pkg_gbb.egg-info
[0.807s] writing ../../build/turtle_move_pkg_gbb/turtle_move_pkg_gbb.egg-info/PKG-INFO
[0.808s] writing dependency_links to ../../build/turtle_move_pkg_gbb/turtle_move_pkg_gbb.egg-info/dependency_links.txt
[0.808s] writing entry points to ../../build/turtle_move_pkg_gbb/turtle_move_pkg_gbb.egg-info/entry_points.txt
[0.808s] writing requirements to ../../build/turtle_move_pkg_gbb/turtle_move_pkg_gbb.egg-info/requires.txt
[0.808s] writing top-level names to ../../build/turtle_move_pkg_gbb/turtle_move_pkg_gbb.egg-info/top_level.txt
[0.808s] writing manifest file '../../build/turtle_move_pkg_gbb/turtle_move_pkg_gbb.egg-info/SOURCES.txt'
[0.809s] reading manifest file '../../build/turtle_move_pkg_gbb/turtle_move_pkg_gbb.egg-info/SOURCES.txt'
[0.810s] writing manifest file '../../build/turtle_move_pkg_gbb/turtle_move_pkg_gbb.egg-info/SOURCES.txt'
[0.810s] running build
[0.810s] running build_py
[0.810s] creating /home/daniel/robotica/ros2_ws_2402/build/turtle_move_pkg_gbb/build
[0.810s] creating /home/daniel/robotica/ros2_ws_2402/build/turtle_move_pkg_gbb/build/lib
[0.810s] creating /home/daniel/robotica/ros2_ws_2402/build/turtle_move_pkg_gbb/build/lib/turtle_move_pkg_gbb
[0.810s] copying turtle_move_pkg_gbb/__init__.py -> /home/daniel/robotica/ros2_ws_2402/build/turtle_move_pkg_gbb/build/lib/turtle_move_pkg_gbb
[0.810s] copying turtle_move_pkg_gbb/turtle_move_node_gbb.py -> /home/daniel/robotica/ros2_ws_2402/build/turtle_move_pkg_gbb/build/lib/turtle_move_pkg_gbb
[0.810s] running install
[0.810s] running install_lib
[0.811s] creating /home/daniel/robotica/ros2_ws_2402/install/turtle_move_pkg_gbb/lib/python3.10/site-packages/turtle_move_pkg_gbb
[0.811s] copying /home/daniel/robotica/ros2_ws_2402/build/turtle_move_pkg_gbb/build/lib/turtle_move_pkg_gbb/__init__.py -> /home/daniel/robotica/ros2_ws_2402/install/turtle_move_pkg_gbb/lib/python3.10/site-packages/turtle_move_pkg_gbb
[0.811s] copying /home/daniel/robotica/ros2_ws_2402/build/turtle_move_pkg_gbb/build/lib/turtle_move_pkg_gbb/turtle_move_node_gbb.py -> /home/daniel/robotica/ros2_ws_2402/install/turtle_move_pkg_gbb/lib/python3.10/site-packages/turtle_move_pkg_gbb
[0.812s] byte-compiling /home/daniel/robotica/ros2_ws_2402/install/turtle_move_pkg_gbb/lib/python3.10/site-packages/turtle_move_pkg_gbb/__init__.py to __init__.cpython-310.pyc
[0.812s] byte-compiling /home/daniel/robotica/ros2_ws_2402/install/turtle_move_pkg_gbb/lib/python3.10/site-packages/turtle_move_pkg_gbb/turtle_move_node_gbb.py to turtle_move_node_gbb.cpython-310.pyc
[0.812s] running install_data
[0.812s] creating /home/daniel/robotica/ros2_ws_2402/install/turtle_move_pkg_gbb/share/ament_index
[0.812s] creating /home/daniel/robotica/ros2_ws_2402/install/turtle_move_pkg_gbb/share/ament_index/resource_index
[0.812s] creating /home/daniel/robotica/ros2_ws_2402/install/turtle_move_pkg_gbb/share/ament_index/resource_index/packages
[0.812s] copying resource/turtle_move_pkg_gbb -> /home/daniel/robotica/ros2_ws_2402/install/turtle_move_pkg_gbb/share/ament_index/resource_index/packages
[0.812s] copying package.xml -> /home/daniel/robotica/ros2_ws_2402/install/turtle_move_pkg_gbb/share/turtle_move_pkg_gbb
[0.813s] running install_egg_info
[0.814s] Copying ../../build/turtle_move_pkg_gbb/turtle_move_pkg_gbb.egg-info to /home/daniel/robotica/ros2_ws_2402/install/turtle_move_pkg_gbb/lib/python3.10/site-packages/turtle_move_pkg_gbb-0.0.0-py3.10.egg-info
[0.814s] running install_scripts
[0.832s] Installing turtle_move_node_gbb script to /home/daniel/robotica/ros2_ws_2402/install/turtle_move_pkg_gbb/lib/turtle_move_pkg_gbb
[0.833s] writing list of installed files to '/home/daniel/robotica/ros2_ws_2402/build/turtle_move_pkg_gbb/install.log'
[0.854s] Invoked command in '/home/daniel/robotica/ros2_ws_2402/src/turtle_move_pkg_gbb' returned '0': PYTHONPATH=/home/daniel/robotica/ros2_ws_2402/build/turtle_move_pkg_gbb/prefix_override:/usr/lib/python3/dist-packages/colcon_core/task/python/colcon_distutils_commands:/home/daniel/robotica/ros2_ws_2402/install/turtle_move_pkg_gbb/lib/python3.10/site-packages:${PYTHONPATH} /usr/bin/python3 -W ignore:setup.py install is deprecated setup.py egg_info --egg-base ../../build/turtle_move_pkg_gbb build --build-base /home/daniel/robotica/ros2_ws_2402/build/turtle_move_pkg_gbb/build install --record /home/daniel/robotica/ros2_ws_2402/build/turtle_move_pkg_gbb/install.log --single-version-externally-managed install_data
