[2.833s] Invoking command in '/home/daniel/robotica/ros2_ws_2402/src/launch_pkg_gbb': PYTHONPATH=/home/daniel/robotica/ros2_ws_2402/build/launch_pkg_gbb/prefix_override:/usr/lib/python3/dist-packages/colcon_core/task/python/colcon_distutils_commands:/home/daniel/robotica/ros2_ws_2402/install/launch_pkg_gbb/lib/python3.10/site-packages:${PYTHONPATH} /usr/bin/python3 -W ignore:setup.py install is deprecated setup.py egg_info --egg-base ../../build/launch_pkg_gbb build --build-base /home/daniel/robotica/ros2_ws_2402/build/launch_pkg_gbb/build install --record /home/daniel/robotica/ros2_ws_2402/build/launch_pkg_gbb/install.log --single-version-externally-managed install_data
[3.339s] running egg_info
[3.339s] writing ../../build/launch_pkg_gbb/launch_pkg_gbb.egg-info/PKG-INFO
[3.339s] writing dependency_links to ../../build/launch_pkg_gbb/launch_pkg_gbb.egg-info/dependency_links.txt
[3.340s] writing entry points to ../../build/launch_pkg_gbb/launch_pkg_gbb.egg-info/entry_points.txt
[3.340s] writing requirements to ../../build/launch_pkg_gbb/launch_pkg_gbb.egg-info/requires.txt
[3.340s] writing top-level names to ../../build/launch_pkg_gbb/launch_pkg_gbb.egg-info/top_level.txt
[3.345s] reading manifest file '../../build/launch_pkg_gbb/launch_pkg_gbb.egg-info/SOURCES.txt'
[3.347s] writing manifest file '../../build/launch_pkg_gbb/launch_pkg_gbb.egg-info/SOURCES.txt'
[3.348s] running build
[3.348s] running build_py
[3.349s] running install
[3.349s] running install_lib
[3.351s] running install_data
[3.352s] running install_egg_info
[3.356s] removing '/home/daniel/robotica/ros2_ws_2402/install/launch_pkg_gbb/lib/python3.10/site-packages/launch_pkg_gbb-0.0.0-py3.10.egg-info' (and everything under it)
[3.356s] Copying ../../build/launch_pkg_gbb/launch_pkg_gbb.egg-info to /home/daniel/robotica/ros2_ws_2402/install/launch_pkg_gbb/lib/python3.10/site-packages/launch_pkg_gbb-0.0.0-py3.10.egg-info
[3.358s] running install_scripts
[3.424s] writing list of installed files to '/home/daniel/robotica/ros2_ws_2402/build/launch_pkg_gbb/install.log'
[3.578s] Invoked command in '/home/daniel/robotica/ros2_ws_2402/src/launch_pkg_gbb' returned '0': PYTHONPATH=/home/daniel/robotica/ros2_ws_2402/build/launch_pkg_gbb/prefix_override:/usr/lib/python3/dist-packages/colcon_core/task/python/colcon_distutils_commands:/home/daniel/robotica/ros2_ws_2402/install/launch_pkg_gbb/lib/python3.10/site-packages:${PYTHONPATH} /usr/bin/python3 -W ignore:setup.py install is deprecated setup.py egg_info --egg-base ../../build/launch_pkg_gbb build --build-base /home/daniel/robotica/ros2_ws_2402/build/launch_pkg_gbb/build install --record /home/daniel/robotica/ros2_ws_2402/build/launch_pkg_gbb/install.log --single-version-externally-managed install_data
