running egg_info
writing ../../build/joint_state_pkg_g00/joint_state_pkg_g00.egg-info/PKG-INFO
writing dependency_links to ../../build/joint_state_pkg_g00/joint_state_pkg_g00.egg-info/dependency_links.txt
writing entry points to ../../build/joint_state_pkg_g00/joint_state_pkg_g00.egg-info/entry_points.txt
writing requirements to ../../build/joint_state_pkg_g00/joint_state_pkg_g00.egg-info/requires.txt
writing top-level names to ../../build/joint_state_pkg_g00/joint_state_pkg_g00.egg-info/top_level.txt
reading manifest file '../../build/joint_state_pkg_g00/joint_state_pkg_g00.egg-info/SOURCES.txt'
writing manifest file '../../build/joint_state_pkg_g00/joint_state_pkg_g00.egg-info/SOURCES.txt'
running build
running build_py
copying joint_state_pkg_g00/joint_state_node.py -> /home/daniel/robotica/ros2_ws_2402/build/joint_state_pkg_g00/build/lib/joint_state_pkg_g00
running install
running install_lib
copying /home/daniel/robotica/ros2_ws_2402/build/joint_state_pkg_g00/build/lib/joint_state_pkg_g00/joint_state_node.py -> /home/daniel/robotica/ros2_ws_2402/install/joint_state_pkg_g00/lib/python3.10/site-packages/joint_state_pkg_g00
byte-compiling /home/daniel/robotica/ros2_ws_2402/install/joint_state_pkg_g00/lib/python3.10/site-packages/joint_state_pkg_g00/joint_state_node.py to joint_state_node.cpython-310.pyc
running install_data
copying urdf/3bodies.xacro -> /home/daniel/robotica/ros2_ws_2402/install/joint_state_pkg_g00/share/joint_state_pkg_g00/urdf
running install_egg_info
removing '/home/daniel/robotica/ros2_ws_2402/install/joint_state_pkg_g00/lib/python3.10/site-packages/joint_state_pkg_g00-0.0.0-py3.10.egg-info' (and everything under it)
Copying ../../build/joint_state_pkg_g00/joint_state_pkg_g00.egg-info to /home/daniel/robotica/ros2_ws_2402/install/joint_state_pkg_g00/lib/python3.10/site-packages/joint_state_pkg_g00-0.0.0-py3.10.egg-info
running install_scripts
Installing joint_state_node script to /home/daniel/robotica/ros2_ws_2402/install/joint_state_pkg_g00/lib/joint_state_pkg_g00
writing list of installed files to '/home/daniel/robotica/ros2_ws_2402/build/joint_state_pkg_g00/install.log'
