[0.561s] Invoking command in '/home/daniel/robotica/ros2_ws_2402/src/car_move_pkg_gbb': PYTHONPATH=/home/daniel/robotica/ros2_ws_2402/build/car_move_pkg_gbb/prefix_override:/usr/lib/python3/dist-packages/colcon_core/task/python/colcon_distutils_commands:/home/daniel/robotica/ros2_ws_2402/install/car_move_pkg_gbb/lib/python3.10/site-packages:${PYTHONPATH} /usr/bin/python3 -W ignore:setup.py install is deprecated setup.py egg_info --egg-base ../../build/car_move_pkg_gbb build --build-base /home/daniel/robotica/ros2_ws_2402/build/car_move_pkg_gbb/build install --record /home/daniel/robotica/ros2_ws_2402/build/car_move_pkg_gbb/install.log --single-version-externally-managed install_data
[0.766s] running egg_info
[0.766s] writing ../../build/car_move_pkg_gbb/car_move_pkg_gbb.egg-info/PKG-INFO
[0.766s] writing dependency_links to ../../build/car_move_pkg_gbb/car_move_pkg_gbb.egg-info/dependency_links.txt
[0.766s] writing entry points to ../../build/car_move_pkg_gbb/car_move_pkg_gbb.egg-info/entry_points.txt
[0.766s] writing requirements to ../../build/car_move_pkg_gbb/car_move_pkg_gbb.egg-info/requires.txt
[0.766s] writing top-level names to ../../build/car_move_pkg_gbb/car_move_pkg_gbb.egg-info/top_level.txt
[0.771s] reading manifest file '../../build/car_move_pkg_gbb/car_move_pkg_gbb.egg-info/SOURCES.txt'
[0.772s] writing manifest file '../../build/car_move_pkg_gbb/car_move_pkg_gbb.egg-info/SOURCES.txt'
[0.772s] running build
[0.772s] running build_py
[0.772s] copying car_move_pkg_gbb/car_move_node.py -> /home/daniel/robotica/ros2_ws_2402/build/car_move_pkg_gbb/build/lib/car_move_pkg_gbb
[0.773s] running install
[0.773s] running install_lib
[0.773s] copying /home/daniel/robotica/ros2_ws_2402/build/car_move_pkg_gbb/build/lib/car_move_pkg_gbb/car_move_node.py -> /home/daniel/robotica/ros2_ws_2402/install/car_move_pkg_gbb/lib/python3.10/site-packages/car_move_pkg_gbb
[0.774s] byte-compiling /home/daniel/robotica/ros2_ws_2402/install/car_move_pkg_gbb/lib/python3.10/site-packages/car_move_pkg_gbb/car_move_node.py to car_move_node.cpython-310.pyc
[0.775s] running install_data
[0.775s] running install_egg_info
[0.776s] removing '/home/daniel/robotica/ros2_ws_2402/install/car_move_pkg_gbb/lib/python3.10/site-packages/car_move_pkg_gbb-0.0.0-py3.10.egg-info' (and everything under it)
[0.776s] Copying ../../build/car_move_pkg_gbb/car_move_pkg_gbb.egg-info to /home/daniel/robotica/ros2_ws_2402/install/car_move_pkg_gbb/lib/python3.10/site-packages/car_move_pkg_gbb-0.0.0-py3.10.egg-info
[0.777s] running install_scripts
[0.795s] Installing car_move_node script to /home/daniel/robotica/ros2_ws_2402/install/car_move_pkg_gbb/lib/car_move_pkg_gbb
[0.795s] writing list of installed files to '/home/daniel/robotica/ros2_ws_2402/build/car_move_pkg_gbb/install.log'
[0.815s] Invoked command in '/home/daniel/robotica/ros2_ws_2402/src/car_move_pkg_gbb' returned '0': PYTHONPATH=/home/daniel/robotica/ros2_ws_2402/build/car_move_pkg_gbb/prefix_override:/usr/lib/python3/dist-packages/colcon_core/task/python/colcon_distutils_commands:/home/daniel/robotica/ros2_ws_2402/install/car_move_pkg_gbb/lib/python3.10/site-packages:${PYTHONPATH} /usr/bin/python3 -W ignore:setup.py install is deprecated setup.py egg_info --egg-base ../../build/car_move_pkg_gbb build --build-base /home/daniel/robotica/ros2_ws_2402/build/car_move_pkg_gbb/build install --record /home/daniel/robotica/ros2_ws_2402/build/car_move_pkg_gbb/install.log --single-version-externally-managed install_data
