[2.715s] Invoking command in '/home/daniel/robotica/ros2_ws_2402/src/odom_pkg': PYTHONPATH=/home/daniel/robotica/ros2_ws_2402/build/odom_pkg/prefix_override:/usr/lib/python3/dist-packages/colcon_core/task/python/colcon_distutils_commands:/home/daniel/robotica/ros2_ws_2402/install/odom_pkg/lib/python3.10/site-packages:${PYTHONPATH} /usr/bin/python3 -W ignore:setup.py install is deprecated setup.py egg_info --egg-base ../../build/odom_pkg build --build-base /home/daniel/robotica/ros2_ws_2402/build/odom_pkg/build install --record /home/daniel/robotica/ros2_ws_2402/build/odom_pkg/install.log --single-version-externally-managed install_data
[3.415s] running egg_info
[3.417s] writing ../../build/odom_pkg/odom_pkg.egg-info/PKG-INFO
[3.417s] writing dependency_links to ../../build/odom_pkg/odom_pkg.egg-info/dependency_links.txt
[3.417s] writing entry points to ../../build/odom_pkg/odom_pkg.egg-info/entry_points.txt
[3.418s] writing requirements to ../../build/odom_pkg/odom_pkg.egg-info/requires.txt
[3.418s] writing top-level names to ../../build/odom_pkg/odom_pkg.egg-info/top_level.txt
[3.420s] reading manifest file '../../build/odom_pkg/odom_pkg.egg-info/SOURCES.txt'
[3.421s] writing manifest file '../../build/odom_pkg/odom_pkg.egg-info/SOURCES.txt'
[3.422s] running build
[3.422s] running build_py
[3.422s] running install
[3.422s] running install_lib
[3.424s] running install_data
[3.424s] running install_egg_info
[3.427s] removing '/home/daniel/robotica/ros2_ws_2402/install/odom_pkg/lib/python3.10/site-packages/odom_pkg-0.0.0-py3.10.egg-info' (and everything under it)
[3.428s] Copying ../../build/odom_pkg/odom_pkg.egg-info to /home/daniel/robotica/ros2_ws_2402/install/odom_pkg/lib/python3.10/site-packages/odom_pkg-0.0.0-py3.10.egg-info
[3.429s] running install_scripts
[3.461s] Installing odom script to /home/daniel/robotica/ros2_ws_2402/install/odom_pkg/lib/odom_pkg
[3.462s] writing list of installed files to '/home/daniel/robotica/ros2_ws_2402/build/odom_pkg/install.log'
[3.495s] Invoked command in '/home/daniel/robotica/ros2_ws_2402/src/odom_pkg' returned '0': PYTHONPATH=/home/daniel/robotica/ros2_ws_2402/build/odom_pkg/prefix_override:/usr/lib/python3/dist-packages/colcon_core/task/python/colcon_distutils_commands:/home/daniel/robotica/ros2_ws_2402/install/odom_pkg/lib/python3.10/site-packages:${PYTHONPATH} /usr/bin/python3 -W ignore:setup.py install is deprecated setup.py egg_info --egg-base ../../build/odom_pkg build --build-base /home/daniel/robotica/ros2_ws_2402/build/odom_pkg/build install --record /home/daniel/robotica/ros2_ws_2402/build/odom_pkg/install.log --single-version-externally-managed install_data
