running egg_info
creating ../../build/odom_pkg/odom_pkg.egg-info
writing ../../build/odom_pkg/odom_pkg.egg-info/PKG-INFO
writing dependency_links to ../../build/odom_pkg/odom_pkg.egg-info/dependency_links.txt
writing entry points to ../../build/odom_pkg/odom_pkg.egg-info/entry_points.txt
writing requirements to ../../build/odom_pkg/odom_pkg.egg-info/requires.txt
writing top-level names to ../../build/odom_pkg/odom_pkg.egg-info/top_level.txt
writing manifest file '../../build/odom_pkg/odom_pkg.egg-info/SOURCES.txt'
reading manifest file '../../build/odom_pkg/odom_pkg.egg-info/SOURCES.txt'
writing manifest file '../../build/odom_pkg/odom_pkg.egg-info/SOURCES.txt'
running build
running build_py
creating /home/daniel/robotica/ros2_ws_2402/build/odom_pkg/build
creating /home/daniel/robotica/ros2_ws_2402/build/odom_pkg/build/lib
creating /home/daniel/robotica/ros2_ws_2402/build/odom_pkg/build/lib/odom_pkg
copying odom_pkg/__init__.py -> /home/daniel/robotica/ros2_ws_2402/build/odom_pkg/build/lib/odom_pkg
copying odom_pkg/odom_node.py -> /home/daniel/robotica/ros2_ws_2402/build/odom_pkg/build/lib/odom_pkg
running install
running install_lib
creating /home/daniel/robotica/ros2_ws_2402/install/odom_pkg/lib/python3.10/site-packages/odom_pkg
copying /home/daniel/robotica/ros2_ws_2402/build/odom_pkg/build/lib/odom_pkg/__init__.py -> /home/daniel/robotica/ros2_ws_2402/install/odom_pkg/lib/python3.10/site-packages/odom_pkg
copying /home/daniel/robotica/ros2_ws_2402/build/odom_pkg/build/lib/odom_pkg/odom_node.py -> /home/daniel/robotica/ros2_ws_2402/install/odom_pkg/lib/python3.10/site-packages/odom_pkg
byte-compiling /home/daniel/robotica/ros2_ws_2402/install/odom_pkg/lib/python3.10/site-packages/odom_pkg/__init__.py to __init__.cpython-310.pyc
byte-compiling /home/daniel/robotica/ros2_ws_2402/install/odom_pkg/lib/python3.10/site-packages/odom_pkg/odom_node.py to odom_node.cpython-310.pyc
running install_data
creating /home/daniel/robotica/ros2_ws_2402/install/odom_pkg/share/ament_index
creating /home/daniel/robotica/ros2_ws_2402/install/odom_pkg/share/ament_index/resource_index
creating /home/daniel/robotica/ros2_ws_2402/install/odom_pkg/share/ament_index/resource_index/packages
copying resource/odom_pkg -> /home/daniel/robotica/ros2_ws_2402/install/odom_pkg/share/ament_index/resource_index/packages
copying package.xml -> /home/daniel/robotica/ros2_ws_2402/install/odom_pkg/share/odom_pkg
running install_egg_info
Copying ../../build/odom_pkg/odom_pkg.egg-info to /home/daniel/robotica/ros2_ws_2402/install/odom_pkg/lib/python3.10/site-packages/odom_pkg-0.0.0-py3.10.egg-info
running install_scripts
writing list of installed files to '/home/daniel/robotica/ros2_ws_2402/build/odom_pkg/install.log'
