[0.092s] DEBUG:colcon:Command line arguments: ['/usr/bin/colcon', 'build']
[0.093s] DEBUG:colcon:Parsed command line arguments: Namespace(log_base=None, log_level=None, verb_name='build', build_base='build', install_base='install', merge_install=False, symlink_install=False, test_result_base=None, continue_on_error=False, executor='parallel', parallel_workers=8, event_handlers=None, ignore_user_meta=False, metas=['./colcon.meta'], base_paths=['.'], packages_ignore=None, packages_ignore_regex=None, paths=None, packages_up_to=None, packages_up_to_regex=None, packages_above=None, packages_above_and_dependencies=None, packages_above_depth=None, packages_select_by_dep=None, packages_skip_by_dep=None, packages_skip_up_to=None, packages_select_build_failed=False, packages_skip_build_finished=False, packages_select_test_failures=False, packages_skip_test_passed=False, packages_select=None, packages_skip=None, packages_select_regex=None, packages_skip_regex=None, packages_start=None, packages_end=None, allow_overriding=[], cmake_args=None, cmake_target=None, cmake_target_skip_unavailable=False, cmake_clean_cache=False, cmake_clean_first=False, cmake_force_configure=False, ament_cmake_args=None, catkin_cmake_args=None, catkin_skip_building_tests=False, verb_parser=<colcon_defaults.argument_parser.defaults.DefaultArgumentsDecorator object at 0x73db00335a20>, verb_extension=<colcon_core.verb.build.BuildVerb object at 0x73db0042a590>, main=<bound method BuildVerb.main of <colcon_core.verb.build.BuildVerb object at 0x73db0042a590>>)
[0.235s] Level 1:colcon.colcon_core.package_discovery:discover_packages(colcon_meta) check parameters
[0.235s] Level 1:colcon.colcon_core.package_discovery:discover_packages(recursive) check parameters
[0.235s] Level 1:colcon.colcon_core.package_discovery:discover_packages(ignore) check parameters
[0.235s] Level 1:colcon.colcon_core.package_discovery:discover_packages(path) check parameters
[0.235s] Level 1:colcon.colcon_core.package_discovery:discover_packages(colcon_meta) discover
[0.235s] Level 1:colcon.colcon_core.package_discovery:discover_packages(recursive) discover
[0.235s] INFO:colcon.colcon_core.package_discovery:Crawling recursively for packages in '/home/daniel/robotica/ros2_ws_2402'
[0.235s] Level 1:colcon.colcon_core.package_identification:_identify(.) by extensions ['ignore', 'ignore_ament_install']
[0.235s] Level 1:colcon.colcon_core.package_identification:_identify(.) by extension 'ignore'
[0.235s] Level 1:colcon.colcon_core.package_identification:_identify(.) by extension 'ignore_ament_install'
[0.235s] Level 1:colcon.colcon_core.package_identification:_identify(.) by extensions ['colcon_pkg']
[0.235s] Level 1:colcon.colcon_core.package_identification:_identify(.) by extension 'colcon_pkg'
[0.235s] Level 1:colcon.colcon_core.package_identification:_identify(.) by extensions ['colcon_meta']
[0.235s] Level 1:colcon.colcon_core.package_identification:_identify(.) by extension 'colcon_meta'
[0.235s] Level 1:colcon.colcon_core.package_identification:_identify(.) by extensions ['ros']
[0.235s] Level 1:colcon.colcon_core.package_identification:_identify(.) by extension 'ros'
[0.245s] Level 1:colcon.colcon_core.package_identification:_identify(.) by extensions ['cmake', 'python']
[0.245s] Level 1:colcon.colcon_core.package_identification:_identify(.) by extension 'cmake'
[0.245s] Level 1:colcon.colcon_core.package_identification:_identify(.) by extension 'python'
[0.245s] Level 1:colcon.colcon_core.package_identification:_identify(.) by extensions ['python_setup_py']
[0.245s] Level 1:colcon.colcon_core.package_identification:_identify(.) by extension 'python_setup_py'
[0.245s] Level 1:colcon.colcon_core.package_identification:_identify(build) by extensions ['ignore', 'ignore_ament_install']
[0.245s] Level 1:colcon.colcon_core.package_identification:_identify(build) by extension 'ignore'
[0.245s] Level 1:colcon.colcon_core.package_identification:_identify(build) ignored
[0.245s] Level 1:colcon.colcon_core.package_identification:_identify(install) by extensions ['ignore', 'ignore_ament_install']
[0.245s] Level 1:colcon.colcon_core.package_identification:_identify(install) by extension 'ignore'
[0.245s] Level 1:colcon.colcon_core.package_identification:_identify(install) ignored
[0.245s] Level 1:colcon.colcon_core.package_identification:_identify(log) by extensions ['ignore', 'ignore_ament_install']
[0.245s] Level 1:colcon.colcon_core.package_identification:_identify(log) by extension 'ignore'
[0.245s] Level 1:colcon.colcon_core.package_identification:_identify(log) ignored
[0.246s] Level 1:colcon.colcon_core.package_identification:_identify(src) by extensions ['ignore', 'ignore_ament_install']
[0.246s] Level 1:colcon.colcon_core.package_identification:_identify(src) by extension 'ignore'
[0.246s] Level 1:colcon.colcon_core.package_identification:_identify(src) by extension 'ignore_ament_install'
[0.246s] Level 1:colcon.colcon_core.package_identification:_identify(src) by extensions ['colcon_pkg']
[0.246s] Level 1:colcon.colcon_core.package_identification:_identify(src) by extension 'colcon_pkg'
[0.246s] Level 1:colcon.colcon_core.package_identification:_identify(src) by extensions ['colcon_meta']
[0.246s] Level 1:colcon.colcon_core.package_identification:_identify(src) by extension 'colcon_meta'
[0.246s] Level 1:colcon.colcon_core.package_identification:_identify(src) by extensions ['ros']
[0.246s] Level 1:colcon.colcon_core.package_identification:_identify(src) by extension 'ros'
[0.246s] Level 1:colcon.colcon_core.package_identification:_identify(src) by extensions ['cmake', 'python']
[0.246s] Level 1:colcon.colcon_core.package_identification:_identify(src) by extension 'cmake'
[0.246s] Level 1:colcon.colcon_core.package_identification:_identify(src) by extension 'python'
[0.246s] Level 1:colcon.colcon_core.package_identification:_identify(src) by extensions ['python_setup_py']
[0.246s] Level 1:colcon.colcon_core.package_identification:_identify(src) by extension 'python_setup_py'
[0.246s] Level 1:colcon.colcon_core.package_identification:_identify(src/car_move_pkg_gbb) by extensions ['ignore', 'ignore_ament_install']
[0.246s] Level 1:colcon.colcon_core.package_identification:_identify(src/car_move_pkg_gbb) by extension 'ignore'
[0.246s] Level 1:colcon.colcon_core.package_identification:_identify(src/car_move_pkg_gbb) by extension 'ignore_ament_install'
[0.246s] Level 1:colcon.colcon_core.package_identification:_identify(src/car_move_pkg_gbb) by extensions ['colcon_pkg']
[0.246s] Level 1:colcon.colcon_core.package_identification:_identify(src/car_move_pkg_gbb) by extension 'colcon_pkg'
[0.246s] Level 1:colcon.colcon_core.package_identification:_identify(src/car_move_pkg_gbb) by extensions ['colcon_meta']
[0.246s] Level 1:colcon.colcon_core.package_identification:_identify(src/car_move_pkg_gbb) by extension 'colcon_meta'
[0.246s] Level 1:colcon.colcon_core.package_identification:_identify(src/car_move_pkg_gbb) by extensions ['ros']
[0.246s] Level 1:colcon.colcon_core.package_identification:_identify(src/car_move_pkg_gbb) by extension 'ros'
[0.248s] DEBUG:colcon.colcon_core.package_identification:Package 'src/car_move_pkg_gbb' with type 'ros.ament_python' and name 'car_move_pkg_gbb'
[0.249s] Level 1:colcon.colcon_core.package_identification:_identify(src/car_poscontrol_pkg) by extensions ['ignore', 'ignore_ament_install']
[0.249s] Level 1:colcon.colcon_core.package_identification:_identify(src/car_poscontrol_pkg) by extension 'ignore'
[0.249s] Level 1:colcon.colcon_core.package_identification:_identify(src/car_poscontrol_pkg) by extension 'ignore_ament_install'
[0.249s] Level 1:colcon.colcon_core.package_identification:_identify(src/car_poscontrol_pkg) by extensions ['colcon_pkg']
[0.249s] Level 1:colcon.colcon_core.package_identification:_identify(src/car_poscontrol_pkg) by extension 'colcon_pkg'
[0.249s] Level 1:colcon.colcon_core.package_identification:_identify(src/car_poscontrol_pkg) by extensions ['colcon_meta']
[0.249s] Level 1:colcon.colcon_core.package_identification:_identify(src/car_poscontrol_pkg) by extension 'colcon_meta'
[0.249s] Level 1:colcon.colcon_core.package_identification:_identify(src/car_poscontrol_pkg) by extensions ['ros']
[0.249s] Level 1:colcon.colcon_core.package_identification:_identify(src/car_poscontrol_pkg) by extension 'ros'
[0.249s] DEBUG:colcon.colcon_core.package_identification:Package 'src/car_poscontrol_pkg' with type 'ros.ament_python' and name 'car_poscontrol_pkg'
[0.249s] Level 1:colcon.colcon_core.package_identification:_identify(src/joint_state_pkg_g00) by extensions ['ignore', 'ignore_ament_install']
[0.249s] Level 1:colcon.colcon_core.package_identification:_identify(src/joint_state_pkg_g00) by extension 'ignore'
[0.249s] Level 1:colcon.colcon_core.package_identification:_identify(src/joint_state_pkg_g00) by extension 'ignore_ament_install'
[0.250s] Level 1:colcon.colcon_core.package_identification:_identify(src/joint_state_pkg_g00) by extensions ['colcon_pkg']
[0.250s] Level 1:colcon.colcon_core.package_identification:_identify(src/joint_state_pkg_g00) by extension 'colcon_pkg'
[0.250s] Level 1:colcon.colcon_core.package_identification:_identify(src/joint_state_pkg_g00) by extensions ['colcon_meta']
[0.250s] Level 1:colcon.colcon_core.package_identification:_identify(src/joint_state_pkg_g00) by extension 'colcon_meta'
[0.250s] Level 1:colcon.colcon_core.package_identification:_identify(src/joint_state_pkg_g00) by extensions ['ros']
[0.250s] Level 1:colcon.colcon_core.package_identification:_identify(src/joint_state_pkg_g00) by extension 'ros'
[0.250s] DEBUG:colcon.colcon_core.package_identification:Package 'src/joint_state_pkg_g00' with type 'ros.ament_python' and name 'joint_state_pkg_g00'
[0.250s] Level 1:colcon.colcon_core.package_identification:_identify(src/launch_pkg_gbb) by extensions ['ignore', 'ignore_ament_install']
[0.250s] Level 1:colcon.colcon_core.package_identification:_identify(src/launch_pkg_gbb) by extension 'ignore'
[0.250s] Level 1:colcon.colcon_core.package_identification:_identify(src/launch_pkg_gbb) by extension 'ignore_ament_install'
[0.250s] Level 1:colcon.colcon_core.package_identification:_identify(src/launch_pkg_gbb) by extensions ['colcon_pkg']
[0.250s] Level 1:colcon.colcon_core.package_identification:_identify(src/launch_pkg_gbb) by extension 'colcon_pkg'
[0.250s] Level 1:colcon.colcon_core.package_identification:_identify(src/launch_pkg_gbb) by extensions ['colcon_meta']
[0.250s] Level 1:colcon.colcon_core.package_identification:_identify(src/launch_pkg_gbb) by extension 'colcon_meta'
[0.250s] Level 1:colcon.colcon_core.package_identification:_identify(src/launch_pkg_gbb) by extensions ['ros']
[0.250s] Level 1:colcon.colcon_core.package_identification:_identify(src/launch_pkg_gbb) by extension 'ros'
[0.251s] DEBUG:colcon.colcon_core.package_identification:Package 'src/launch_pkg_gbb' with type 'ros.ament_python' and name 'launch_pkg_gbb'
[0.251s] Level 1:colcon.colcon_core.package_identification:_identify(src/modelrobot_pkg_gbb) by extensions ['ignore', 'ignore_ament_install']
[0.251s] Level 1:colcon.colcon_core.package_identification:_identify(src/modelrobot_pkg_gbb) by extension 'ignore'
[0.251s] Level 1:colcon.colcon_core.package_identification:_identify(src/modelrobot_pkg_gbb) by extension 'ignore_ament_install'
[0.251s] Level 1:colcon.colcon_core.package_identification:_identify(src/modelrobot_pkg_gbb) by extensions ['colcon_pkg']
[0.251s] Level 1:colcon.colcon_core.package_identification:_identify(src/modelrobot_pkg_gbb) by extension 'colcon_pkg'
[0.251s] Level 1:colcon.colcon_core.package_identification:_identify(src/modelrobot_pkg_gbb) by extensions ['colcon_meta']
[0.251s] Level 1:colcon.colcon_core.package_identification:_identify(src/modelrobot_pkg_gbb) by extension 'colcon_meta'
[0.251s] Level 1:colcon.colcon_core.package_identification:_identify(src/modelrobot_pkg_gbb) by extensions ['ros']
[0.251s] Level 1:colcon.colcon_core.package_identification:_identify(src/modelrobot_pkg_gbb) by extension 'ros'
[0.252s] DEBUG:colcon.colcon_core.package_identification:Package 'src/modelrobot_pkg_gbb' with type 'ros.ament_python' and name 'modelrobot_pkg_gbb'
[0.252s] Level 1:colcon.colcon_core.package_identification:_identify(src/odom_pkg) by extensions ['ignore', 'ignore_ament_install']
[0.252s] Level 1:colcon.colcon_core.package_identification:_identify(src/odom_pkg) by extension 'ignore'
[0.252s] Level 1:colcon.colcon_core.package_identification:_identify(src/odom_pkg) by extension 'ignore_ament_install'
[0.252s] Level 1:colcon.colcon_core.package_identification:_identify(src/odom_pkg) by extensions ['colcon_pkg']
[0.252s] Level 1:colcon.colcon_core.package_identification:_identify(src/odom_pkg) by extension 'colcon_pkg'
[0.252s] Level 1:colcon.colcon_core.package_identification:_identify(src/odom_pkg) by extensions ['colcon_meta']
[0.252s] Level 1:colcon.colcon_core.package_identification:_identify(src/odom_pkg) by extension 'colcon_meta'
[0.252s] Level 1:colcon.colcon_core.package_identification:_identify(src/odom_pkg) by extensions ['ros']
[0.252s] Level 1:colcon.colcon_core.package_identification:_identify(src/odom_pkg) by extension 'ros'
[0.252s] DEBUG:colcon.colcon_core.package_identification:Package 'src/odom_pkg' with type 'ros.ament_python' and name 'odom_pkg'
[0.253s] Level 1:colcon.colcon_core.package_identification:_identify(src/temp) by extensions ['ignore', 'ignore_ament_install']
[0.253s] Level 1:colcon.colcon_core.package_identification:_identify(src/temp) by extension 'ignore'
[0.253s] Level 1:colcon.colcon_core.package_identification:_identify(src/temp) by extension 'ignore_ament_install'
[0.253s] Level 1:colcon.colcon_core.package_identification:_identify(src/temp) by extensions ['colcon_pkg']
[0.253s] Level 1:colcon.colcon_core.package_identification:_identify(src/temp) by extension 'colcon_pkg'
[0.253s] Level 1:colcon.colcon_core.package_identification:_identify(src/temp) by extensions ['colcon_meta']
[0.253s] Level 1:colcon.colcon_core.package_identification:_identify(src/temp) by extension 'colcon_meta'
[0.253s] Level 1:colcon.colcon_core.package_identification:_identify(src/temp) by extensions ['ros']
[0.253s] Level 1:colcon.colcon_core.package_identification:_identify(src/temp) by extension 'ros'
[0.253s] Level 1:colcon.colcon_core.package_identification:_identify(src/temp) by extensions ['cmake', 'python']
[0.253s] Level 1:colcon.colcon_core.package_identification:_identify(src/temp) by extension 'cmake'
[0.253s] Level 1:colcon.colcon_core.package_identification:_identify(src/temp) by extension 'python'
[0.253s] Level 1:colcon.colcon_core.package_identification:_identify(src/temp) by extensions ['python_setup_py']
[0.253s] Level 1:colcon.colcon_core.package_identification:_identify(src/temp) by extension 'python_setup_py'
[0.253s] Level 1:colcon.colcon_core.package_identification:_identify(src/turtle_move_pkg_gbb) by extensions ['ignore', 'ignore_ament_install']
[0.253s] Level 1:colcon.colcon_core.package_identification:_identify(src/turtle_move_pkg_gbb) by extension 'ignore'
[0.253s] Level 1:colcon.colcon_core.package_identification:_identify(src/turtle_move_pkg_gbb) by extension 'ignore_ament_install'
[0.253s] Level 1:colcon.colcon_core.package_identification:_identify(src/turtle_move_pkg_gbb) by extensions ['colcon_pkg']
[0.253s] Level 1:colcon.colcon_core.package_identification:_identify(src/turtle_move_pkg_gbb) by extension 'colcon_pkg'
[0.253s] Level 1:colcon.colcon_core.package_identification:_identify(src/turtle_move_pkg_gbb) by extensions ['colcon_meta']
[0.253s] Level 1:colcon.colcon_core.package_identification:_identify(src/turtle_move_pkg_gbb) by extension 'colcon_meta'
[0.253s] Level 1:colcon.colcon_core.package_identification:_identify(src/turtle_move_pkg_gbb) by extensions ['ros']
[0.253s] Level 1:colcon.colcon_core.package_identification:_identify(src/turtle_move_pkg_gbb) by extension 'ros'
[0.254s] DEBUG:colcon.colcon_core.package_identification:Package 'src/turtle_move_pkg_gbb' with type 'ros.ament_python' and name 'turtle_move_pkg_gbb'
[0.254s] Level 1:colcon.colcon_core.package_identification:_identify(src/twist2tf2_pkg_gbb) by extensions ['ignore', 'ignore_ament_install']
[0.254s] Level 1:colcon.colcon_core.package_identification:_identify(src/twist2tf2_pkg_gbb) by extension 'ignore'
[0.254s] Level 1:colcon.colcon_core.package_identification:_identify(src/twist2tf2_pkg_gbb) by extension 'ignore_ament_install'
[0.254s] Level 1:colcon.colcon_core.package_identification:_identify(src/twist2tf2_pkg_gbb) by extensions ['colcon_pkg']
[0.254s] Level 1:colcon.colcon_core.package_identification:_identify(src/twist2tf2_pkg_gbb) by extension 'colcon_pkg'
[0.254s] Level 1:colcon.colcon_core.package_identification:_identify(src/twist2tf2_pkg_gbb) by extensions ['colcon_meta']
[0.254s] Level 1:colcon.colcon_core.package_identification:_identify(src/twist2tf2_pkg_gbb) by extension 'colcon_meta'
[0.254s] Level 1:colcon.colcon_core.package_identification:_identify(src/twist2tf2_pkg_gbb) by extensions ['ros']
[0.254s] Level 1:colcon.colcon_core.package_identification:_identify(src/twist2tf2_pkg_gbb) by extension 'ros'
[0.255s] DEBUG:colcon.colcon_core.package_identification:Package 'src/twist2tf2_pkg_gbb' with type 'ros.ament_python' and name 'twist2tf2_pkg_gbb'
[0.255s] Level 1:colcon.colcon_core.package_discovery:discover_packages(recursive) using defaults
[0.255s] Level 1:colcon.colcon_core.package_discovery:discover_packages(ignore) discover
[0.255s] Level 1:colcon.colcon_core.package_discovery:discover_packages(ignore) using defaults
[0.255s] Level 1:colcon.colcon_core.package_discovery:discover_packages(path) discover
[0.255s] Level 1:colcon.colcon_core.package_discovery:discover_packages(path) using defaults
[0.273s] Level 1:colcon.colcon_core.package_discovery:discover_packages(prefix_path) check parameters
[0.273s] Level 1:colcon.colcon_core.package_discovery:discover_packages(prefix_path) discover
[0.283s] DEBUG:colcon.colcon_installed_package_information.package_discovery:Found 8 installed packages in /home/daniel/robotica/ros2_ws_2402/install
[0.284s] DEBUG:colcon.colcon_installed_package_information.package_discovery:Found 326 installed packages in /opt/ros/humble
[0.285s] Level 1:colcon.colcon_core.package_discovery:discover_packages(prefix_path) using defaults
[0.325s] Level 5:colcon.colcon_core.verb:set package 'car_move_pkg_gbb' build argument 'cmake_args' from command line to 'None'
[0.325s] Level 5:colcon.colcon_core.verb:set package 'car_move_pkg_gbb' build argument 'cmake_target' from command line to 'None'
[0.325s] Level 5:colcon.colcon_core.verb:set package 'car_move_pkg_gbb' build argument 'cmake_target_skip_unavailable' from command line to 'False'
[0.325s] Level 5:colcon.colcon_core.verb:set package 'car_move_pkg_gbb' build argument 'cmake_clean_cache' from command line to 'False'
[0.325s] Level 5:colcon.colcon_core.verb:set package 'car_move_pkg_gbb' build argument 'cmake_clean_first' from command line to 'False'
[0.325s] Level 5:colcon.colcon_core.verb:set package 'car_move_pkg_gbb' build argument 'cmake_force_configure' from command line to 'False'
[0.325s] Level 5:colcon.colcon_core.verb:set package 'car_move_pkg_gbb' build argument 'ament_cmake_args' from command line to 'None'
[0.325s] Level 5:colcon.colcon_core.verb:set package 'car_move_pkg_gbb' build argument 'catkin_cmake_args' from command line to 'None'
[0.325s] Level 5:colcon.colcon_core.verb:set package 'car_move_pkg_gbb' build argument 'catkin_skip_building_tests' from command line to 'False'
[0.325s] DEBUG:colcon.colcon_core.verb:Building package 'car_move_pkg_gbb' with the following arguments: {'ament_cmake_args': None, 'build_base': '/home/daniel/robotica/ros2_ws_2402/build/car_move_pkg_gbb', 'catkin_cmake_args': None, 'catkin_skip_building_tests': False, 'cmake_args': None, 'cmake_clean_cache': False, 'cmake_clean_first': False, 'cmake_force_configure': False, 'cmake_target': None, 'cmake_target_skip_unavailable': False, 'install_base': '/home/daniel/robotica/ros2_ws_2402/install/car_move_pkg_gbb', 'merge_install': False, 'path': '/home/daniel/robotica/ros2_ws_2402/src/car_move_pkg_gbb', 'symlink_install': False, 'test_result_base': None}
[0.326s] Level 5:colcon.colcon_core.verb:set package 'car_poscontrol_pkg' build argument 'cmake_args' from command line to 'None'
[0.326s] Level 5:colcon.colcon_core.verb:set package 'car_poscontrol_pkg' build argument 'cmake_target' from command line to 'None'
[0.326s] Level 5:colcon.colcon_core.verb:set package 'car_poscontrol_pkg' build argument 'cmake_target_skip_unavailable' from command line to 'False'
[0.326s] Level 5:colcon.colcon_core.verb:set package 'car_poscontrol_pkg' build argument 'cmake_clean_cache' from command line to 'False'
[0.326s] Level 5:colcon.colcon_core.verb:set package 'car_poscontrol_pkg' build argument 'cmake_clean_first' from command line to 'False'
[0.326s] Level 5:colcon.colcon_core.verb:set package 'car_poscontrol_pkg' build argument 'cmake_force_configure' from command line to 'False'
[0.326s] Level 5:colcon.colcon_core.verb:set package 'car_poscontrol_pkg' build argument 'ament_cmake_args' from command line to 'None'
[0.326s] Level 5:colcon.colcon_core.verb:set package 'car_poscontrol_pkg' build argument 'catkin_cmake_args' from command line to 'None'
[0.326s] Level 5:colcon.colcon_core.verb:set package 'car_poscontrol_pkg' build argument 'catkin_skip_building_tests' from command line to 'False'
[0.326s] DEBUG:colcon.colcon_core.verb:Building package 'car_poscontrol_pkg' with the following arguments: {'ament_cmake_args': None, 'build_base': '/home/daniel/robotica/ros2_ws_2402/build/car_poscontrol_pkg', 'catkin_cmake_args': None, 'catkin_skip_building_tests': False, 'cmake_args': None, 'cmake_clean_cache': False, 'cmake_clean_first': False, 'cmake_force_configure': False, 'cmake_target': None, 'cmake_target_skip_unavailable': False, 'install_base': '/home/daniel/robotica/ros2_ws_2402/install/car_poscontrol_pkg', 'merge_install': False, 'path': '/home/daniel/robotica/ros2_ws_2402/src/car_poscontrol_pkg', 'symlink_install': False, 'test_result_base': None}
[0.326s] Level 5:colcon.colcon_core.verb:set package 'joint_state_pkg_g00' build argument 'cmake_args' from command line to 'None'
[0.326s] Level 5:colcon.colcon_core.verb:set package 'joint_state_pkg_g00' build argument 'cmake_target' from command line to 'None'
[0.326s] Level 5:colcon.colcon_core.verb:set package 'joint_state_pkg_g00' build argument 'cmake_target_skip_unavailable' from command line to 'False'
[0.326s] Level 5:colcon.colcon_core.verb:set package 'joint_state_pkg_g00' build argument 'cmake_clean_cache' from command line to 'False'
[0.326s] Level 5:colcon.colcon_core.verb:set package 'joint_state_pkg_g00' build argument 'cmake_clean_first' from command line to 'False'
[0.326s] Level 5:colcon.colcon_core.verb:set package 'joint_state_pkg_g00' build argument 'cmake_force_configure' from command line to 'False'
[0.326s] Level 5:colcon.colcon_core.verb:set package 'joint_state_pkg_g00' build argument 'ament_cmake_args' from command line to 'None'
[0.326s] Level 5:colcon.colcon_core.verb:set package 'joint_state_pkg_g00' build argument 'catkin_cmake_args' from command line to 'None'
[0.326s] Level 5:colcon.colcon_core.verb:set package 'joint_state_pkg_g00' build argument 'catkin_skip_building_tests' from command line to 'False'
[0.327s] DEBUG:colcon.colcon_core.verb:Building package 'joint_state_pkg_g00' with the following arguments: {'ament_cmake_args': None, 'build_base': '/home/daniel/robotica/ros2_ws_2402/build/joint_state_pkg_g00', 'catkin_cmake_args': None, 'catkin_skip_building_tests': False, 'cmake_args': None, 'cmake_clean_cache': False, 'cmake_clean_first': False, 'cmake_force_configure': False, 'cmake_target': None, 'cmake_target_skip_unavailable': False, 'install_base': '/home/daniel/robotica/ros2_ws_2402/install/joint_state_pkg_g00', 'merge_install': False, 'path': '/home/daniel/robotica/ros2_ws_2402/src/joint_state_pkg_g00', 'symlink_install': False, 'test_result_base': None}
[0.327s] Level 5:colcon.colcon_core.verb:set package 'launch_pkg_gbb' build argument 'cmake_args' from command line to 'None'
[0.327s] Level 5:colcon.colcon_core.verb:set package 'launch_pkg_gbb' build argument 'cmake_target' from command line to 'None'
[0.327s] Level 5:colcon.colcon_core.verb:set package 'launch_pkg_gbb' build argument 'cmake_target_skip_unavailable' from command line to 'False'
[0.327s] Level 5:colcon.colcon_core.verb:set package 'launch_pkg_gbb' build argument 'cmake_clean_cache' from command line to 'False'
[0.327s] Level 5:colcon.colcon_core.verb:set package 'launch_pkg_gbb' build argument 'cmake_clean_first' from command line to 'False'
[0.327s] Level 5:colcon.colcon_core.verb:set package 'launch_pkg_gbb' build argument 'cmake_force_configure' from command line to 'False'
[0.327s] Level 5:colcon.colcon_core.verb:set package 'launch_pkg_gbb' build argument 'ament_cmake_args' from command line to 'None'
[0.327s] Level 5:colcon.colcon_core.verb:set package 'launch_pkg_gbb' build argument 'catkin_cmake_args' from command line to 'None'
[0.327s] Level 5:colcon.colcon_core.verb:set package 'launch_pkg_gbb' build argument 'catkin_skip_building_tests' from command line to 'False'
[0.327s] DEBUG:colcon.colcon_core.verb:Building package 'launch_pkg_gbb' with the following arguments: {'ament_cmake_args': None, 'build_base': '/home/daniel/robotica/ros2_ws_2402/build/launch_pkg_gbb', 'catkin_cmake_args': None, 'catkin_skip_building_tests': False, 'cmake_args': None, 'cmake_clean_cache': False, 'cmake_clean_first': False, 'cmake_force_configure': False, 'cmake_target': None, 'cmake_target_skip_unavailable': False, 'install_base': '/home/daniel/robotica/ros2_ws_2402/install/launch_pkg_gbb', 'merge_install': False, 'path': '/home/daniel/robotica/ros2_ws_2402/src/launch_pkg_gbb', 'symlink_install': False, 'test_result_base': None}
[0.327s] Level 5:colcon.colcon_core.verb:set package 'modelrobot_pkg_gbb' build argument 'cmake_args' from command line to 'None'
[0.327s] Level 5:colcon.colcon_core.verb:set package 'modelrobot_pkg_gbb' build argument 'cmake_target' from command line to 'None'
[0.327s] Level 5:colcon.colcon_core.verb:set package 'modelrobot_pkg_gbb' build argument 'cmake_target_skip_unavailable' from command line to 'False'
[0.327s] Level 5:colcon.colcon_core.verb:set package 'modelrobot_pkg_gbb' build argument 'cmake_clean_cache' from command line to 'False'
[0.327s] Level 5:colcon.colcon_core.verb:set package 'modelrobot_pkg_gbb' build argument 'cmake_clean_first' from command line to 'False'
[0.327s] Level 5:colcon.colcon_core.verb:set package 'modelrobot_pkg_gbb' build argument 'cmake_force_configure' from command line to 'False'
[0.327s] Level 5:colcon.colcon_core.verb:set package 'modelrobot_pkg_gbb' build argument 'ament_cmake_args' from command line to 'None'
[0.327s] Level 5:colcon.colcon_core.verb:set package 'modelrobot_pkg_gbb' build argument 'catkin_cmake_args' from command line to 'None'
[0.327s] Level 5:colcon.colcon_core.verb:set package 'modelrobot_pkg_gbb' build argument 'catkin_skip_building_tests' from command line to 'False'
[0.328s] DEBUG:colcon.colcon_core.verb:Building package 'modelrobot_pkg_gbb' with the following arguments: {'ament_cmake_args': None, 'build_base': '/home/daniel/robotica/ros2_ws_2402/build/modelrobot_pkg_gbb', 'catkin_cmake_args': None, 'catkin_skip_building_tests': False, 'cmake_args': None, 'cmake_clean_cache': False, 'cmake_clean_first': False, 'cmake_force_configure': False, 'cmake_target': None, 'cmake_target_skip_unavailable': False, 'install_base': '/home/daniel/robotica/ros2_ws_2402/install/modelrobot_pkg_gbb', 'merge_install': False, 'path': '/home/daniel/robotica/ros2_ws_2402/src/modelrobot_pkg_gbb', 'symlink_install': False, 'test_result_base': None}
[0.328s] Level 5:colcon.colcon_core.verb:set package 'odom_pkg' build argument 'cmake_args' from command line to 'None'
[0.328s] Level 5:colcon.colcon_core.verb:set package 'odom_pkg' build argument 'cmake_target' from command line to 'None'
[0.328s] Level 5:colcon.colcon_core.verb:set package 'odom_pkg' build argument 'cmake_target_skip_unavailable' from command line to 'False'
[0.328s] Level 5:colcon.colcon_core.verb:set package 'odom_pkg' build argument 'cmake_clean_cache' from command line to 'False'
[0.328s] Level 5:colcon.colcon_core.verb:set package 'odom_pkg' build argument 'cmake_clean_first' from command line to 'False'
[0.328s] Level 5:colcon.colcon_core.verb:set package 'odom_pkg' build argument 'cmake_force_configure' from command line to 'False'
[0.328s] Level 5:colcon.colcon_core.verb:set package 'odom_pkg' build argument 'ament_cmake_args' from command line to 'None'
[0.328s] Level 5:colcon.colcon_core.verb:set package 'odom_pkg' build argument 'catkin_cmake_args' from command line to 'None'
[0.328s] Level 5:colcon.colcon_core.verb:set package 'odom_pkg' build argument 'catkin_skip_building_tests' from command line to 'False'
[0.328s] DEBUG:colcon.colcon_core.verb:Building package 'odom_pkg' with the following arguments: {'ament_cmake_args': None, 'build_base': '/home/daniel/robotica/ros2_ws_2402/build/odom_pkg', 'catkin_cmake_args': None, 'catkin_skip_building_tests': False, 'cmake_args': None, 'cmake_clean_cache': False, 'cmake_clean_first': False, 'cmake_force_configure': False, 'cmake_target': None, 'cmake_target_skip_unavailable': False, 'install_base': '/home/daniel/robotica/ros2_ws_2402/install/odom_pkg', 'merge_install': False, 'path': '/home/daniel/robotica/ros2_ws_2402/src/odom_pkg', 'symlink_install': False, 'test_result_base': None}
[0.328s] Level 5:colcon.colcon_core.verb:set package 'turtle_move_pkg_gbb' build argument 'cmake_args' from command line to 'None'
[0.328s] Level 5:colcon.colcon_core.verb:set package 'turtle_move_pkg_gbb' build argument 'cmake_target' from command line to 'None'
[0.328s] Level 5:colcon.colcon_core.verb:set package 'turtle_move_pkg_gbb' build argument 'cmake_target_skip_unavailable' from command line to 'False'
[0.328s] Level 5:colcon.colcon_core.verb:set package 'turtle_move_pkg_gbb' build argument 'cmake_clean_cache' from command line to 'False'
[0.328s] Level 5:colcon.colcon_core.verb:set package 'turtle_move_pkg_gbb' build argument 'cmake_clean_first' from command line to 'False'
[0.328s] Level 5:colcon.colcon_core.verb:set package 'turtle_move_pkg_gbb' build argument 'cmake_force_configure' from command line to 'False'
[0.328s] Level 5:colcon.colcon_core.verb:set package 'turtle_move_pkg_gbb' build argument 'ament_cmake_args' from command line to 'None'
[0.328s] Level 5:colcon.colcon_core.verb:set package 'turtle_move_pkg_gbb' build argument 'catkin_cmake_args' from command line to 'None'
[0.328s] Level 5:colcon.colcon_core.verb:set package 'turtle_move_pkg_gbb' build argument 'catkin_skip_building_tests' from command line to 'False'
[0.328s] DEBUG:colcon.colcon_core.verb:Building package 'turtle_move_pkg_gbb' with the following arguments: {'ament_cmake_args': None, 'build_base': '/home/daniel/robotica/ros2_ws_2402/build/turtle_move_pkg_gbb', 'catkin_cmake_args': None, 'catkin_skip_building_tests': False, 'cmake_args': None, 'cmake_clean_cache': False, 'cmake_clean_first': False, 'cmake_force_configure': False, 'cmake_target': None, 'cmake_target_skip_unavailable': False, 'install_base': '/home/daniel/robotica/ros2_ws_2402/install/turtle_move_pkg_gbb', 'merge_install': False, 'path': '/home/daniel/robotica/ros2_ws_2402/src/turtle_move_pkg_gbb', 'symlink_install': False, 'test_result_base': None}
[0.329s] Level 5:colcon.colcon_core.verb:set package 'twist2tf2_pkg_gbb' build argument 'cmake_args' from command line to 'None'
[0.329s] Level 5:colcon.colcon_core.verb:set package 'twist2tf2_pkg_gbb' build argument 'cmake_target' from command line to 'None'
[0.329s] Level 5:colcon.colcon_core.verb:set package 'twist2tf2_pkg_gbb' build argument 'cmake_target_skip_unavailable' from command line to 'False'
[0.329s] Level 5:colcon.colcon_core.verb:set package 'twist2tf2_pkg_gbb' build argument 'cmake_clean_cache' from command line to 'False'
[0.329s] Level 5:colcon.colcon_core.verb:set package 'twist2tf2_pkg_gbb' build argument 'cmake_clean_first' from command line to 'False'
[0.329s] Level 5:colcon.colcon_core.verb:set package 'twist2tf2_pkg_gbb' build argument 'cmake_force_configure' from command line to 'False'
[0.329s] Level 5:colcon.colcon_core.verb:set package 'twist2tf2_pkg_gbb' build argument 'ament_cmake_args' from command line to 'None'
[0.329s] Level 5:colcon.colcon_core.verb:set package 'twist2tf2_pkg_gbb' build argument 'catkin_cmake_args' from command line to 'None'
[0.329s] Level 5:colcon.colcon_core.verb:set package 'twist2tf2_pkg_gbb' build argument 'catkin_skip_building_tests' from command line to 'False'
[0.329s] DEBUG:colcon.colcon_core.verb:Building package 'twist2tf2_pkg_gbb' with the following arguments: {'ament_cmake_args': None, 'build_base': '/home/daniel/robotica/ros2_ws_2402/build/twist2tf2_pkg_gbb', 'catkin_cmake_args': None, 'catkin_skip_building_tests': False, 'cmake_args': None, 'cmake_clean_cache': False, 'cmake_clean_first': False, 'cmake_force_configure': False, 'cmake_target': None, 'cmake_target_skip_unavailable': False, 'install_base': '/home/daniel/robotica/ros2_ws_2402/install/twist2tf2_pkg_gbb', 'merge_install': False, 'path': '/home/daniel/robotica/ros2_ws_2402/src/twist2tf2_pkg_gbb', 'symlink_install': False, 'test_result_base': None}
[0.329s] INFO:colcon.colcon_core.executor:Executing jobs using 'parallel' executor
[0.330s] DEBUG:colcon.colcon_parallel_executor.executor.parallel:run_until_complete
[0.330s] INFO:colcon.colcon_ros.task.ament_python.build:Building ROS package in '/home/daniel/robotica/ros2_ws_2402/src/car_move_pkg_gbb' with build type 'ament_python'
[0.330s] Level 1:colcon.colcon_core.shell:create_environment_hook('car_move_pkg_gbb', 'ament_prefix_path')
[0.332s] INFO:colcon.colcon_core.plugin_system:Skipping extension 'colcon_core.shell.bat': Not used on non-Windows systems
[0.332s] INFO:colcon.colcon_core.shell:Creating environment hook '/home/daniel/robotica/ros2_ws_2402/install/car_move_pkg_gbb/share/car_move_pkg_gbb/hook/ament_prefix_path.ps1'
[0.333s] INFO:colcon.colcon_core.shell:Creating environment descriptor '/home/daniel/robotica/ros2_ws_2402/install/car_move_pkg_gbb/share/car_move_pkg_gbb/hook/ament_prefix_path.dsv'
[0.333s] INFO:colcon.colcon_core.shell:Creating environment hook '/home/daniel/robotica/ros2_ws_2402/install/car_move_pkg_gbb/share/car_move_pkg_gbb/hook/ament_prefix_path.sh'
[0.334s] INFO:colcon.colcon_core.shell:Skip shell extension 'powershell' for command environment: Not usable outside of PowerShell
[0.334s] DEBUG:colcon.colcon_core.shell:Skip shell extension 'dsv' for command environment
[0.336s] INFO:colcon.colcon_ros.task.ament_python.build:Building ROS package in '/home/daniel/robotica/ros2_ws_2402/src/car_poscontrol_pkg' with build type 'ament_python'
[0.337s] Level 1:colcon.colcon_core.shell:create_environment_hook('car_poscontrol_pkg', 'ament_prefix_path')
[0.337s] INFO:colcon.colcon_core.shell:Creating environment hook '/home/daniel/robotica/ros2_ws_2402/install/car_poscontrol_pkg/share/car_poscontrol_pkg/hook/ament_prefix_path.ps1'
[0.337s] INFO:colcon.colcon_core.shell:Creating environment descriptor '/home/daniel/robotica/ros2_ws_2402/install/car_poscontrol_pkg/share/car_poscontrol_pkg/hook/ament_prefix_path.dsv'
[0.337s] INFO:colcon.colcon_core.shell:Creating environment hook '/home/daniel/robotica/ros2_ws_2402/install/car_poscontrol_pkg/share/car_poscontrol_pkg/hook/ament_prefix_path.sh'
[0.338s] INFO:colcon.colcon_core.shell:Skip shell extension 'powershell' for command environment: Not usable outside of PowerShell
[0.338s] DEBUG:colcon.colcon_core.shell:Skip shell extension 'dsv' for command environment
[0.340s] INFO:colcon.colcon_ros.task.ament_python.build:Building ROS package in '/home/daniel/robotica/ros2_ws_2402/src/joint_state_pkg_g00' with build type 'ament_python'
[0.340s] Level 1:colcon.colcon_core.shell:create_environment_hook('joint_state_pkg_g00', 'ament_prefix_path')
[0.341s] INFO:colcon.colcon_core.shell:Creating environment hook '/home/daniel/robotica/ros2_ws_2402/install/joint_state_pkg_g00/share/joint_state_pkg_g00/hook/ament_prefix_path.ps1'
[0.341s] INFO:colcon.colcon_core.shell:Creating environment descriptor '/home/daniel/robotica/ros2_ws_2402/install/joint_state_pkg_g00/share/joint_state_pkg_g00/hook/ament_prefix_path.dsv'
[0.341s] INFO:colcon.colcon_core.shell:Creating environment hook '/home/daniel/robotica/ros2_ws_2402/install/joint_state_pkg_g00/share/joint_state_pkg_g00/hook/ament_prefix_path.sh'
[0.342s] INFO:colcon.colcon_core.shell:Skip shell extension 'powershell' for command environment: Not usable outside of PowerShell
[0.342s] DEBUG:colcon.colcon_core.shell:Skip shell extension 'dsv' for command environment
[0.344s] INFO:colcon.colcon_ros.task.ament_python.build:Building ROS package in '/home/daniel/robotica/ros2_ws_2402/src/launch_pkg_gbb' with build type 'ament_python'
[0.345s] Level 1:colcon.colcon_core.shell:create_environment_hook('launch_pkg_gbb', 'ament_prefix_path')
[0.345s] INFO:colcon.colcon_core.shell:Creating environment hook '/home/daniel/robotica/ros2_ws_2402/install/launch_pkg_gbb/share/launch_pkg_gbb/hook/ament_prefix_path.ps1'
[0.346s] INFO:colcon.colcon_core.shell:Creating environment descriptor '/home/daniel/robotica/ros2_ws_2402/install/launch_pkg_gbb/share/launch_pkg_gbb/hook/ament_prefix_path.dsv'
[0.347s] INFO:colcon.colcon_core.shell:Creating environment hook '/home/daniel/robotica/ros2_ws_2402/install/launch_pkg_gbb/share/launch_pkg_gbb/hook/ament_prefix_path.sh'
[0.347s] INFO:colcon.colcon_core.shell:Skip shell extension 'powershell' for command environment: Not usable outside of PowerShell
[0.347s] DEBUG:colcon.colcon_core.shell:Skip shell extension 'dsv' for command environment
[0.350s] INFO:colcon.colcon_ros.task.ament_python.build:Building ROS package in '/home/daniel/robotica/ros2_ws_2402/src/modelrobot_pkg_gbb' with build type 'ament_python'
[0.350s] Level 1:colcon.colcon_core.shell:create_environment_hook('modelrobot_pkg_gbb', 'ament_prefix_path')
[0.351s] INFO:colcon.colcon_core.shell:Creating environment hook '/home/daniel/robotica/ros2_ws_2402/install/modelrobot_pkg_gbb/share/modelrobot_pkg_gbb/hook/ament_prefix_path.ps1'
[0.351s] INFO:colcon.colcon_core.shell:Creating environment descriptor '/home/daniel/robotica/ros2_ws_2402/install/modelrobot_pkg_gbb/share/modelrobot_pkg_gbb/hook/ament_prefix_path.dsv'
[0.352s] INFO:colcon.colcon_core.shell:Creating environment hook '/home/daniel/robotica/ros2_ws_2402/install/modelrobot_pkg_gbb/share/modelrobot_pkg_gbb/hook/ament_prefix_path.sh'
[0.352s] INFO:colcon.colcon_core.shell:Skip shell extension 'powershell' for command environment: Not usable outside of PowerShell
[0.352s] DEBUG:colcon.colcon_core.shell:Skip shell extension 'dsv' for command environment
[0.356s] INFO:colcon.colcon_ros.task.ament_python.build:Building ROS package in '/home/daniel/robotica/ros2_ws_2402/src/odom_pkg' with build type 'ament_python'
[0.356s] Level 1:colcon.colcon_core.shell:create_environment_hook('odom_pkg', 'ament_prefix_path')
[0.356s] INFO:colcon.colcon_core.shell:Creating environment hook '/home/daniel/robotica/ros2_ws_2402/install/odom_pkg/share/odom_pkg/hook/ament_prefix_path.ps1'
[0.357s] INFO:colcon.colcon_core.shell:Creating environment descriptor '/home/daniel/robotica/ros2_ws_2402/install/odom_pkg/share/odom_pkg/hook/ament_prefix_path.dsv'
[0.357s] INFO:colcon.colcon_core.shell:Creating environment hook '/home/daniel/robotica/ros2_ws_2402/install/odom_pkg/share/odom_pkg/hook/ament_prefix_path.sh'
[0.358s] INFO:colcon.colcon_core.shell:Skip shell extension 'powershell' for command environment: Not usable outside of PowerShell
[0.358s] DEBUG:colcon.colcon_core.shell:Skip shell extension 'dsv' for command environment
[0.361s] INFO:colcon.colcon_ros.task.ament_python.build:Building ROS package in '/home/daniel/robotica/ros2_ws_2402/src/turtle_move_pkg_gbb' with build type 'ament_python'
[0.361s] Level 1:colcon.colcon_core.shell:create_environment_hook('turtle_move_pkg_gbb', 'ament_prefix_path')
[0.361s] INFO:colcon.colcon_core.shell:Creating environment hook '/home/daniel/robotica/ros2_ws_2402/install/turtle_move_pkg_gbb/share/turtle_move_pkg_gbb/hook/ament_prefix_path.ps1'
[0.362s] INFO:colcon.colcon_core.shell:Creating environment descriptor '/home/daniel/robotica/ros2_ws_2402/install/turtle_move_pkg_gbb/share/turtle_move_pkg_gbb/hook/ament_prefix_path.dsv'
[0.362s] INFO:colcon.colcon_core.shell:Creating environment hook '/home/daniel/robotica/ros2_ws_2402/install/turtle_move_pkg_gbb/share/turtle_move_pkg_gbb/hook/ament_prefix_path.sh'
[0.363s] INFO:colcon.colcon_core.shell:Skip shell extension 'powershell' for command environment: Not usable outside of PowerShell
[0.363s] DEBUG:colcon.colcon_core.shell:Skip shell extension 'dsv' for command environment
[0.366s] INFO:colcon.colcon_ros.task.ament_python.build:Building ROS package in '/home/daniel/robotica/ros2_ws_2402/src/twist2tf2_pkg_gbb' with build type 'ament_python'
[0.367s] Level 1:colcon.colcon_core.shell:create_environment_hook('twist2tf2_pkg_gbb', 'ament_prefix_path')
[0.367s] INFO:colcon.colcon_core.shell:Creating environment hook '/home/daniel/robotica/ros2_ws_2402/install/twist2tf2_pkg_gbb/share/twist2tf2_pkg_gbb/hook/ament_prefix_path.ps1'
[0.367s] INFO:colcon.colcon_core.shell:Creating environment descriptor '/home/daniel/robotica/ros2_ws_2402/install/twist2tf2_pkg_gbb/share/twist2tf2_pkg_gbb/hook/ament_prefix_path.dsv'
[0.367s] INFO:colcon.colcon_core.shell:Creating environment hook '/home/daniel/robotica/ros2_ws_2402/install/twist2tf2_pkg_gbb/share/twist2tf2_pkg_gbb/hook/ament_prefix_path.sh'
[0.368s] INFO:colcon.colcon_core.shell:Skip shell extension 'powershell' for command environment: Not usable outside of PowerShell
[0.368s] DEBUG:colcon.colcon_core.shell:Skip shell extension 'dsv' for command environment
[0.597s] INFO:colcon.colcon_core.task.python.build:Building Python package in '/home/daniel/robotica/ros2_ws_2402/src/car_move_pkg_gbb'
[0.597s] INFO:colcon.colcon_core.shell:Skip shell extension 'powershell' for command environment: Not usable outside of PowerShell
[0.597s] DEBUG:colcon.colcon_core.shell:Skip shell extension 'dsv' for command environment
[0.826s] INFO:colcon.colcon_core.task.python.build:Building Python package in '/home/daniel/robotica/ros2_ws_2402/src/car_poscontrol_pkg'
[0.827s] INFO:colcon.colcon_core.shell:Skip shell extension 'powershell' for command environment: Not usable outside of PowerShell
[0.827s] DEBUG:colcon.colcon_core.shell:Skip shell extension 'dsv' for command environment
[1.053s] INFO:colcon.colcon_core.task.python.build:Building Python package in '/home/daniel/robotica/ros2_ws_2402/src/joint_state_pkg_g00'
[1.054s] INFO:colcon.colcon_core.shell:Skip shell extension 'powershell' for command environment: Not usable outside of PowerShell
[1.054s] DEBUG:colcon.colcon_core.shell:Skip shell extension 'dsv' for command environment
[1.279s] INFO:colcon.colcon_core.task.python.build:Building Python package in '/home/daniel/robotica/ros2_ws_2402/src/launch_pkg_gbb'
[1.279s] INFO:colcon.colcon_core.shell:Skip shell extension 'powershell' for command environment: Not usable outside of PowerShell
[1.279s] DEBUG:colcon.colcon_core.shell:Skip shell extension 'dsv' for command environment
[1.511s] INFO:colcon.colcon_core.task.python.build:Building Python package in '/home/daniel/robotica/ros2_ws_2402/src/modelrobot_pkg_gbb'
[1.511s] INFO:colcon.colcon_core.shell:Skip shell extension 'powershell' for command environment: Not usable outside of PowerShell
[1.511s] DEBUG:colcon.colcon_core.shell:Skip shell extension 'dsv' for command environment
[1.745s] INFO:colcon.colcon_core.task.python.build:Building Python package in '/home/daniel/robotica/ros2_ws_2402/src/odom_pkg'
[1.745s] INFO:colcon.colcon_core.shell:Skip shell extension 'powershell' for command environment: Not usable outside of PowerShell
[1.745s] DEBUG:colcon.colcon_core.shell:Skip shell extension 'dsv' for command environment
[1.984s] INFO:colcon.colcon_core.task.python.build:Building Python package in '/home/daniel/robotica/ros2_ws_2402/src/turtle_move_pkg_gbb'
[1.984s] INFO:colcon.colcon_core.shell:Skip shell extension 'powershell' for command environment: Not usable outside of PowerShell
[1.984s] DEBUG:colcon.colcon_core.shell:Skip shell extension 'dsv' for command environment
[2.218s] INFO:colcon.colcon_core.task.python.build:Building Python package in '/home/daniel/robotica/ros2_ws_2402/src/twist2tf2_pkg_gbb'
[2.218s] INFO:colcon.colcon_core.shell:Skip shell extension 'powershell' for command environment: Not usable outside of PowerShell
[2.218s] DEBUG:colcon.colcon_core.shell:Skip shell extension 'dsv' for command environment
[2.823s] DEBUG:colcon.colcon_core.event_handler.log_command:Invoking command in '/home/daniel/robotica/ros2_ws_2402/src/car_move_pkg_gbb': PYTHONPATH=/home/daniel/robotica/ros2_ws_2402/build/car_move_pkg_gbb/prefix_override:/usr/lib/python3/dist-packages/colcon_core/task/python/colcon_distutils_commands:/home/daniel/robotica/ros2_ws_2402/install/car_move_pkg_gbb/lib/python3.10/site-packages:${PYTHONPATH} /usr/bin/python3 -W ignore:setup.py install is deprecated setup.py egg_info --egg-base ../../build/car_move_pkg_gbb build --build-base /home/daniel/robotica/ros2_ws_2402/build/car_move_pkg_gbb/build install --record /home/daniel/robotica/ros2_ws_2402/build/car_move_pkg_gbb/install.log --single-version-externally-managed install_data
[2.839s] DEBUG:colcon.colcon_core.event_handler.log_command:Invoking command in '/home/daniel/robotica/ros2_ws_2402/src/car_poscontrol_pkg': PYTHONPATH=/home/daniel/robotica/ros2_ws_2402/build/car_poscontrol_pkg/prefix_override:/usr/lib/python3/dist-packages/colcon_core/task/python/colcon_distutils_commands:/home/daniel/robotica/ros2_ws_2402/install/car_poscontrol_pkg/lib/python3.10/site-packages:${PYTHONPATH} /usr/bin/python3 -W ignore:setup.py install is deprecated setup.py egg_info --egg-base ../../build/car_poscontrol_pkg build --build-base /home/daniel/robotica/ros2_ws_2402/build/car_poscontrol_pkg/build install --record /home/daniel/robotica/ros2_ws_2402/build/car_poscontrol_pkg/install.log --single-version-externally-managed install_data
[2.845s] DEBUG:colcon.colcon_core.event_handler.log_command:Invoking command in '/home/daniel/robotica/ros2_ws_2402/src/joint_state_pkg_g00': PYTHONPATH=/home/daniel/robotica/ros2_ws_2402/build/joint_state_pkg_g00/prefix_override:/usr/lib/python3/dist-packages/colcon_core/task/python/colcon_distutils_commands:/home/daniel/robotica/ros2_ws_2402/install/joint_state_pkg_g00/lib/python3.10/site-packages:${PYTHONPATH} /usr/bin/python3 -W ignore:setup.py install is deprecated setup.py egg_info --egg-base ../../build/joint_state_pkg_g00 build --build-base /home/daniel/robotica/ros2_ws_2402/build/joint_state_pkg_g00/build install --record /home/daniel/robotica/ros2_ws_2402/build/joint_state_pkg_g00/install.log --single-version-externally-managed install_data
[3.163s] DEBUG:colcon.colcon_core.event_handler.log_command:Invoking command in '/home/daniel/robotica/ros2_ws_2402/src/turtle_move_pkg_gbb': PYTHONPATH=/home/daniel/robotica/ros2_ws_2402/build/turtle_move_pkg_gbb/prefix_override:/usr/lib/python3/dist-packages/colcon_core/task/python/colcon_distutils_commands:/home/daniel/robotica/ros2_ws_2402/install/turtle_move_pkg_gbb/lib/python3.10/site-packages:${PYTHONPATH} /usr/bin/python3 -W ignore:setup.py install is deprecated setup.py egg_info --egg-base ../../build/turtle_move_pkg_gbb build --build-base /home/daniel/robotica/ros2_ws_2402/build/turtle_move_pkg_gbb/build install --record /home/daniel/robotica/ros2_ws_2402/build/turtle_move_pkg_gbb/install.log --single-version-externally-managed install_data
[3.176s] DEBUG:colcon.colcon_core.event_handler.log_command:Invoking command in '/home/daniel/robotica/ros2_ws_2402/src/launch_pkg_gbb': PYTHONPATH=/home/daniel/robotica/ros2_ws_2402/build/launch_pkg_gbb/prefix_override:/usr/lib/python3/dist-packages/colcon_core/task/python/colcon_distutils_commands:/home/daniel/robotica/ros2_ws_2402/install/launch_pkg_gbb/lib/python3.10/site-packages:${PYTHONPATH} /usr/bin/python3 -W ignore:setup.py install is deprecated setup.py egg_info --egg-base ../../build/launch_pkg_gbb build --build-base /home/daniel/robotica/ros2_ws_2402/build/launch_pkg_gbb/build install --record /home/daniel/robotica/ros2_ws_2402/build/launch_pkg_gbb/install.log --single-version-externally-managed install_data
[3.208s] DEBUG:colcon.colcon_core.event_handler.log_command:Invoking command in '/home/daniel/robotica/ros2_ws_2402/src/twist2tf2_pkg_gbb': PYTHONPATH=/home/daniel/robotica/ros2_ws_2402/build/twist2tf2_pkg_gbb/prefix_override:/usr/lib/python3/dist-packages/colcon_core/task/python/colcon_distutils_commands:/home/daniel/robotica/ros2_ws_2402/install/twist2tf2_pkg_gbb/lib/python3.10/site-packages:${PYTHONPATH} /usr/bin/python3 -W ignore:setup.py install is deprecated setup.py egg_info --egg-base ../../build/twist2tf2_pkg_gbb build --build-base /home/daniel/robotica/ros2_ws_2402/build/twist2tf2_pkg_gbb/build install --record /home/daniel/robotica/ros2_ws_2402/build/twist2tf2_pkg_gbb/install.log --single-version-externally-managed install_data
[3.223s] DEBUG:colcon.colcon_core.event_handler.log_command:Invoking command in '/home/daniel/robotica/ros2_ws_2402/src/modelrobot_pkg_gbb': PYTHONPATH=/home/daniel/robotica/ros2_ws_2402/build/modelrobot_pkg_gbb/prefix_override:/usr/lib/python3/dist-packages/colcon_core/task/python/colcon_distutils_commands:/home/daniel/robotica/ros2_ws_2402/install/modelrobot_pkg_gbb/lib/python3.10/site-packages:${PYTHONPATH} /usr/bin/python3 -W ignore:setup.py install is deprecated setup.py egg_info --egg-base ../../build/modelrobot_pkg_gbb build --build-base /home/daniel/robotica/ros2_ws_2402/build/modelrobot_pkg_gbb/build install --record /home/daniel/robotica/ros2_ws_2402/build/modelrobot_pkg_gbb/install.log --single-version-externally-managed install_data
[3.245s] DEBUG:colcon.colcon_core.event_handler.log_command:Invoking command in '/home/daniel/robotica/ros2_ws_2402/src/odom_pkg': PYTHONPATH=/home/daniel/robotica/ros2_ws_2402/build/odom_pkg/prefix_override:/usr/lib/python3/dist-packages/colcon_core/task/python/colcon_distutils_commands:/home/daniel/robotica/ros2_ws_2402/install/odom_pkg/lib/python3.10/site-packages:${PYTHONPATH} /usr/bin/python3 -W ignore:setup.py install is deprecated setup.py egg_info --egg-base ../../build/odom_pkg build --build-base /home/daniel/robotica/ros2_ws_2402/build/odom_pkg/build install --record /home/daniel/robotica/ros2_ws_2402/build/odom_pkg/install.log --single-version-externally-managed install_data
[3.504s] DEBUG:colcon.colcon_core.event_handler.log_command:Invoked command in '/home/daniel/robotica/ros2_ws_2402/src/car_move_pkg_gbb' returned '0': PYTHONPATH=/home/daniel/robotica/ros2_ws_2402/build/car_move_pkg_gbb/prefix_override:/usr/lib/python3/dist-packages/colcon_core/task/python/colcon_distutils_commands:/home/daniel/robotica/ros2_ws_2402/install/car_move_pkg_gbb/lib/python3.10/site-packages:${PYTHONPATH} /usr/bin/python3 -W ignore:setup.py install is deprecated setup.py egg_info --egg-base ../../build/car_move_pkg_gbb build --build-base /home/daniel/robotica/ros2_ws_2402/build/car_move_pkg_gbb/build install --record /home/daniel/robotica/ros2_ws_2402/build/car_move_pkg_gbb/install.log --single-version-externally-managed install_data
[3.505s] Level 1:colcon.colcon_core.environment:checking '/home/daniel/robotica/ros2_ws_2402/install/car_move_pkg_gbb' for CMake module files
[3.506s] Level 1:colcon.colcon_core.environment:checking '/home/daniel/robotica/ros2_ws_2402/install/car_move_pkg_gbb' for CMake config files
[3.508s] Level 1:colcon.colcon_core.environment:checking '/home/daniel/robotica/ros2_ws_2402/install/car_move_pkg_gbb/lib'
[3.508s] Level 1:colcon.colcon_core.environment:checking '/home/daniel/robotica/ros2_ws_2402/install/car_move_pkg_gbb/bin'
[3.508s] Level 1:colcon.colcon_core.environment:checking '/home/daniel/robotica/ros2_ws_2402/install/car_move_pkg_gbb/lib/pkgconfig/car_move_pkg_gbb.pc'
[3.509s] Level 1:colcon.colcon_core.environment:checking '/home/daniel/robotica/ros2_ws_2402/install/car_move_pkg_gbb/lib/python3.10/site-packages'
[3.510s] Level 1:colcon.colcon_core.shell:create_environment_hook('car_move_pkg_gbb', 'pythonpath')
[3.510s] INFO:colcon.colcon_core.shell:Creating environment hook '/home/daniel/robotica/ros2_ws_2402/install/car_move_pkg_gbb/share/car_move_pkg_gbb/hook/pythonpath.ps1'
[3.511s] INFO:colcon.colcon_core.shell:Creating environment descriptor '/home/daniel/robotica/ros2_ws_2402/install/car_move_pkg_gbb/share/car_move_pkg_gbb/hook/pythonpath.dsv'
[3.511s] INFO:colcon.colcon_core.shell:Creating environment hook '/home/daniel/robotica/ros2_ws_2402/install/car_move_pkg_gbb/share/car_move_pkg_gbb/hook/pythonpath.sh'
[3.513s] Level 1:colcon.colcon_core.environment:checking '/home/daniel/robotica/ros2_ws_2402/install/car_move_pkg_gbb/bin'
[3.513s] Level 1:colcon.colcon_core.environment:create_environment_scripts_only(car_move_pkg_gbb)
[3.514s] INFO:colcon.colcon_core.shell:Creating package script '/home/daniel/robotica/ros2_ws_2402/install/car_move_pkg_gbb/share/car_move_pkg_gbb/package.ps1'
[3.517s] INFO:colcon.colcon_core.shell:Creating package descriptor '/home/daniel/robotica/ros2_ws_2402/install/car_move_pkg_gbb/share/car_move_pkg_gbb/package.dsv'
[3.518s] INFO:colcon.colcon_core.shell:Creating package script '/home/daniel/robotica/ros2_ws_2402/install/car_move_pkg_gbb/share/car_move_pkg_gbb/package.sh'
[3.520s] INFO:colcon.colcon_core.shell:Creating package script '/home/daniel/robotica/ros2_ws_2402/install/car_move_pkg_gbb/share/car_move_pkg_gbb/package.bash'
[3.521s] INFO:colcon.colcon_core.shell:Creating package script '/home/daniel/robotica/ros2_ws_2402/install/car_move_pkg_gbb/share/car_move_pkg_gbb/package.zsh'
[3.523s] Level 1:colcon.colcon_core.environment:create_file_with_runtime_dependencies(/home/daniel/robotica/ros2_ws_2402/install/car_move_pkg_gbb/share/colcon-core/packages/car_move_pkg_gbb)
[3.526s] Level 1:colcon.colcon_core.environment:checking '/home/daniel/robotica/ros2_ws_2402/install/car_poscontrol_pkg' for CMake module files
[3.527s] Level 1:colcon.colcon_core.environment:checking '/home/daniel/robotica/ros2_ws_2402/install/car_poscontrol_pkg' for CMake config files
[3.528s] DEBUG:colcon.colcon_core.event_handler.log_command:Invoked command in '/home/daniel/robotica/ros2_ws_2402/src/car_poscontrol_pkg' returned '0': PYTHONPATH=/home/daniel/robotica/ros2_ws_2402/build/car_poscontrol_pkg/prefix_override:/usr/lib/python3/dist-packages/colcon_core/task/python/colcon_distutils_commands:/home/daniel/robotica/ros2_ws_2402/install/car_poscontrol_pkg/lib/python3.10/site-packages:${PYTHONPATH} /usr/bin/python3 -W ignore:setup.py install is deprecated setup.py egg_info --egg-base ../../build/car_poscontrol_pkg build --build-base /home/daniel/robotica/ros2_ws_2402/build/car_poscontrol_pkg/build install --record /home/daniel/robotica/ros2_ws_2402/build/car_poscontrol_pkg/install.log --single-version-externally-managed install_data
[3.528s] Level 1:colcon.colcon_core.environment:checking '/home/daniel/robotica/ros2_ws_2402/install/car_poscontrol_pkg/lib'
[3.529s] Level 1:colcon.colcon_core.environment:checking '/home/daniel/robotica/ros2_ws_2402/install/car_poscontrol_pkg/bin'
[3.529s] Level 1:colcon.colcon_core.environment:checking '/home/daniel/robotica/ros2_ws_2402/install/car_poscontrol_pkg/lib/pkgconfig/car_poscontrol_pkg.pc'
[3.529s] Level 1:colcon.colcon_core.environment:checking '/home/daniel/robotica/ros2_ws_2402/install/car_poscontrol_pkg/lib/python3.10/site-packages'
[3.529s] Level 1:colcon.colcon_core.shell:create_environment_hook('car_poscontrol_pkg', 'pythonpath')
[3.530s] INFO:colcon.colcon_core.shell:Creating environment hook '/home/daniel/robotica/ros2_ws_2402/install/car_poscontrol_pkg/share/car_poscontrol_pkg/hook/pythonpath.ps1'
[3.530s] INFO:colcon.colcon_core.shell:Creating environment descriptor '/home/daniel/robotica/ros2_ws_2402/install/car_poscontrol_pkg/share/car_poscontrol_pkg/hook/pythonpath.dsv'
[3.531s] INFO:colcon.colcon_core.shell:Creating environment hook '/home/daniel/robotica/ros2_ws_2402/install/car_poscontrol_pkg/share/car_poscontrol_pkg/hook/pythonpath.sh'
[3.532s] Level 1:colcon.colcon_core.environment:checking '/home/daniel/robotica/ros2_ws_2402/install/car_poscontrol_pkg/bin'
[3.532s] Level 1:colcon.colcon_core.environment:create_environment_scripts_only(car_poscontrol_pkg)
[3.533s] INFO:colcon.colcon_core.shell:Creating package script '/home/daniel/robotica/ros2_ws_2402/install/car_poscontrol_pkg/share/car_poscontrol_pkg/package.ps1'
[3.534s] INFO:colcon.colcon_core.shell:Creating package descriptor '/home/daniel/robotica/ros2_ws_2402/install/car_poscontrol_pkg/share/car_poscontrol_pkg/package.dsv'
[3.534s] INFO:colcon.colcon_core.shell:Creating package script '/home/daniel/robotica/ros2_ws_2402/install/car_poscontrol_pkg/share/car_poscontrol_pkg/package.sh'
[3.535s] INFO:colcon.colcon_core.shell:Creating package script '/home/daniel/robotica/ros2_ws_2402/install/car_poscontrol_pkg/share/car_poscontrol_pkg/package.bash'
[3.536s] INFO:colcon.colcon_core.shell:Creating package script '/home/daniel/robotica/ros2_ws_2402/install/car_poscontrol_pkg/share/car_poscontrol_pkg/package.zsh'
[3.536s] Level 1:colcon.colcon_core.environment:create_file_with_runtime_dependencies(/home/daniel/robotica/ros2_ws_2402/install/car_poscontrol_pkg/share/colcon-core/packages/car_poscontrol_pkg)
[3.603s] Level 1:colcon.colcon_core.environment:checking '/home/daniel/robotica/ros2_ws_2402/install/joint_state_pkg_g00' for CMake module files
[3.604s] DEBUG:colcon.colcon_core.event_handler.log_command:Invoked command in '/home/daniel/robotica/ros2_ws_2402/src/joint_state_pkg_g00' returned '0': PYTHONPATH=/home/daniel/robotica/ros2_ws_2402/build/joint_state_pkg_g00/prefix_override:/usr/lib/python3/dist-packages/colcon_core/task/python/colcon_distutils_commands:/home/daniel/robotica/ros2_ws_2402/install/joint_state_pkg_g00/lib/python3.10/site-packages:${PYTHONPATH} /usr/bin/python3 -W ignore:setup.py install is deprecated setup.py egg_info --egg-base ../../build/joint_state_pkg_g00 build --build-base /home/daniel/robotica/ros2_ws_2402/build/joint_state_pkg_g00/build install --record /home/daniel/robotica/ros2_ws_2402/build/joint_state_pkg_g00/install.log --single-version-externally-managed install_data
[3.605s] Level 1:colcon.colcon_core.environment:checking '/home/daniel/robotica/ros2_ws_2402/install/joint_state_pkg_g00' for CMake config files
[3.605s] Level 1:colcon.colcon_core.environment:checking '/home/daniel/robotica/ros2_ws_2402/install/joint_state_pkg_g00/lib'
[3.606s] Level 1:colcon.colcon_core.environment:checking '/home/daniel/robotica/ros2_ws_2402/install/joint_state_pkg_g00/bin'
[3.606s] Level 1:colcon.colcon_core.environment:checking '/home/daniel/robotica/ros2_ws_2402/install/joint_state_pkg_g00/lib/pkgconfig/joint_state_pkg_g00.pc'
[3.606s] Level 1:colcon.colcon_core.environment:checking '/home/daniel/robotica/ros2_ws_2402/install/joint_state_pkg_g00/lib/python3.10/site-packages'
[3.606s] Level 1:colcon.colcon_core.shell:create_environment_hook('joint_state_pkg_g00', 'pythonpath')
[3.607s] INFO:colcon.colcon_core.shell:Creating environment hook '/home/daniel/robotica/ros2_ws_2402/install/joint_state_pkg_g00/share/joint_state_pkg_g00/hook/pythonpath.ps1'
[3.607s] INFO:colcon.colcon_core.shell:Creating environment descriptor '/home/daniel/robotica/ros2_ws_2402/install/joint_state_pkg_g00/share/joint_state_pkg_g00/hook/pythonpath.dsv'
[3.608s] INFO:colcon.colcon_core.shell:Creating environment hook '/home/daniel/robotica/ros2_ws_2402/install/joint_state_pkg_g00/share/joint_state_pkg_g00/hook/pythonpath.sh'
[3.609s] Level 1:colcon.colcon_core.environment:checking '/home/daniel/robotica/ros2_ws_2402/install/joint_state_pkg_g00/bin'
[3.609s] Level 1:colcon.colcon_core.environment:create_environment_scripts_only(joint_state_pkg_g00)
[3.609s] INFO:colcon.colcon_core.shell:Creating package script '/home/daniel/robotica/ros2_ws_2402/install/joint_state_pkg_g00/share/joint_state_pkg_g00/package.ps1'
[3.610s] INFO:colcon.colcon_core.shell:Creating package descriptor '/home/daniel/robotica/ros2_ws_2402/install/joint_state_pkg_g00/share/joint_state_pkg_g00/package.dsv'
[3.611s] INFO:colcon.colcon_core.shell:Creating package script '/home/daniel/robotica/ros2_ws_2402/install/joint_state_pkg_g00/share/joint_state_pkg_g00/package.sh'
[3.612s] INFO:colcon.colcon_core.shell:Creating package script '/home/daniel/robotica/ros2_ws_2402/install/joint_state_pkg_g00/share/joint_state_pkg_g00/package.bash'
[3.612s] INFO:colcon.colcon_core.shell:Creating package script '/home/daniel/robotica/ros2_ws_2402/install/joint_state_pkg_g00/share/joint_state_pkg_g00/package.zsh'
[3.613s] Level 1:colcon.colcon_core.environment:create_file_with_runtime_dependencies(/home/daniel/robotica/ros2_ws_2402/install/joint_state_pkg_g00/share/colcon-core/packages/joint_state_pkg_g00)
[3.750s] Level 1:colcon.colcon_core.environment:checking '/home/daniel/robotica/ros2_ws_2402/install/twist2tf2_pkg_gbb' for CMake module files
[3.751s] DEBUG:colcon.colcon_core.event_handler.log_command:Invoked command in '/home/daniel/robotica/ros2_ws_2402/src/twist2tf2_pkg_gbb' returned '0': PYTHONPATH=/home/daniel/robotica/ros2_ws_2402/build/twist2tf2_pkg_gbb/prefix_override:/usr/lib/python3/dist-packages/colcon_core/task/python/colcon_distutils_commands:/home/daniel/robotica/ros2_ws_2402/install/twist2tf2_pkg_gbb/lib/python3.10/site-packages:${PYTHONPATH} /usr/bin/python3 -W ignore:setup.py install is deprecated setup.py egg_info --egg-base ../../build/twist2tf2_pkg_gbb build --build-base /home/daniel/robotica/ros2_ws_2402/build/twist2tf2_pkg_gbb/build install --record /home/daniel/robotica/ros2_ws_2402/build/twist2tf2_pkg_gbb/install.log --single-version-externally-managed install_data
[3.752s] Level 1:colcon.colcon_core.environment:checking '/home/daniel/robotica/ros2_ws_2402/install/twist2tf2_pkg_gbb' for CMake config files
[3.753s] Level 1:colcon.colcon_core.environment:checking '/home/daniel/robotica/ros2_ws_2402/install/twist2tf2_pkg_gbb/lib'
[3.753s] Level 1:colcon.colcon_core.environment:checking '/home/daniel/robotica/ros2_ws_2402/install/twist2tf2_pkg_gbb/bin'
[3.753s] Level 1:colcon.colcon_core.environment:checking '/home/daniel/robotica/ros2_ws_2402/install/twist2tf2_pkg_gbb/lib/pkgconfig/twist2tf2_pkg_gbb.pc'
[3.753s] Level 1:colcon.colcon_core.environment:checking '/home/daniel/robotica/ros2_ws_2402/install/twist2tf2_pkg_gbb/lib/python3.10/site-packages'
[3.753s] Level 1:colcon.colcon_core.shell:create_environment_hook('twist2tf2_pkg_gbb', 'pythonpath')
[3.754s] INFO:colcon.colcon_core.shell:Creating environment hook '/home/daniel/robotica/ros2_ws_2402/install/twist2tf2_pkg_gbb/share/twist2tf2_pkg_gbb/hook/pythonpath.ps1'
[3.754s] INFO:colcon.colcon_core.shell:Creating environment descriptor '/home/daniel/robotica/ros2_ws_2402/install/twist2tf2_pkg_gbb/share/twist2tf2_pkg_gbb/hook/pythonpath.dsv'
[3.755s] INFO:colcon.colcon_core.shell:Creating environment hook '/home/daniel/robotica/ros2_ws_2402/install/twist2tf2_pkg_gbb/share/twist2tf2_pkg_gbb/hook/pythonpath.sh'
[3.756s] Level 1:colcon.colcon_core.environment:checking '/home/daniel/robotica/ros2_ws_2402/install/twist2tf2_pkg_gbb/bin'
[3.756s] Level 1:colcon.colcon_core.environment:create_environment_scripts_only(twist2tf2_pkg_gbb)
[3.757s] INFO:colcon.colcon_core.shell:Creating package script '/home/daniel/robotica/ros2_ws_2402/install/twist2tf2_pkg_gbb/share/twist2tf2_pkg_gbb/package.ps1'
[3.757s] INFO:colcon.colcon_core.shell:Creating package descriptor '/home/daniel/robotica/ros2_ws_2402/install/twist2tf2_pkg_gbb/share/twist2tf2_pkg_gbb/package.dsv'
[3.758s] INFO:colcon.colcon_core.shell:Creating package script '/home/daniel/robotica/ros2_ws_2402/install/twist2tf2_pkg_gbb/share/twist2tf2_pkg_gbb/package.sh'
[3.759s] INFO:colcon.colcon_core.shell:Creating package script '/home/daniel/robotica/ros2_ws_2402/install/twist2tf2_pkg_gbb/share/twist2tf2_pkg_gbb/package.bash'
[3.759s] INFO:colcon.colcon_core.shell:Creating package script '/home/daniel/robotica/ros2_ws_2402/install/twist2tf2_pkg_gbb/share/twist2tf2_pkg_gbb/package.zsh'
[3.759s] Level 1:colcon.colcon_core.environment:create_file_with_runtime_dependencies(/home/daniel/robotica/ros2_ws_2402/install/twist2tf2_pkg_gbb/share/colcon-core/packages/twist2tf2_pkg_gbb)
[3.761s] Level 1:colcon.colcon_core.environment:checking '/home/daniel/robotica/ros2_ws_2402/install/launch_pkg_gbb' for CMake module files
[3.762s] Level 1:colcon.colcon_core.environment:checking '/home/daniel/robotica/ros2_ws_2402/install/launch_pkg_gbb' for CMake config files
[3.763s] DEBUG:colcon.colcon_core.event_handler.log_command:Invoked command in '/home/daniel/robotica/ros2_ws_2402/src/launch_pkg_gbb' returned '0': PYTHONPATH=/home/daniel/robotica/ros2_ws_2402/build/launch_pkg_gbb/prefix_override:/usr/lib/python3/dist-packages/colcon_core/task/python/colcon_distutils_commands:/home/daniel/robotica/ros2_ws_2402/install/launch_pkg_gbb/lib/python3.10/site-packages:${PYTHONPATH} /usr/bin/python3 -W ignore:setup.py install is deprecated setup.py egg_info --egg-base ../../build/launch_pkg_gbb build --build-base /home/daniel/robotica/ros2_ws_2402/build/launch_pkg_gbb/build install --record /home/daniel/robotica/ros2_ws_2402/build/launch_pkg_gbb/install.log --single-version-externally-managed install_data
[3.764s] Level 1:colcon.colcon_core.environment:checking '/home/daniel/robotica/ros2_ws_2402/install/launch_pkg_gbb/lib'
[3.764s] Level 1:colcon.colcon_core.environment:checking '/home/daniel/robotica/ros2_ws_2402/install/launch_pkg_gbb/bin'
[3.764s] Level 1:colcon.colcon_core.environment:checking '/home/daniel/robotica/ros2_ws_2402/install/launch_pkg_gbb/lib/pkgconfig/launch_pkg_gbb.pc'
[3.764s] Level 1:colcon.colcon_core.environment:checking '/home/daniel/robotica/ros2_ws_2402/install/launch_pkg_gbb/lib/python3.10/site-packages'
[3.764s] Level 1:colcon.colcon_core.shell:create_environment_hook('launch_pkg_gbb', 'pythonpath')
[3.765s] INFO:colcon.colcon_core.shell:Creating environment hook '/home/daniel/robotica/ros2_ws_2402/install/launch_pkg_gbb/share/launch_pkg_gbb/hook/pythonpath.ps1'
[3.766s] INFO:colcon.colcon_core.shell:Creating environment descriptor '/home/daniel/robotica/ros2_ws_2402/install/launch_pkg_gbb/share/launch_pkg_gbb/hook/pythonpath.dsv'
[3.766s] INFO:colcon.colcon_core.shell:Creating environment hook '/home/daniel/robotica/ros2_ws_2402/install/launch_pkg_gbb/share/launch_pkg_gbb/hook/pythonpath.sh'
[3.767s] Level 1:colcon.colcon_core.environment:checking '/home/daniel/robotica/ros2_ws_2402/install/launch_pkg_gbb/bin'
[3.768s] Level 1:colcon.colcon_core.environment:create_environment_scripts_only(launch_pkg_gbb)
[3.768s] INFO:colcon.colcon_core.shell:Creating package script '/home/daniel/robotica/ros2_ws_2402/install/launch_pkg_gbb/share/launch_pkg_gbb/package.ps1'
[3.769s] INFO:colcon.colcon_core.shell:Creating package descriptor '/home/daniel/robotica/ros2_ws_2402/install/launch_pkg_gbb/share/launch_pkg_gbb/package.dsv'
[3.770s] INFO:colcon.colcon_core.shell:Creating package script '/home/daniel/robotica/ros2_ws_2402/install/launch_pkg_gbb/share/launch_pkg_gbb/package.sh'
[3.771s] INFO:colcon.colcon_core.shell:Creating package script '/home/daniel/robotica/ros2_ws_2402/install/launch_pkg_gbb/share/launch_pkg_gbb/package.bash'
[3.771s] INFO:colcon.colcon_core.shell:Creating package script '/home/daniel/robotica/ros2_ws_2402/install/launch_pkg_gbb/share/launch_pkg_gbb/package.zsh'
[3.772s] Level 1:colcon.colcon_core.environment:create_file_with_runtime_dependencies(/home/daniel/robotica/ros2_ws_2402/install/launch_pkg_gbb/share/colcon-core/packages/launch_pkg_gbb)
[3.773s] Level 1:colcon.colcon_core.environment:checking '/home/daniel/robotica/ros2_ws_2402/install/modelrobot_pkg_gbb' for CMake module files
[3.774s] Level 1:colcon.colcon_core.environment:checking '/home/daniel/robotica/ros2_ws_2402/install/modelrobot_pkg_gbb' for CMake config files
[3.775s] DEBUG:colcon.colcon_core.event_handler.log_command:Invoked command in '/home/daniel/robotica/ros2_ws_2402/src/modelrobot_pkg_gbb' returned '0': PYTHONPATH=/home/daniel/robotica/ros2_ws_2402/build/modelrobot_pkg_gbb/prefix_override:/usr/lib/python3/dist-packages/colcon_core/task/python/colcon_distutils_commands:/home/daniel/robotica/ros2_ws_2402/install/modelrobot_pkg_gbb/lib/python3.10/site-packages:${PYTHONPATH} /usr/bin/python3 -W ignore:setup.py install is deprecated setup.py egg_info --egg-base ../../build/modelrobot_pkg_gbb build --build-base /home/daniel/robotica/ros2_ws_2402/build/modelrobot_pkg_gbb/build install --record /home/daniel/robotica/ros2_ws_2402/build/modelrobot_pkg_gbb/install.log --single-version-externally-managed install_data
[3.776s] Level 1:colcon.colcon_core.environment:checking '/home/daniel/robotica/ros2_ws_2402/install/modelrobot_pkg_gbb/lib'
[3.777s] Level 1:colcon.colcon_core.environment:checking '/home/daniel/robotica/ros2_ws_2402/install/modelrobot_pkg_gbb/bin'
[3.777s] Level 1:colcon.colcon_core.environment:checking '/home/daniel/robotica/ros2_ws_2402/install/modelrobot_pkg_gbb/lib/pkgconfig/modelrobot_pkg_gbb.pc'
[3.777s] Level 1:colcon.colcon_core.environment:checking '/home/daniel/robotica/ros2_ws_2402/install/modelrobot_pkg_gbb/lib/python3.10/site-packages'
[3.777s] Level 1:colcon.colcon_core.shell:create_environment_hook('modelrobot_pkg_gbb', 'pythonpath')
[3.778s] INFO:colcon.colcon_core.shell:Creating environment hook '/home/daniel/robotica/ros2_ws_2402/install/modelrobot_pkg_gbb/share/modelrobot_pkg_gbb/hook/pythonpath.ps1'
[3.778s] INFO:colcon.colcon_core.shell:Creating environment descriptor '/home/daniel/robotica/ros2_ws_2402/install/modelrobot_pkg_gbb/share/modelrobot_pkg_gbb/hook/pythonpath.dsv'
[3.779s] INFO:colcon.colcon_core.shell:Creating environment hook '/home/daniel/robotica/ros2_ws_2402/install/modelrobot_pkg_gbb/share/modelrobot_pkg_gbb/hook/pythonpath.sh'
[3.780s] Level 1:colcon.colcon_core.environment:checking '/home/daniel/robotica/ros2_ws_2402/install/modelrobot_pkg_gbb/bin'
[3.780s] Level 1:colcon.colcon_core.environment:create_environment_scripts_only(modelrobot_pkg_gbb)
[3.780s] INFO:colcon.colcon_core.shell:Creating package script '/home/daniel/robotica/ros2_ws_2402/install/modelrobot_pkg_gbb/share/modelrobot_pkg_gbb/package.ps1'
[3.781s] INFO:colcon.colcon_core.shell:Creating package descriptor '/home/daniel/robotica/ros2_ws_2402/install/modelrobot_pkg_gbb/share/modelrobot_pkg_gbb/package.dsv'
[3.782s] INFO:colcon.colcon_core.shell:Creating package script '/home/daniel/robotica/ros2_ws_2402/install/modelrobot_pkg_gbb/share/modelrobot_pkg_gbb/package.sh'
[3.782s] INFO:colcon.colcon_core.shell:Creating package script '/home/daniel/robotica/ros2_ws_2402/install/modelrobot_pkg_gbb/share/modelrobot_pkg_gbb/package.bash'
[3.783s] INFO:colcon.colcon_core.shell:Creating package script '/home/daniel/robotica/ros2_ws_2402/install/modelrobot_pkg_gbb/share/modelrobot_pkg_gbb/package.zsh'
[3.783s] Level 1:colcon.colcon_core.environment:create_file_with_runtime_dependencies(/home/daniel/robotica/ros2_ws_2402/install/modelrobot_pkg_gbb/share/colcon-core/packages/modelrobot_pkg_gbb)
[3.853s] Level 1:colcon.colcon_core.environment:checking '/home/daniel/robotica/ros2_ws_2402/install/odom_pkg' for CMake module files
[3.854s] DEBUG:colcon.colcon_core.event_handler.log_command:Invoked command in '/home/daniel/robotica/ros2_ws_2402/src/odom_pkg' returned '0': PYTHONPATH=/home/daniel/robotica/ros2_ws_2402/build/odom_pkg/prefix_override:/usr/lib/python3/dist-packages/colcon_core/task/python/colcon_distutils_commands:/home/daniel/robotica/ros2_ws_2402/install/odom_pkg/lib/python3.10/site-packages:${PYTHONPATH} /usr/bin/python3 -W ignore:setup.py install is deprecated setup.py egg_info --egg-base ../../build/odom_pkg build --build-base /home/daniel/robotica/ros2_ws_2402/build/odom_pkg/build install --record /home/daniel/robotica/ros2_ws_2402/build/odom_pkg/install.log --single-version-externally-managed install_data
[3.854s] Level 1:colcon.colcon_core.environment:checking '/home/daniel/robotica/ros2_ws_2402/install/odom_pkg' for CMake config files
[3.855s] Level 1:colcon.colcon_core.environment:checking '/home/daniel/robotica/ros2_ws_2402/install/odom_pkg/lib'
[3.855s] Level 1:colcon.colcon_core.environment:checking '/home/daniel/robotica/ros2_ws_2402/install/odom_pkg/bin'
[3.855s] Level 1:colcon.colcon_core.environment:checking '/home/daniel/robotica/ros2_ws_2402/install/odom_pkg/lib/pkgconfig/odom_pkg.pc'
[3.855s] Level 1:colcon.colcon_core.environment:checking '/home/daniel/robotica/ros2_ws_2402/install/odom_pkg/lib/python3.10/site-packages'
[3.855s] Level 1:colcon.colcon_core.shell:create_environment_hook('odom_pkg', 'pythonpath')
[3.856s] INFO:colcon.colcon_core.shell:Creating environment hook '/home/daniel/robotica/ros2_ws_2402/install/odom_pkg/share/odom_pkg/hook/pythonpath.ps1'
[3.856s] INFO:colcon.colcon_core.shell:Creating environment descriptor '/home/daniel/robotica/ros2_ws_2402/install/odom_pkg/share/odom_pkg/hook/pythonpath.dsv'
[3.857s] INFO:colcon.colcon_core.shell:Creating environment hook '/home/daniel/robotica/ros2_ws_2402/install/odom_pkg/share/odom_pkg/hook/pythonpath.sh'
[3.857s] Level 1:colcon.colcon_core.environment:checking '/home/daniel/robotica/ros2_ws_2402/install/odom_pkg/bin'
[3.857s] Level 1:colcon.colcon_core.environment:create_environment_scripts_only(odom_pkg)
[3.858s] INFO:colcon.colcon_core.shell:Creating package script '/home/daniel/robotica/ros2_ws_2402/install/odom_pkg/share/odom_pkg/package.ps1'
[3.859s] INFO:colcon.colcon_core.shell:Creating package descriptor '/home/daniel/robotica/ros2_ws_2402/install/odom_pkg/share/odom_pkg/package.dsv'
[3.859s] INFO:colcon.colcon_core.shell:Creating package script '/home/daniel/robotica/ros2_ws_2402/install/odom_pkg/share/odom_pkg/package.sh'
[3.860s] INFO:colcon.colcon_core.shell:Creating package script '/home/daniel/robotica/ros2_ws_2402/install/odom_pkg/share/odom_pkg/package.bash'
[3.860s] INFO:colcon.colcon_core.shell:Creating package script '/home/daniel/robotica/ros2_ws_2402/install/odom_pkg/share/odom_pkg/package.zsh'
[3.861s] Level 1:colcon.colcon_core.environment:create_file_with_runtime_dependencies(/home/daniel/robotica/ros2_ws_2402/install/odom_pkg/share/colcon-core/packages/odom_pkg)
[3.877s] Level 1:colcon.colcon_core.environment:checking '/home/daniel/robotica/ros2_ws_2402/install/turtle_move_pkg_gbb' for CMake module files
[3.878s] DEBUG:colcon.colcon_core.event_handler.log_command:Invoked command in '/home/daniel/robotica/ros2_ws_2402/src/turtle_move_pkg_gbb' returned '0': PYTHONPATH=/home/daniel/robotica/ros2_ws_2402/build/turtle_move_pkg_gbb/prefix_override:/usr/lib/python3/dist-packages/colcon_core/task/python/colcon_distutils_commands:/home/daniel/robotica/ros2_ws_2402/install/turtle_move_pkg_gbb/lib/python3.10/site-packages:${PYTHONPATH} /usr/bin/python3 -W ignore:setup.py install is deprecated setup.py egg_info --egg-base ../../build/turtle_move_pkg_gbb build --build-base /home/daniel/robotica/ros2_ws_2402/build/turtle_move_pkg_gbb/build install --record /home/daniel/robotica/ros2_ws_2402/build/turtle_move_pkg_gbb/install.log --single-version-externally-managed install_data
[3.878s] Level 1:colcon.colcon_core.environment:checking '/home/daniel/robotica/ros2_ws_2402/install/turtle_move_pkg_gbb' for CMake config files
[3.879s] Level 1:colcon.colcon_core.environment:checking '/home/daniel/robotica/ros2_ws_2402/install/turtle_move_pkg_gbb/lib'
[3.879s] Level 1:colcon.colcon_core.environment:checking '/home/daniel/robotica/ros2_ws_2402/install/turtle_move_pkg_gbb/bin'
[3.879s] Level 1:colcon.colcon_core.environment:checking '/home/daniel/robotica/ros2_ws_2402/install/turtle_move_pkg_gbb/lib/pkgconfig/turtle_move_pkg_gbb.pc'
[3.880s] Level 1:colcon.colcon_core.environment:checking '/home/daniel/robotica/ros2_ws_2402/install/turtle_move_pkg_gbb/lib/python3.10/site-packages'
[3.880s] Level 1:colcon.colcon_core.shell:create_environment_hook('turtle_move_pkg_gbb', 'pythonpath')
[3.880s] INFO:colcon.colcon_core.shell:Creating environment hook '/home/daniel/robotica/ros2_ws_2402/install/turtle_move_pkg_gbb/share/turtle_move_pkg_gbb/hook/pythonpath.ps1'
[3.881s] INFO:colcon.colcon_core.shell:Creating environment descriptor '/home/daniel/robotica/ros2_ws_2402/install/turtle_move_pkg_gbb/share/turtle_move_pkg_gbb/hook/pythonpath.dsv'
[3.881s] INFO:colcon.colcon_core.shell:Creating environment hook '/home/daniel/robotica/ros2_ws_2402/install/turtle_move_pkg_gbb/share/turtle_move_pkg_gbb/hook/pythonpath.sh'
[3.882s] Level 1:colcon.colcon_core.environment:checking '/home/daniel/robotica/ros2_ws_2402/install/turtle_move_pkg_gbb/bin'
[3.882s] Level 1:colcon.colcon_core.environment:create_environment_scripts_only(turtle_move_pkg_gbb)
[3.882s] INFO:colcon.colcon_core.shell:Creating package script '/home/daniel/robotica/ros2_ws_2402/install/turtle_move_pkg_gbb/share/turtle_move_pkg_gbb/package.ps1'
[3.883s] INFO:colcon.colcon_core.shell:Creating package descriptor '/home/daniel/robotica/ros2_ws_2402/install/turtle_move_pkg_gbb/share/turtle_move_pkg_gbb/package.dsv'
[3.883s] INFO:colcon.colcon_core.shell:Creating package script '/home/daniel/robotica/ros2_ws_2402/install/turtle_move_pkg_gbb/share/turtle_move_pkg_gbb/package.sh'
[3.884s] INFO:colcon.colcon_core.shell:Creating package script '/home/daniel/robotica/ros2_ws_2402/install/turtle_move_pkg_gbb/share/turtle_move_pkg_gbb/package.bash'
[3.884s] INFO:colcon.colcon_core.shell:Creating package script '/home/daniel/robotica/ros2_ws_2402/install/turtle_move_pkg_gbb/share/turtle_move_pkg_gbb/package.zsh'
[3.885s] Level 1:colcon.colcon_core.environment:create_file_with_runtime_dependencies(/home/daniel/robotica/ros2_ws_2402/install/turtle_move_pkg_gbb/share/colcon-core/packages/turtle_move_pkg_gbb)
[3.885s] DEBUG:colcon.colcon_parallel_executor.executor.parallel:closing loop
[3.885s] DEBUG:colcon.colcon_parallel_executor.executor.parallel:loop closed
[3.885s] DEBUG:colcon.colcon_parallel_executor.executor.parallel:run_until_complete finished with '0'
[3.885s] DEBUG:colcon.colcon_core.event_reactor:joining thread
[3.894s] INFO:colcon.colcon_core.plugin_system:Skipping extension 'colcon_notification.desktop_notification.terminal_notifier': Not used on non-Darwin systems
[3.895s] INFO:colcon.colcon_core.plugin_system:Skipping extension 'colcon_notification.desktop_notification.win32': Not used on non-Windows systems
[3.895s] INFO:colcon.colcon_notification.desktop_notification:Sending desktop notification using 'notify2'
[3.909s] DEBUG:colcon.colcon_core.event_reactor:joined thread
[3.909s] INFO:colcon.colcon_core.shell:Creating prefix script '/home/daniel/robotica/ros2_ws_2402/install/local_setup.ps1'
[3.911s] INFO:colcon.colcon_core.shell:Creating prefix util module '/home/daniel/robotica/ros2_ws_2402/install/_local_setup_util_ps1.py'
[3.912s] INFO:colcon.colcon_core.shell:Creating prefix chain script '/home/daniel/robotica/ros2_ws_2402/install/setup.ps1'
[3.914s] INFO:colcon.colcon_core.shell:Creating prefix script '/home/daniel/robotica/ros2_ws_2402/install/local_setup.sh'
[3.915s] INFO:colcon.colcon_core.shell:Creating prefix util module '/home/daniel/robotica/ros2_ws_2402/install/_local_setup_util_sh.py'
[3.916s] INFO:colcon.colcon_core.shell:Creating prefix chain script '/home/daniel/robotica/ros2_ws_2402/install/setup.sh'
[3.918s] INFO:colcon.colcon_core.shell:Creating prefix script '/home/daniel/robotica/ros2_ws_2402/install/local_setup.bash'
[3.920s] INFO:colcon.colcon_core.shell:Creating prefix chain script '/home/daniel/robotica/ros2_ws_2402/install/setup.bash'
[3.921s] INFO:colcon.colcon_core.shell:Creating prefix script '/home/daniel/robotica/ros2_ws_2402/install/local_setup.zsh'
[3.922s] INFO:colcon.colcon_core.shell:Creating prefix chain script '/home/daniel/robotica/ros2_ws_2402/install/setup.zsh'
