[0.527s] Invoking command in '/home/daniel/robotica/ros2_ws_2402/src/odom_pkg': PYTHONPATH=/home/daniel/robotica/ros2_ws_2402/build/odom_pkg/prefix_override:/usr/lib/python3/dist-packages/colcon_core/task/python/colcon_distutils_commands:/home/daniel/robotica/ros2_ws_2402/install/odom_pkg/lib/python3.10/site-packages:${PYTHONPATH} /usr/bin/python3 -W ignore:setup.py install is deprecated setup.py egg_info --egg-base ../../build/odom_pkg build --build-base /home/daniel/robotica/ros2_ws_2402/build/odom_pkg/build install --record /home/daniel/robotica/ros2_ws_2402/build/odom_pkg/install.log --single-version-externally-managed install_data
[0.735s] running egg_info
[0.736s] writing ../../build/odom_pkg/odom_pkg.egg-info/PKG-INFO
[0.736s] writing dependency_links to ../../build/odom_pkg/odom_pkg.egg-info/dependency_links.txt
[0.736s] writing entry points to ../../build/odom_pkg/odom_pkg.egg-info/entry_points.txt
[0.737s] writing requirements to ../../build/odom_pkg/odom_pkg.egg-info/requires.txt
[0.737s] writing top-level names to ../../build/odom_pkg/odom_pkg.egg-info/top_level.txt
[0.738s] reading manifest file '../../build/odom_pkg/odom_pkg.egg-info/SOURCES.txt'
[0.739s] writing manifest file '../../build/odom_pkg/odom_pkg.egg-info/SOURCES.txt'
[0.739s] running build
[0.739s] running build_py
[0.739s] copying odom_pkg/odom_node.py -> /home/daniel/robotica/ros2_ws_2402/build/odom_pkg/build/lib/odom_pkg
[0.739s] running install
[0.739s] running install_lib
[0.740s] copying /home/daniel/robotica/ros2_ws_2402/build/odom_pkg/build/lib/odom_pkg/odom_node.py -> /home/daniel/robotica/ros2_ws_2402/install/odom_pkg/lib/python3.10/site-packages/odom_pkg
[0.740s] byte-compiling /home/daniel/robotica/ros2_ws_2402/install/odom_pkg/lib/python3.10/site-packages/odom_pkg/odom_node.py to odom_node.cpython-310.pyc
[0.741s] running install_data
[0.741s] running install_egg_info
[0.742s] removing '/home/daniel/robotica/ros2_ws_2402/install/odom_pkg/lib/python3.10/site-packages/odom_pkg-0.0.0-py3.10.egg-info' (and everything under it)
[0.743s] Copying ../../build/odom_pkg/odom_pkg.egg-info to /home/daniel/robotica/ros2_ws_2402/install/odom_pkg/lib/python3.10/site-packages/odom_pkg-0.0.0-py3.10.egg-info
[0.743s] running install_scripts
[0.761s] Installing odom script to /home/daniel/robotica/ros2_ws_2402/install/odom_pkg/lib/odom_pkg
[0.761s] writing list of installed files to '/home/daniel/robotica/ros2_ws_2402/build/odom_pkg/install.log'
[0.782s] Invoked command in '/home/daniel/robotica/ros2_ws_2402/src/odom_pkg' returned '0': PYTHONPATH=/home/daniel/robotica/ros2_ws_2402/build/odom_pkg/prefix_override:/usr/lib/python3/dist-packages/colcon_core/task/python/colcon_distutils_commands:/home/daniel/robotica/ros2_ws_2402/install/odom_pkg/lib/python3.10/site-packages:${PYTHONPATH} /usr/bin/python3 -W ignore:setup.py install is deprecated setup.py egg_info --egg-base ../../build/odom_pkg build --build-base /home/daniel/robotica/ros2_ws_2402/build/odom_pkg/build install --record /home/daniel/robotica/ros2_ws_2402/build/odom_pkg/install.log --single-version-externally-managed install_data
