[2.588s] Invoking command in '/home/daniel/robotica/ros2_ws_2402/src/car_move_pkg_gbb': PYTHONPATH=/home/daniel/robotica/ros2_ws_2402/build/car_move_pkg_gbb/prefix_override:/usr/lib/python3/dist-packages/colcon_core/task/python/colcon_distutils_commands:/home/daniel/robotica/ros2_ws_2402/install/car_move_pkg_gbb/lib/python3.10/site-packages:${PYTHONPATH} /usr/bin/python3 -W ignore:setup.py install is deprecated setup.py egg_info --egg-base ../../build/car_move_pkg_gbb build --build-base /home/daniel/robotica/ros2_ws_2402/build/car_move_pkg_gbb/build install --record /home/daniel/robotica/ros2_ws_2402/build/car_move_pkg_gbb/install.log --single-version-externally-managed install_data
[3.103s] running egg_info
[3.103s] writing ../../build/car_move_pkg_gbb/car_move_pkg_gbb.egg-info/PKG-INFO
[3.103s] writing dependency_links to ../../build/car_move_pkg_gbb/car_move_pkg_gbb.egg-info/dependency_links.txt
[3.103s] writing entry points to ../../build/car_move_pkg_gbb/car_move_pkg_gbb.egg-info/entry_points.txt
[3.103s] writing requirements to ../../build/car_move_pkg_gbb/car_move_pkg_gbb.egg-info/requires.txt
[3.103s] writing top-level names to ../../build/car_move_pkg_gbb/car_move_pkg_gbb.egg-info/top_level.txt
[3.108s] reading manifest file '../../build/car_move_pkg_gbb/car_move_pkg_gbb.egg-info/SOURCES.txt'
[3.109s] writing manifest file '../../build/car_move_pkg_gbb/car_move_pkg_gbb.egg-info/SOURCES.txt'
[3.109s] running build
[3.109s] running build_py
[3.110s] copying car_move_pkg_gbb/car_move_node.py -> /home/daniel/robotica/ros2_ws_2402/build/car_move_pkg_gbb/build/lib/car_move_pkg_gbb
[3.110s] running install
[3.110s] running install_lib
[3.113s] copying /home/daniel/robotica/ros2_ws_2402/build/car_move_pkg_gbb/build/lib/car_move_pkg_gbb/car_move_node.py -> /home/daniel/robotica/ros2_ws_2402/install/car_move_pkg_gbb/lib/python3.10/site-packages/car_move_pkg_gbb
[3.113s] byte-compiling /home/daniel/robotica/ros2_ws_2402/install/car_move_pkg_gbb/lib/python3.10/site-packages/car_move_pkg_gbb/car_move_node.py to car_move_node.cpython-310.pyc
[3.120s] running install_data
[3.120s] running install_egg_info
[3.125s] removing '/home/daniel/robotica/ros2_ws_2402/install/car_move_pkg_gbb/lib/python3.10/site-packages/car_move_pkg_gbb-0.0.0-py3.10.egg-info' (and everything under it)
[3.125s] Copying ../../build/car_move_pkg_gbb/car_move_pkg_gbb.egg-info to /home/daniel/robotica/ros2_ws_2402/install/car_move_pkg_gbb/lib/python3.10/site-packages/car_move_pkg_gbb-0.0.0-py3.10.egg-info
[3.127s] running install_scripts
[3.186s] Installing car_move_node script to /home/daniel/robotica/ros2_ws_2402/install/car_move_pkg_gbb/lib/car_move_pkg_gbb
[3.187s] writing list of installed files to '/home/daniel/robotica/ros2_ws_2402/build/car_move_pkg_gbb/install.log'
[3.353s] Invoked command in '/home/daniel/robotica/ros2_ws_2402/src/car_move_pkg_gbb' returned '0': PYTHONPATH=/home/daniel/robotica/ros2_ws_2402/build/car_move_pkg_gbb/prefix_override:/usr/lib/python3/dist-packages/colcon_core/task/python/colcon_distutils_commands:/home/daniel/robotica/ros2_ws_2402/install/car_move_pkg_gbb/lib/python3.10/site-packages:${PYTHONPATH} /usr/bin/python3 -W ignore:setup.py install is deprecated setup.py egg_info --egg-base ../../build/car_move_pkg_gbb build --build-base /home/daniel/robotica/ros2_ws_2402/build/car_move_pkg_gbb/build install --record /home/daniel/robotica/ros2_ws_2402/build/car_move_pkg_gbb/install.log --single-version-externally-managed install_data
