running egg_info
writing ../../build/odom_pkg/odom_pkg.egg-info/PKG-INFO
writing dependency_links to ../../build/odom_pkg/odom_pkg.egg-info/dependency_links.txt
writing entry points to ../../build/odom_pkg/odom_pkg.egg-info/entry_points.txt
writing requirements to ../../build/odom_pkg/odom_pkg.egg-info/requires.txt
writing top-level names to ../../build/odom_pkg/odom_pkg.egg-info/top_level.txt
reading manifest file '../../build/odom_pkg/odom_pkg.egg-info/SOURCES.txt'
writing manifest file '../../build/odom_pkg/odom_pkg.egg-info/SOURCES.txt'
running build
running build_py
copying odom_pkg/odom_node.py -> /home/daniel/robotica/ros2_ws_2402/build/odom_pkg/build/lib/odom_pkg
running install
running install_lib
copying /home/daniel/robotica/ros2_ws_2402/build/odom_pkg/build/lib/odom_pkg/odom_node.py -> /home/daniel/robotica/ros2_ws_2402/install/odom_pkg/lib/python3.10/site-packages/odom_pkg
byte-compiling /home/daniel/robotica/ros2_ws_2402/install/odom_pkg/lib/python3.10/site-packages/odom_pkg/odom_node.py to odom_node.cpython-310.pyc
running install_data
running install_egg_info
removing '/home/daniel/robotica/ros2_ws_2402/install/odom_pkg/lib/python3.10/site-packages/odom_pkg-0.0.0-py3.10.egg-info' (and everything under it)
Copying ../../build/odom_pkg/odom_pkg.egg-info to /home/daniel/robotica/ros2_ws_2402/install/odom_pkg/lib/python3.10/site-packages/odom_pkg-0.0.0-py3.10.egg-info
running install_scripts
Installing odom script to /home/daniel/robotica/ros2_ws_2402/install/odom_pkg/lib/odom_pkg
writing list of installed files to '/home/daniel/robotica/ros2_ws_2402/build/odom_pkg/install.log'
