[1.062s] Invoking command in '/home/daniel/robotica/ros2_ws_2402/src/modelrobot_pkg_gbb': PYTHONPATH=/home/daniel/robotica/ros2_ws_2402/build/modelrobot_pkg_gbb/prefix_override:/usr/lib/python3/dist-packages/colcon_core/task/python/colcon_distutils_commands:/home/daniel/robotica/ros2_ws_2402/install/modelrobot_pkg_gbb/lib/python3.10/site-packages:${PYTHONPATH} /usr/bin/python3 -W ignore:setup.py install is deprecated setup.py egg_info --egg-base ../../build/modelrobot_pkg_gbb build --build-base /home/daniel/robotica/ros2_ws_2402/build/modelrobot_pkg_gbb/build install --record /home/daniel/robotica/ros2_ws_2402/build/modelrobot_pkg_gbb/install.log --single-version-externally-managed install_data
[1.299s] running egg_info
[1.300s] writing ../../build/modelrobot_pkg_gbb/modelrobot_pkg_gbb.egg-info/PKG-INFO
[1.300s] writing dependency_links to ../../build/modelrobot_pkg_gbb/modelrobot_pkg_gbb.egg-info/dependency_links.txt
[1.300s] writing entry points to ../../build/modelrobot_pkg_gbb/modelrobot_pkg_gbb.egg-info/entry_points.txt
[1.300s] writing requirements to ../../build/modelrobot_pkg_gbb/modelrobot_pkg_gbb.egg-info/requires.txt
[1.300s] writing top-level names to ../../build/modelrobot_pkg_gbb/modelrobot_pkg_gbb.egg-info/top_level.txt
[1.302s] reading manifest file '../../build/modelrobot_pkg_gbb/modelrobot_pkg_gbb.egg-info/SOURCES.txt'
[1.303s] writing manifest file '../../build/modelrobot_pkg_gbb/modelrobot_pkg_gbb.egg-info/SOURCES.txt'
[1.303s] running build
[1.303s] running build_py
[1.304s] running install
[1.304s] running install_lib
[1.305s] running install_data
[1.305s] copying model/robot_car_gbb.urdf.xacro -> /home/daniel/robotica/ros2_ws_2402/install/modelrobot_pkg_gbb/share/modelrobot_pkg_gbb/model
[1.305s] running install_egg_info
[1.307s] removing '/home/daniel/robotica/ros2_ws_2402/install/modelrobot_pkg_gbb/lib/python3.10/site-packages/modelrobot_pkg_gbb-0.0.0-py3.10.egg-info' (and everything under it)
[1.307s] Copying ../../build/modelrobot_pkg_gbb/modelrobot_pkg_gbb.egg-info to /home/daniel/robotica/ros2_ws_2402/install/modelrobot_pkg_gbb/lib/python3.10/site-packages/modelrobot_pkg_gbb-0.0.0-py3.10.egg-info
[1.308s] running install_scripts
[1.331s] writing list of installed files to '/home/daniel/robotica/ros2_ws_2402/build/modelrobot_pkg_gbb/install.log'
[1.388s] Invoked command in '/home/daniel/robotica/ros2_ws_2402/src/modelrobot_pkg_gbb' returned '0': PYTHONPATH=/home/daniel/robotica/ros2_ws_2402/build/modelrobot_pkg_gbb/prefix_override:/usr/lib/python3/dist-packages/colcon_core/task/python/colcon_distutils_commands:/home/daniel/robotica/ros2_ws_2402/install/modelrobot_pkg_gbb/lib/python3.10/site-packages:${PYTHONPATH} /usr/bin/python3 -W ignore:setup.py install is deprecated setup.py egg_info --egg-base ../../build/modelrobot_pkg_gbb build --build-base /home/daniel/robotica/ros2_ws_2402/build/modelrobot_pkg_gbb/build install --record /home/daniel/robotica/ros2_ws_2402/build/modelrobot_pkg_gbb/install.log --single-version-externally-managed install_data
