[3.678s] Invoking command in '/home/daniel/robotica/ros2_ws_2402/src/odom_pkg': PYTHONPATH=/home/daniel/robotica/ros2_ws_2402/build/odom_pkg/prefix_override:/usr/lib/python3/dist-packages/colcon_core/task/python/colcon_distutils_commands:/home/daniel/robotica/ros2_ws_2402/install/odom_pkg/lib/python3.10/site-packages:${PYTHONPATH} /usr/bin/python3 -W ignore:setup.py install is deprecated setup.py egg_info --egg-base ../../build/odom_pkg build --build-base /home/daniel/robotica/ros2_ws_2402/build/odom_pkg/build install --record /home/daniel/robotica/ros2_ws_2402/build/odom_pkg/install.log --single-version-externally-managed install_data
[4.433s] running egg_info
[4.433s] writing ../../build/odom_pkg/odom_pkg.egg-info/PKG-INFO
[4.433s] writing dependency_links to ../../build/odom_pkg/odom_pkg.egg-info/dependency_links.txt
[4.433s] writing entry points to ../../build/odom_pkg/odom_pkg.egg-info/entry_points.txt
[4.435s] writing requirements to ../../build/odom_pkg/odom_pkg.egg-info/requires.txt
[4.436s] writing top-level names to ../../build/odom_pkg/odom_pkg.egg-info/top_level.txt
[4.436s] reading manifest file '../../build/odom_pkg/odom_pkg.egg-info/SOURCES.txt'
[4.437s] writing manifest file '../../build/odom_pkg/odom_pkg.egg-info/SOURCES.txt'
[4.437s] running build
[4.437s] running build_py
[4.437s] running install
[4.437s] running install_lib
[4.437s] running install_data
[4.437s] running install_egg_info
[4.438s] removing '/home/daniel/robotica/ros2_ws_2402/install/odom_pkg/lib/python3.10/site-packages/odom_pkg-0.0.0-py3.10.egg-info' (and everything under it)
[4.438s] Copying ../../build/odom_pkg/odom_pkg.egg-info to /home/daniel/robotica/ros2_ws_2402/install/odom_pkg/lib/python3.10/site-packages/odom_pkg-0.0.0-py3.10.egg-info
[4.438s] running install_scripts
[4.438s] Installing odom script to /home/daniel/robotica/ros2_ws_2402/install/odom_pkg/lib/odom_pkg
[4.438s] writing list of installed files to '/home/daniel/robotica/ros2_ws_2402/build/odom_pkg/install.log'
[4.548s] Invoked command in '/home/daniel/robotica/ros2_ws_2402/src/odom_pkg' returned '0': PYTHONPATH=/home/daniel/robotica/ros2_ws_2402/build/odom_pkg/prefix_override:/usr/lib/python3/dist-packages/colcon_core/task/python/colcon_distutils_commands:/home/daniel/robotica/ros2_ws_2402/install/odom_pkg/lib/python3.10/site-packages:${PYTHONPATH} /usr/bin/python3 -W ignore:setup.py install is deprecated setup.py egg_info --egg-base ../../build/odom_pkg build --build-base /home/daniel/robotica/ros2_ws_2402/build/odom_pkg/build install --record /home/daniel/robotica/ros2_ws_2402/build/odom_pkg/install.log --single-version-externally-managed install_data
