[2.749s] Invoking command in '/home/daniel/robotica/ros2_ws_2402/src/odom_pkg': PYTHONPATH=/home/daniel/robotica/ros2_ws_2402/build/odom_pkg/prefix_override:/usr/lib/python3/dist-packages/colcon_core/task/python/colcon_distutils_commands:/home/daniel/robotica/ros2_ws_2402/install/odom_pkg/lib/python3.10/site-packages:${PYTHONPATH} /usr/bin/python3 -W ignore:setup.py install is deprecated setup.py egg_info --egg-base ../../build/odom_pkg build --build-base /home/daniel/robotica/ros2_ws_2402/build/odom_pkg/build install --record /home/daniel/robotica/ros2_ws_2402/build/odom_pkg/install.log --single-version-externally-managed install_data
[3.360s] running egg_info
[3.362s] writing ../../build/odom_pkg/odom_pkg.egg-info/PKG-INFO
[3.363s] writing dependency_links to ../../build/odom_pkg/odom_pkg.egg-info/dependency_links.txt
[3.363s] writing entry points to ../../build/odom_pkg/odom_pkg.egg-info/entry_points.txt
[3.363s] writing requirements to ../../build/odom_pkg/odom_pkg.egg-info/requires.txt
[3.363s] writing top-level names to ../../build/odom_pkg/odom_pkg.egg-info/top_level.txt
[3.369s] reading manifest file '../../build/odom_pkg/odom_pkg.egg-info/SOURCES.txt'
[3.370s] writing manifest file '../../build/odom_pkg/odom_pkg.egg-info/SOURCES.txt'
[3.370s] running build
[3.370s] running build_py
[3.370s] running install
[3.370s] running install_lib
[3.372s] running install_data
[3.372s] running install_egg_info
[3.380s] removing '/home/daniel/robotica/ros2_ws_2402/install/odom_pkg/lib/python3.10/site-packages/odom_pkg-0.0.0-py3.10.egg-info' (and everything under it)
[3.381s] Copying ../../build/odom_pkg/odom_pkg.egg-info to /home/daniel/robotica/ros2_ws_2402/install/odom_pkg/lib/python3.10/site-packages/odom_pkg-0.0.0-py3.10.egg-info
[3.384s] running install_scripts
[3.464s] Installing odom script to /home/daniel/robotica/ros2_ws_2402/install/odom_pkg/lib/odom_pkg
[3.464s] writing list of installed files to '/home/daniel/robotica/ros2_ws_2402/build/odom_pkg/install.log'
[3.584s] Invoked command in '/home/daniel/robotica/ros2_ws_2402/src/odom_pkg' returned '0': PYTHONPATH=/home/daniel/robotica/ros2_ws_2402/build/odom_pkg/prefix_override:/usr/lib/python3/dist-packages/colcon_core/task/python/colcon_distutils_commands:/home/daniel/robotica/ros2_ws_2402/install/odom_pkg/lib/python3.10/site-packages:${PYTHONPATH} /usr/bin/python3 -W ignore:setup.py install is deprecated setup.py egg_info --egg-base ../../build/odom_pkg build --build-base /home/daniel/robotica/ros2_ws_2402/build/odom_pkg/build install --record /home/daniel/robotica/ros2_ws_2402/build/odom_pkg/install.log --single-version-externally-managed install_data
