running egg_info
creating ../../build/modelrobot_pkg_gbb/modelrobot_pkg_gbb.egg-info
writing ../../build/modelrobot_pkg_gbb/modelrobot_pkg_gbb.egg-info/PKG-INFO
writing dependency_links to ../../build/modelrobot_pkg_gbb/modelrobot_pkg_gbb.egg-info/dependency_links.txt
writing entry points to ../../build/modelrobot_pkg_gbb/modelrobot_pkg_gbb.egg-info/entry_points.txt
writing requirements to ../../build/modelrobot_pkg_gbb/modelrobot_pkg_gbb.egg-info/requires.txt
writing top-level names to ../../build/modelrobot_pkg_gbb/modelrobot_pkg_gbb.egg-info/top_level.txt
writing manifest file '../../build/modelrobot_pkg_gbb/modelrobot_pkg_gbb.egg-info/SOURCES.txt'
reading manifest file '../../build/modelrobot_pkg_gbb/modelrobot_pkg_gbb.egg-info/SOURCES.txt'
writing manifest file '../../build/modelrobot_pkg_gbb/modelrobot_pkg_gbb.egg-info/SOURCES.txt'
running build
running build_py
creating /home/daniel/robotica/ros2_ws_2402/build/modelrobot_pkg_gbb/build
creating /home/daniel/robotica/ros2_ws_2402/build/modelrobot_pkg_gbb/build/lib
creating /home/daniel/robotica/ros2_ws_2402/build/modelrobot_pkg_gbb/build/lib/modelrobot_pkg_gbb
copying modelrobot_pkg_gbb/__init__.py -> /home/daniel/robotica/ros2_ws_2402/build/modelrobot_pkg_gbb/build/lib/modelrobot_pkg_gbb
running install
running install_lib
creating /home/daniel/robotica/ros2_ws_2402/install/modelrobot_pkg_gbb/lib/python3.10/site-packages/modelrobot_pkg_gbb
copying /home/daniel/robotica/ros2_ws_2402/build/modelrobot_pkg_gbb/build/lib/modelrobot_pkg_gbb/__init__.py -> /home/daniel/robotica/ros2_ws_2402/install/modelrobot_pkg_gbb/lib/python3.10/site-packages/modelrobot_pkg_gbb
byte-compiling /home/daniel/robotica/ros2_ws_2402/install/modelrobot_pkg_gbb/lib/python3.10/site-packages/modelrobot_pkg_gbb/__init__.py to __init__.cpython-310.pyc
running install_data
creating /home/daniel/robotica/ros2_ws_2402/install/modelrobot_pkg_gbb/share/ament_index
creating /home/daniel/robotica/ros2_ws_2402/install/modelrobot_pkg_gbb/share/ament_index/resource_index
creating /home/daniel/robotica/ros2_ws_2402/install/modelrobot_pkg_gbb/share/ament_index/resource_index/packages
copying resource/modelrobot_pkg_gbb -> /home/daniel/robotica/ros2_ws_2402/install/modelrobot_pkg_gbb/share/ament_index/resource_index/packages
copying package.xml -> /home/daniel/robotica/ros2_ws_2402/install/modelrobot_pkg_gbb/share/modelrobot_pkg_gbb
running install_egg_info
Copying ../../build/modelrobot_pkg_gbb/modelrobot_pkg_gbb.egg-info to /home/daniel/robotica/ros2_ws_2402/install/modelrobot_pkg_gbb/lib/python3.10/site-packages/modelrobot_pkg_gbb-0.0.0-py3.10.egg-info
running install_scripts
writing list of installed files to '/home/daniel/robotica/ros2_ws_2402/build/modelrobot_pkg_gbb/install.log'
