[1.089s] Invoking command in '/home/daniel/robotica/ros2_ws_2402/src/modelrobot_pkg_gbb': PYTHONPATH=/home/daniel/robotica/ros2_ws_2402/build/modelrobot_pkg_gbb/prefix_override:/usr/lib/python3/dist-packages/colcon_core/task/python/colcon_distutils_commands:/home/daniel/robotica/ros2_ws_2402/install/modelrobot_pkg_gbb/lib/python3.10/site-packages:${PYTHONPATH} /usr/bin/python3 -W ignore:setup.py install is deprecated setup.py egg_info --egg-base ../../build/modelrobot_pkg_gbb build --build-base /home/daniel/robotica/ros2_ws_2402/build/modelrobot_pkg_gbb/build install --record /home/daniel/robotica/ros2_ws_2402/build/modelrobot_pkg_gbb/install.log --single-version-externally-managed install_data
[1.336s] running egg_info
[1.337s] creating ../../build/modelrobot_pkg_gbb/modelrobot_pkg_gbb.egg-info
[1.338s] writing ../../build/modelrobot_pkg_gbb/modelrobot_pkg_gbb.egg-info/PKG-INFO
[1.338s] writing dependency_links to ../../build/modelrobot_pkg_gbb/modelrobot_pkg_gbb.egg-info/dependency_links.txt
[1.338s] writing entry points to ../../build/modelrobot_pkg_gbb/modelrobot_pkg_gbb.egg-info/entry_points.txt
[1.339s] writing requirements to ../../build/modelrobot_pkg_gbb/modelrobot_pkg_gbb.egg-info/requires.txt
[1.339s] writing top-level names to ../../build/modelrobot_pkg_gbb/modelrobot_pkg_gbb.egg-info/top_level.txt
[1.339s] writing manifest file '../../build/modelrobot_pkg_gbb/modelrobot_pkg_gbb.egg-info/SOURCES.txt'
[1.340s] reading manifest file '../../build/modelrobot_pkg_gbb/modelrobot_pkg_gbb.egg-info/SOURCES.txt'
[1.342s] writing manifest file '../../build/modelrobot_pkg_gbb/modelrobot_pkg_gbb.egg-info/SOURCES.txt'
[1.342s] running build
[1.342s] running build_py
[1.342s] creating /home/daniel/robotica/ros2_ws_2402/build/modelrobot_pkg_gbb/build
[1.342s] creating /home/daniel/robotica/ros2_ws_2402/build/modelrobot_pkg_gbb/build/lib
[1.342s] creating /home/daniel/robotica/ros2_ws_2402/build/modelrobot_pkg_gbb/build/lib/modelrobot_pkg_gbb
[1.342s] copying modelrobot_pkg_gbb/__init__.py -> /home/daniel/robotica/ros2_ws_2402/build/modelrobot_pkg_gbb/build/lib/modelrobot_pkg_gbb
[1.343s] running install
[1.343s] running install_lib
[1.344s] creating /home/daniel/robotica/ros2_ws_2402/install/modelrobot_pkg_gbb/lib/python3.10/site-packages/modelrobot_pkg_gbb
[1.344s] copying /home/daniel/robotica/ros2_ws_2402/build/modelrobot_pkg_gbb/build/lib/modelrobot_pkg_gbb/__init__.py -> /home/daniel/robotica/ros2_ws_2402/install/modelrobot_pkg_gbb/lib/python3.10/site-packages/modelrobot_pkg_gbb
[1.344s] byte-compiling /home/daniel/robotica/ros2_ws_2402/install/modelrobot_pkg_gbb/lib/python3.10/site-packages/modelrobot_pkg_gbb/__init__.py to __init__.cpython-310.pyc
[1.345s] running install_data
[1.345s] creating /home/daniel/robotica/ros2_ws_2402/install/modelrobot_pkg_gbb/share/ament_index
[1.345s] creating /home/daniel/robotica/ros2_ws_2402/install/modelrobot_pkg_gbb/share/ament_index/resource_index
[1.345s] creating /home/daniel/robotica/ros2_ws_2402/install/modelrobot_pkg_gbb/share/ament_index/resource_index/packages
[1.346s] copying resource/modelrobot_pkg_gbb -> /home/daniel/robotica/ros2_ws_2402/install/modelrobot_pkg_gbb/share/ament_index/resource_index/packages
[1.346s] copying package.xml -> /home/daniel/robotica/ros2_ws_2402/install/modelrobot_pkg_gbb/share/modelrobot_pkg_gbb
[1.346s] running install_egg_info
[1.347s] Copying ../../build/modelrobot_pkg_gbb/modelrobot_pkg_gbb.egg-info to /home/daniel/robotica/ros2_ws_2402/install/modelrobot_pkg_gbb/lib/python3.10/site-packages/modelrobot_pkg_gbb-0.0.0-py3.10.egg-info
[1.348s] running install_scripts
[1.369s] writing list of installed files to '/home/daniel/robotica/ros2_ws_2402/build/modelrobot_pkg_gbb/install.log'
[1.435s] Invoked command in '/home/daniel/robotica/ros2_ws_2402/src/modelrobot_pkg_gbb' returned '0': PYTHONPATH=/home/daniel/robotica/ros2_ws_2402/build/modelrobot_pkg_gbb/prefix_override:/usr/lib/python3/dist-packages/colcon_core/task/python/colcon_distutils_commands:/home/daniel/robotica/ros2_ws_2402/install/modelrobot_pkg_gbb/lib/python3.10/site-packages:${PYTHONPATH} /usr/bin/python3 -W ignore:setup.py install is deprecated setup.py egg_info --egg-base ../../build/modelrobot_pkg_gbb build --build-base /home/daniel/robotica/ros2_ws_2402/build/modelrobot_pkg_gbb/build install --record /home/daniel/robotica/ros2_ws_2402/build/modelrobot_pkg_gbb/install.log --single-version-externally-managed install_data
