running egg_info
creating ../../build/joint_state_pkg_g00/joint_state_pkg_g00.egg-info
writing ../../build/joint_state_pkg_g00/joint_state_pkg_g00.egg-info/PKG-INFO
writing dependency_links to ../../build/joint_state_pkg_g00/joint_state_pkg_g00.egg-info/dependency_links.txt
writing entry points to ../../build/joint_state_pkg_g00/joint_state_pkg_g00.egg-info/entry_points.txt
writing requirements to ../../build/joint_state_pkg_g00/joint_state_pkg_g00.egg-info/requires.txt
writing top-level names to ../../build/joint_state_pkg_g00/joint_state_pkg_g00.egg-info/top_level.txt
writing manifest file '../../build/joint_state_pkg_g00/joint_state_pkg_g00.egg-info/SOURCES.txt'
reading manifest file '../../build/joint_state_pkg_g00/joint_state_pkg_g00.egg-info/SOURCES.txt'
writing manifest file '../../build/joint_state_pkg_g00/joint_state_pkg_g00.egg-info/SOURCES.txt'
running build
running build_py
creating /home/daniel/robotica/ros2_ws_2402/build/joint_state_pkg_g00/build
creating /home/daniel/robotica/ros2_ws_2402/build/joint_state_pkg_g00/build/lib
creating /home/daniel/robotica/ros2_ws_2402/build/joint_state_pkg_g00/build/lib/joint_state_pkg_g00
copying joint_state_pkg_g00/__init__.py -> /home/daniel/robotica/ros2_ws_2402/build/joint_state_pkg_g00/build/lib/joint_state_pkg_g00
copying joint_state_pkg_g00/joint_state_node.py -> /home/daniel/robotica/ros2_ws_2402/build/joint_state_pkg_g00/build/lib/joint_state_pkg_g00
running install
running install_lib
creating /home/daniel/robotica/ros2_ws_2402/install/joint_state_pkg_g00/lib/python3.10/site-packages/joint_state_pkg_g00
copying /home/daniel/robotica/ros2_ws_2402/build/joint_state_pkg_g00/build/lib/joint_state_pkg_g00/__init__.py -> /home/daniel/robotica/ros2_ws_2402/install/joint_state_pkg_g00/lib/python3.10/site-packages/joint_state_pkg_g00
copying /home/daniel/robotica/ros2_ws_2402/build/joint_state_pkg_g00/build/lib/joint_state_pkg_g00/joint_state_node.py -> /home/daniel/robotica/ros2_ws_2402/install/joint_state_pkg_g00/lib/python3.10/site-packages/joint_state_pkg_g00
byte-compiling /home/daniel/robotica/ros2_ws_2402/install/joint_state_pkg_g00/lib/python3.10/site-packages/joint_state_pkg_g00/__init__.py to __init__.cpython-310.pyc
byte-compiling /home/daniel/robotica/ros2_ws_2402/install/joint_state_pkg_g00/lib/python3.10/site-packages/joint_state_pkg_g00/joint_state_node.py to joint_state_node.cpython-310.pyc
running install_data
creating /home/daniel/robotica/ros2_ws_2402/install/joint_state_pkg_g00/share/ament_index
creating /home/daniel/robotica/ros2_ws_2402/install/joint_state_pkg_g00/share/ament_index/resource_index
creating /home/daniel/robotica/ros2_ws_2402/install/joint_state_pkg_g00/share/ament_index/resource_index/packages
copying resource/joint_state_pkg_g00 -> /home/daniel/robotica/ros2_ws_2402/install/joint_state_pkg_g00/share/ament_index/resource_index/packages
copying package.xml -> /home/daniel/robotica/ros2_ws_2402/install/joint_state_pkg_g00/share/joint_state_pkg_g00
creating /home/daniel/robotica/ros2_ws_2402/install/joint_state_pkg_g00/share/joint_state_pkg_g00/launch
copying launch/rsp.launch.py -> /home/daniel/robotica/ros2_ws_2402/install/joint_state_pkg_g00/share/joint_state_pkg_g00/launch
creating /home/daniel/robotica/ros2_ws_2402/install/joint_state_pkg_g00/share/joint_state_pkg_g00/config
creating /home/daniel/robotica/ros2_ws_2402/install/joint_state_pkg_g00/share/joint_state_pkg_g00/urdf
copying urdf/3bodies.xacro -> /home/daniel/robotica/ros2_ws_2402/install/joint_state_pkg_g00/share/joint_state_pkg_g00/urdf
running install_egg_info
Copying ../../build/joint_state_pkg_g00/joint_state_pkg_g00.egg-info to /home/daniel/robotica/ros2_ws_2402/install/joint_state_pkg_g00/lib/python3.10/site-packages/joint_state_pkg_g00-0.0.0-py3.10.egg-info
running install_scripts
Installing joint_state_node script to /home/daniel/robotica/ros2_ws_2402/install/joint_state_pkg_g00/lib/joint_state_pkg_g00
writing list of installed files to '/home/daniel/robotica/ros2_ws_2402/build/joint_state_pkg_g00/install.log'
