[2.902s] Invoking command in '/home/daniel/robotica/ros2_ws_2402/src/turtle_move_pkg_gbb': PYTHONPATH=/home/daniel/robotica/ros2_ws_2402/build/turtle_move_pkg_gbb/prefix_override:/usr/lib/python3/dist-packages/colcon_core/task/python/colcon_distutils_commands:/home/daniel/robotica/ros2_ws_2402/install/turtle_move_pkg_gbb/lib/python3.10/site-packages:${PYTHONPATH} /usr/bin/python3 -W ignore:setup.py install is deprecated setup.py egg_info --egg-base ../../build/turtle_move_pkg_gbb build --build-base /home/daniel/robotica/ros2_ws_2402/build/turtle_move_pkg_gbb/build install --record /home/daniel/robotica/ros2_ws_2402/build/turtle_move_pkg_gbb/install.log --single-version-externally-managed install_data
[3.432s] running egg_info
[3.439s] writing ../../build/turtle_move_pkg_gbb/turtle_move_pkg_gbb.egg-info/PKG-INFO
[3.439s] writing dependency_links to ../../build/turtle_move_pkg_gbb/turtle_move_pkg_gbb.egg-info/dependency_links.txt
[3.439s] writing entry points to ../../build/turtle_move_pkg_gbb/turtle_move_pkg_gbb.egg-info/entry_points.txt
[3.439s] writing requirements to ../../build/turtle_move_pkg_gbb/turtle_move_pkg_gbb.egg-info/requires.txt
[3.439s] writing top-level names to ../../build/turtle_move_pkg_gbb/turtle_move_pkg_gbb.egg-info/top_level.txt
[3.440s] reading manifest file '../../build/turtle_move_pkg_gbb/turtle_move_pkg_gbb.egg-info/SOURCES.txt'
[3.443s] writing manifest file '../../build/turtle_move_pkg_gbb/turtle_move_pkg_gbb.egg-info/SOURCES.txt'
[3.444s] running build
[3.444s] running build_py
[3.444s] running install
[3.444s] running install_lib
[3.447s] running install_data
[3.447s] running install_egg_info
[3.452s] removing '/home/daniel/robotica/ros2_ws_2402/install/turtle_move_pkg_gbb/lib/python3.10/site-packages/turtle_move_pkg_gbb-0.0.0-py3.10.egg-info' (and everything under it)
[3.452s] Copying ../../build/turtle_move_pkg_gbb/turtle_move_pkg_gbb.egg-info to /home/daniel/robotica/ros2_ws_2402/install/turtle_move_pkg_gbb/lib/python3.10/site-packages/turtle_move_pkg_gbb-0.0.0-py3.10.egg-info
[3.454s] running install_scripts
[3.550s] Installing cmdturtle script to /home/daniel/robotica/ros2_ws_2402/install/turtle_move_pkg_gbb/lib/turtle_move_pkg_gbb
[3.551s] Installing turtle_move_node_gbb script to /home/daniel/robotica/ros2_ws_2402/install/turtle_move_pkg_gbb/lib/turtle_move_pkg_gbb
[3.551s] writing list of installed files to '/home/daniel/robotica/ros2_ws_2402/build/turtle_move_pkg_gbb/install.log'
[3.650s] Invoked command in '/home/daniel/robotica/ros2_ws_2402/src/turtle_move_pkg_gbb' returned '0': PYTHONPATH=/home/daniel/robotica/ros2_ws_2402/build/turtle_move_pkg_gbb/prefix_override:/usr/lib/python3/dist-packages/colcon_core/task/python/colcon_distutils_commands:/home/daniel/robotica/ros2_ws_2402/install/turtle_move_pkg_gbb/lib/python3.10/site-packages:${PYTHONPATH} /usr/bin/python3 -W ignore:setup.py install is deprecated setup.py egg_info --egg-base ../../build/turtle_move_pkg_gbb build --build-base /home/daniel/robotica/ros2_ws_2402/build/turtle_move_pkg_gbb/build install --record /home/daniel/robotica/ros2_ws_2402/build/turtle_move_pkg_gbb/install.log --single-version-externally-managed install_data
