[1.112s] Invoking command in '/home/daniel/robotica/ros2_ws_2402/src/modelrobot_pkg_gbb': PYTHONPATH=/home/daniel/robotica/ros2_ws_2402/build/modelrobot_pkg_gbb/prefix_override:/usr/lib/python3/dist-packages/colcon_core/task/python/colcon_distutils_commands:/home/daniel/robotica/ros2_ws_2402/install/modelrobot_pkg_gbb/lib/python3.10/site-packages:${PYTHONPATH} /usr/bin/python3 -W ignore:setup.py install is deprecated setup.py egg_info --egg-base ../../build/modelrobot_pkg_gbb build --build-base /home/daniel/robotica/ros2_ws_2402/build/modelrobot_pkg_gbb/build install --record /home/daniel/robotica/ros2_ws_2402/build/modelrobot_pkg_gbb/install.log --single-version-externally-managed install_data
[1.353s] running egg_info
[1.354s] writing ../../build/modelrobot_pkg_gbb/modelrobot_pkg_gbb.egg-info/PKG-INFO
[1.355s] writing dependency_links to ../../build/modelrobot_pkg_gbb/modelrobot_pkg_gbb.egg-info/dependency_links.txt
[1.355s] writing entry points to ../../build/modelrobot_pkg_gbb/modelrobot_pkg_gbb.egg-info/entry_points.txt
[1.355s] writing requirements to ../../build/modelrobot_pkg_gbb/modelrobot_pkg_gbb.egg-info/requires.txt
[1.355s] writing top-level names to ../../build/modelrobot_pkg_gbb/modelrobot_pkg_gbb.egg-info/top_level.txt
[1.357s] reading manifest file '../../build/modelrobot_pkg_gbb/modelrobot_pkg_gbb.egg-info/SOURCES.txt'
[1.359s] writing manifest file '../../build/modelrobot_pkg_gbb/modelrobot_pkg_gbb.egg-info/SOURCES.txt'
[1.359s] running build
[1.359s] running build_py
[1.359s] running install
[1.359s] running install_lib
[1.361s] running install_data
[1.361s] copying model/robot_car_gbb.urdf.xacro -> /home/daniel/robotica/ros2_ws_2402/install/modelrobot_pkg_gbb/share/modelrobot_pkg_gbb/model
[1.362s] running install_egg_info
[1.364s] removing '/home/daniel/robotica/ros2_ws_2402/install/modelrobot_pkg_gbb/lib/python3.10/site-packages/modelrobot_pkg_gbb-0.0.0-py3.10.egg-info' (and everything under it)
[1.364s] Copying ../../build/modelrobot_pkg_gbb/modelrobot_pkg_gbb.egg-info to /home/daniel/robotica/ros2_ws_2402/install/modelrobot_pkg_gbb/lib/python3.10/site-packages/modelrobot_pkg_gbb-0.0.0-py3.10.egg-info
[1.365s] running install_scripts
[1.395s] writing list of installed files to '/home/daniel/robotica/ros2_ws_2402/build/modelrobot_pkg_gbb/install.log'
[1.437s] Invoked command in '/home/daniel/robotica/ros2_ws_2402/src/modelrobot_pkg_gbb' returned '0': PYTHONPATH=/home/daniel/robotica/ros2_ws_2402/build/modelrobot_pkg_gbb/prefix_override:/usr/lib/python3/dist-packages/colcon_core/task/python/colcon_distutils_commands:/home/daniel/robotica/ros2_ws_2402/install/modelrobot_pkg_gbb/lib/python3.10/site-packages:${PYTHONPATH} /usr/bin/python3 -W ignore:setup.py install is deprecated setup.py egg_info --egg-base ../../build/modelrobot_pkg_gbb build --build-base /home/daniel/robotica/ros2_ws_2402/build/modelrobot_pkg_gbb/build install --record /home/daniel/robotica/ros2_ws_2402/build/modelrobot_pkg_gbb/install.log --single-version-externally-managed install_data
