[1.404s] Invoking command in '/home/daniel/robotica/ros2_ws_2402/src/twist2tf2_pkg_gbb': PYTHONPATH=/home/daniel/robotica/ros2_ws_2402/build/twist2tf2_pkg_gbb/prefix_override:/usr/lib/python3/dist-packages/colcon_core/task/python/colcon_distutils_commands:/home/daniel/robotica/ros2_ws_2402/install/twist2tf2_pkg_gbb/lib/python3.10/site-packages:${PYTHONPATH} /usr/bin/python3 -W ignore:setup.py install is deprecated setup.py egg_info --egg-base ../../build/twist2tf2_pkg_gbb build --build-base /home/daniel/robotica/ros2_ws_2402/build/twist2tf2_pkg_gbb/build install --record /home/daniel/robotica/ros2_ws_2402/build/twist2tf2_pkg_gbb/install.log --single-version-externally-managed install_data
[1.676s] running egg_info
[1.676s] creating ../../build/twist2tf2_pkg_gbb/twist2tf2_pkg_gbb.egg-info
[1.677s] writing ../../build/twist2tf2_pkg_gbb/twist2tf2_pkg_gbb.egg-info/PKG-INFO
[1.678s] writing dependency_links to ../../build/twist2tf2_pkg_gbb/twist2tf2_pkg_gbb.egg-info/dependency_links.txt
[1.678s] writing entry points to ../../build/twist2tf2_pkg_gbb/twist2tf2_pkg_gbb.egg-info/entry_points.txt
[1.678s] writing requirements to ../../build/twist2tf2_pkg_gbb/twist2tf2_pkg_gbb.egg-info/requires.txt
[1.678s] writing top-level names to ../../build/twist2tf2_pkg_gbb/twist2tf2_pkg_gbb.egg-info/top_level.txt
[1.678s] writing manifest file '../../build/twist2tf2_pkg_gbb/twist2tf2_pkg_gbb.egg-info/SOURCES.txt'
[1.679s] reading manifest file '../../build/twist2tf2_pkg_gbb/twist2tf2_pkg_gbb.egg-info/SOURCES.txt'
[1.680s] writing manifest file '../../build/twist2tf2_pkg_gbb/twist2tf2_pkg_gbb.egg-info/SOURCES.txt'
[1.680s] running build
[1.680s] running build_py
[1.680s] creating /home/daniel/robotica/ros2_ws_2402/build/twist2tf2_pkg_gbb/build
[1.680s] creating /home/daniel/robotica/ros2_ws_2402/build/twist2tf2_pkg_gbb/build/lib
[1.680s] creating /home/daniel/robotica/ros2_ws_2402/build/twist2tf2_pkg_gbb/build/lib/twist2tf2_pkg_gbb
[1.680s] copying twist2tf2_pkg_gbb/__init__.py -> /home/daniel/robotica/ros2_ws_2402/build/twist2tf2_pkg_gbb/build/lib/twist2tf2_pkg_gbb
[1.681s] copying twist2tf2_pkg_gbb/twist2tf2_node_gbb.py -> /home/daniel/robotica/ros2_ws_2402/build/twist2tf2_pkg_gbb/build/lib/twist2tf2_pkg_gbb
[1.681s] running install
[1.681s] running install_lib
[1.682s] creating /home/daniel/robotica/ros2_ws_2402/install/twist2tf2_pkg_gbb/lib/python3.10/site-packages/twist2tf2_pkg_gbb
[1.682s] copying /home/daniel/robotica/ros2_ws_2402/build/twist2tf2_pkg_gbb/build/lib/twist2tf2_pkg_gbb/__init__.py -> /home/daniel/robotica/ros2_ws_2402/install/twist2tf2_pkg_gbb/lib/python3.10/site-packages/twist2tf2_pkg_gbb
[1.683s] copying /home/daniel/robotica/ros2_ws_2402/build/twist2tf2_pkg_gbb/build/lib/twist2tf2_pkg_gbb/twist2tf2_node_gbb.py -> /home/daniel/robotica/ros2_ws_2402/install/twist2tf2_pkg_gbb/lib/python3.10/site-packages/twist2tf2_pkg_gbb
[1.683s] byte-compiling /home/daniel/robotica/ros2_ws_2402/install/twist2tf2_pkg_gbb/lib/python3.10/site-packages/twist2tf2_pkg_gbb/__init__.py to __init__.cpython-310.pyc
[1.683s] byte-compiling /home/daniel/robotica/ros2_ws_2402/install/twist2tf2_pkg_gbb/lib/python3.10/site-packages/twist2tf2_pkg_gbb/twist2tf2_node_gbb.py to twist2tf2_node_gbb.cpython-310.pyc
[1.685s] running install_data
[1.685s] creating /home/daniel/robotica/ros2_ws_2402/install/twist2tf2_pkg_gbb/share/ament_index
[1.685s] creating /home/daniel/robotica/ros2_ws_2402/install/twist2tf2_pkg_gbb/share/ament_index/resource_index
[1.686s] creating /home/daniel/robotica/ros2_ws_2402/install/twist2tf2_pkg_gbb/share/ament_index/resource_index/packages
[1.686s] copying resource/twist2tf2_pkg_gbb -> /home/daniel/robotica/ros2_ws_2402/install/twist2tf2_pkg_gbb/share/ament_index/resource_index/packages
[1.686s] copying package.xml -> /home/daniel/robotica/ros2_ws_2402/install/twist2tf2_pkg_gbb/share/twist2tf2_pkg_gbb
[1.686s] running install_egg_info
[1.688s] Copying ../../build/twist2tf2_pkg_gbb/twist2tf2_pkg_gbb.egg-info to /home/daniel/robotica/ros2_ws_2402/install/twist2tf2_pkg_gbb/lib/python3.10/site-packages/twist2tf2_pkg_gbb-0.0.0-py3.10.egg-info
[1.689s] running install_scripts
[1.715s] Installing twist2tf2_node_gbb script to /home/daniel/robotica/ros2_ws_2402/install/twist2tf2_pkg_gbb/lib/twist2tf2_pkg_gbb
[1.715s] writing list of installed files to '/home/daniel/robotica/ros2_ws_2402/build/twist2tf2_pkg_gbb/install.log'
[1.819s] Invoked command in '/home/daniel/robotica/ros2_ws_2402/src/twist2tf2_pkg_gbb' returned '0': PYTHONPATH=/home/daniel/robotica/ros2_ws_2402/build/twist2tf2_pkg_gbb/prefix_override:/usr/lib/python3/dist-packages/colcon_core/task/python/colcon_distutils_commands:/home/daniel/robotica/ros2_ws_2402/install/twist2tf2_pkg_gbb/lib/python3.10/site-packages:${PYTHONPATH} /usr/bin/python3 -W ignore:setup.py install is deprecated setup.py egg_info --egg-base ../../build/twist2tf2_pkg_gbb build --build-base /home/daniel/robotica/ros2_ws_2402/build/twist2tf2_pkg_gbb/build install --record /home/daniel/robotica/ros2_ws_2402/build/twist2tf2_pkg_gbb/install.log --single-version-externally-managed install_data
