[2.295s] Invoking command in '/home/daniel/robotica/ros2_ws_2402/src/launch_pkg_gbb': PYTHONPATH=/home/daniel/robotica/ros2_ws_2402/build/launch_pkg_gbb/prefix_override:/usr/lib/python3/dist-packages/colcon_core/task/python/colcon_distutils_commands:/home/daniel/robotica/ros2_ws_2402/install/launch_pkg_gbb/lib/python3.10/site-packages:${PYTHONPATH} /usr/bin/python3 -W ignore:setup.py install is deprecated setup.py egg_info --egg-base ../../build/launch_pkg_gbb build --build-base /home/daniel/robotica/ros2_ws_2402/build/launch_pkg_gbb/build install --record /home/daniel/robotica/ros2_ws_2402/build/launch_pkg_gbb/install.log --single-version-externally-managed install_data
[2.708s] running egg_info
[2.710s] writing ../../build/launch_pkg_gbb/launch_pkg_gbb.egg-info/PKG-INFO
[2.710s] writing dependency_links to ../../build/launch_pkg_gbb/launch_pkg_gbb.egg-info/dependency_links.txt
[2.710s] writing entry points to ../../build/launch_pkg_gbb/launch_pkg_gbb.egg-info/entry_points.txt
[2.711s] writing requirements to ../../build/launch_pkg_gbb/launch_pkg_gbb.egg-info/requires.txt
[2.711s] writing top-level names to ../../build/launch_pkg_gbb/launch_pkg_gbb.egg-info/top_level.txt
[2.714s] reading manifest file '../../build/launch_pkg_gbb/launch_pkg_gbb.egg-info/SOURCES.txt'
[2.716s] writing manifest file '../../build/launch_pkg_gbb/launch_pkg_gbb.egg-info/SOURCES.txt'
[2.716s] running build
[2.716s] running build_py
[2.716s] running install
[2.717s] running install_lib
[2.725s] running install_data
[2.725s] running install_egg_info
[2.725s] removing '/home/daniel/robotica/ros2_ws_2402/install/launch_pkg_gbb/lib/python3.10/site-packages/launch_pkg_gbb-0.0.0-py3.10.egg-info' (and everything under it)
[2.728s] Copying ../../build/launch_pkg_gbb/launch_pkg_gbb.egg-info to /home/daniel/robotica/ros2_ws_2402/install/launch_pkg_gbb/lib/python3.10/site-packages/launch_pkg_gbb-0.0.0-py3.10.egg-info
[2.728s] running install_scripts
[2.765s] writing list of installed files to '/home/daniel/robotica/ros2_ws_2402/build/launch_pkg_gbb/install.log'
[2.805s] Invoked command in '/home/daniel/robotica/ros2_ws_2402/src/launch_pkg_gbb' returned '0': PYTHONPATH=/home/daniel/robotica/ros2_ws_2402/build/launch_pkg_gbb/prefix_override:/usr/lib/python3/dist-packages/colcon_core/task/python/colcon_distutils_commands:/home/daniel/robotica/ros2_ws_2402/install/launch_pkg_gbb/lib/python3.10/site-packages:${PYTHONPATH} /usr/bin/python3 -W ignore:setup.py install is deprecated setup.py egg_info --egg-base ../../build/launch_pkg_gbb build --build-base /home/daniel/robotica/ros2_ws_2402/build/launch_pkg_gbb/build install --record /home/daniel/robotica/ros2_ws_2402/build/launch_pkg_gbb/install.log --single-version-externally-managed install_data
